{"/Users/loyd/DevForge/apps/backend/src/app.controller.ts": {"path":"/Users/loyd/DevForge/apps/backend/src/app.controller.ts","statementMap":{"0":{"start":{"line":1,"column":0},"end":{"line":1,"column":49}},"1":{"start":{"line":2,"column":0},"end":{"line":2,"column":43}},"2":{"start":{"line":3,"column":0},"end":{"line":3,"column":64}},"3":{"start":{"line":4,"column":0},"end":{"line":4,"column":80}},"4":{"start":{"line":7,"column":7},"end":{"line":59,"column":null}},"5":{"start":{"line":9,"column":21},"end":{"line":9,"column":33}},"6":{"start":{"line":10,"column":21},"end":{"line":10,"column":38}},"7":{"start":{"line":15,"column":4},"end":{"line":15,"column":38}},"8":{"start":{"line":20,"column":4},"end":{"line":26,"column":6}},"9":{"start":{"line":31,"column":32},"end":{"line":36,"column":6}},"10":{"start":{"line":38,"column":38},"end":{"line":44,"column":6}},"11":{"start":{"line":47,"column":4},"end":{"line":47,"column":67}},"12":{"start":{"line":48,"column":4},"end":{"line":48,"column":73}},"13":{"start":{"line":50,"column":4},"end":{"line":57,"column":6}},"14":{"start":{"line":7,"column":13},"end":{"line":7,"column":26}},"15":{"start":{"line":14,"column":2},"end":{"line":16,"column":null}},"16":{"start":{"line":19,"column":2},"end":{"line":27,"column":null}},"17":{"start":{"line":30,"column":2},"end":{"line":58,"column":null}},"18":{"start":{"line":7,"column":13},"end":{"line":59,"column":null}}},"fnMap":{"0":{"name":"(anonymous_2)","decl":{"start":{"line":8,"column":2},"end":{"line":8,"column":null}},"loc":{"start":{"line":10,"column":53},"end":{"line":11,"column":6}}},"1":{"name":"(anonymous_3)","decl":{"start":{"line":14,"column":2},"end":{"line":14,"column":10}},"loc":{"start":{"line":14,"column":10},"end":{"line":16,"column":3}}},"2":{"name":"(anonymous_4)","decl":{"start":{"line":19,"column":2},"end":{"line":19,"column":8}},"loc":{"start":{"line":19,"column":8},"end":{"line":27,"column":3}}},"3":{"name":"(anonymous_5)","decl":{"start":{"line":30,"column":2},"end":{"line":30,"column":13}},"loc":{"start":{"line":30,"column":13},"end":{"line":58,"column":3}}}},"branchMap":{"0":{"loc":{"start":{"line":9,"column":33},"end":{"line":9,"column":null}},"type":"cond-expr","locations":[{"start":{"line":9,"column":43},"end":{"line":9,"column":null}},{"start":{"line":9,"column":43},"end":{"line":9,"column":null}}]},"1":{"loc":{"start":{"line":9,"column":33},"end":{"line":9,"column":43}},"type":"binary-expr","locations":[{"start":{"line":9,"column":33},"end":{"line":9,"column":null}},{"start":{"line":9,"column":33},"end":{"line":9,"column":43}}]},"2":{"loc":{"start":{"line":9,"column":43},"end":{"line":10,"column":null}},"type":"cond-expr","locations":[{"start":{"line":10,"column":53},"end":{"line":10,"column":null}},{"start":{"line":10,"column":53},"end":{"line":10,"column":null}}]},"3":{"loc":{"start":{"line":9,"column":43},"end":{"line":10,"column":53}},"type":"binary-expr","locations":[{"start":{"line":9,"column":43},"end":{"line":10,"column":null}},{"start":{"line":10,"column":38},"end":{"line":10,"column":53}}]}},"s":{"0":1,"1":1,"2":1,"3":1,"4":1,"5":1,"6":1,"7":1,"8":0,"9":0,"10":0,"11":0,"12":0,"13":0,"14":1,"15":1,"16":1,"17":1,"18":1},"f":{"0":1,"1":1,"2":0,"3":0},"b":{"0":[1,0],"1":[1,1],"2":[1,0],"3":[1,1]}}
,"/Users/loyd/DevForge/apps/backend/src/app.module.ts": {"path":"/Users/loyd/DevForge/apps/backend/src/app.module.ts","statementMap":{"0":{"start":{"line":1,"column":0},"end":{"line":1,"column":72}},"1":{"start":{"line":2,"column":0},"end":{"line":2,"column":46}},"2":{"start":{"line":3,"column":0},"end":{"line":3,"column":68}},"3":{"start":{"line":4,"column":0},"end":{"line":4,"column":41}},"4":{"start":{"line":5,"column":0},"end":{"line":5,"column":49}},"5":{"start":{"line":6,"column":0},"end":{"line":6,"column":43}},"6":{"start":{"line":7,"column":0},"end":{"line":7,"column":62}},"7":{"start":{"line":8,"column":0},"end":{"line":8,"column":54}},"8":{"start":{"line":9,"column":0},"end":{"line":9,"column":51}},"9":{"start":{"line":10,"column":0},"end":{"line":10,"column":56}},"10":{"start":{"line":11,"column":0},"end":{"line":11,"column":53}},"11":{"start":{"line":12,"column":0},"end":{"line":12,"column":59}},"12":{"start":{"line":13,"column":0},"end":{"line":13,"column":54}},"13":{"start":{"line":14,"column":0},"end":{"line":14,"column":48}},"14":{"start":{"line":15,"column":0},"end":{"line":15,"column":66}},"15":{"start":{"line":16,"column":0},"end":{"line":16,"column":51}},"16":{"start":{"line":17,"column":0},"end":{"line":17,"column":86}},"17":{"start":{"line":18,"column":0},"end":{"line":18,"column":62}},"18":{"start":{"line":19,"column":0},"end":{"line":19,"column":74}},"19":{"start":{"line":20,"column":0},"end":{"line":20,"column":80}},"20":{"start":{"line":21,"column":0},"end":{"line":21,"column":75}},"21":{"start":{"line":22,"column":0},"end":{"line":22,"column":74}},"22":{"start":{"line":23,"column":0},"end":{"line":23,"column":80}},"23":{"start":{"line":24,"column":0},"end":{"line":24,"column":59}},"24":{"start":{"line":25,"column":0},"end":{"line":25,"column":65}},"25":{"start":{"line":26,"column":0},"end":{"line":26,"column":68}},"26":{"start":{"line":27,"column":0},"end":{"line":27,"column":74}},"27":{"start":{"line":63,"column":7},"end":{"line":67,"column":null}},"28":{"start":{"line":65,"column":4},"end":{"line":65,"column":54}},"29":{"start":{"line":63,"column":13},"end":{"line":63,"column":22}},"30":{"start":{"line":63,"column":13},"end":{"line":67,"column":null}}},"fnMap":{"0":{"name":"(anonymous_1)","decl":{"start":{"line":64,"column":2},"end":{"line":64,"column":11}},"loc":{"start":{"line":64,"column":40},"end":{"line":66,"column":3}}}},"branchMap":{},"s":{"0":0,"1":0,"2":0,"3":0,"4":0,"5":0,"6":0,"7":0,"8":0,"9":0,"10":0,"11":0,"12":0,"13":0,"14":0,"15":0,"16":0,"17":0,"18":0,"19":0,"20":0,"21":0,"22":0,"23":0,"24":0,"25":0,"26":0,"27":0,"28":0,"29":0,"30":0},"f":{"0":0},"b":{}}
,"/Users/loyd/DevForge/apps/backend/src/app.service.ts": {"path":"/Users/loyd/DevForge/apps/backend/src/app.service.ts","statementMap":{"0":{"start":{"line":1,"column":0},"end":{"line":1,"column":44}},"1":{"start":{"line":4,"column":7},"end":{"line":8,"column":null}},"2":{"start":{"line":6,"column":4},"end":{"line":6,"column":26}},"3":{"start":{"line":4,"column":13},"end":{"line":4,"column":23}},"4":{"start":{"line":4,"column":13},"end":{"line":8,"column":null}}},"fnMap":{"0":{"name":"(anonymous_1)","decl":{"start":{"line":5,"column":2},"end":{"line":5,"column":10}},"loc":{"start":{"line":5,"column":10},"end":{"line":7,"column":3}}}},"branchMap":{},"s":{"0":1,"1":1,"2":1,"3":1,"4":1},"f":{"0":1},"b":{}}
,"/Users/loyd/DevForge/apps/backend/src/main.ts": {"path":"/Users/loyd/DevForge/apps/backend/src/main.ts","statementMap":{"0":{"start":{"line":1,"column":0},"end":{"line":1,"column":43}},"1":{"start":{"line":2,"column":0},"end":{"line":2,"column":48}},"2":{"start":{"line":3,"column":0},"end":{"line":3,"column":65}},"3":{"start":{"line":4,"column":0},"end":{"line":4,"column":28}},"4":{"start":{"line":5,"column":0},"end":{"line":5,"column":41}},"5":{"start":{"line":6,"column":0},"end":{"line":6,"column":62}},"6":{"start":{"line":7,"column":0},"end":{"line":7,"column":64}},"7":{"start":{"line":8,"column":0},"end":{"line":8,"column":77}},"8":{"start":{"line":9,"column":0},"end":{"line":9,"column":60}},"9":{"start":{"line":12,"column":14},"end":{"line":12,"column":49}},"10":{"start":{"line":15,"column":2},"end":{"line":15,"column":20}},"11":{"start":{"line":18,"column":17},"end":{"line":18,"column":40}},"12":{"start":{"line":19,"column":19},"end":{"line":19,"column":43}},"13":{"start":{"line":20,"column":2},"end":{"line":20,"column":31}},"14":{"start":{"line":21,"column":2},"end":{"line":21,"column":24}},"15":{"start":{"line":24,"column":2},"end":{"line":27,"column":5}},"16":{"start":{"line":30,"column":2},"end":{"line":30,"column":29}},"17":{"start":{"line":34,"column":2},"end":{"line":42,"column":4}},"18":{"start":{"line":45,"column":2},"end":{"line":45,"column":50}},"19":{"start":{"line":48,"column":24},"end":{"line":73,"column":12}},"20":{"start":{"line":75,"column":19},"end":{"line":75,"column":67}},"21":{"start":{"line":76,"column":2},"end":{"line":84,"column":5}},"22":{"start":{"line":86,"column":2},"end":{"line":86,"column":45}},"23":{"start":{"line":89,"column":0},"end":{"line":89,"column":17}}},"fnMap":{"0":{"name":"bootstrap","decl":{"start":{"line":11,"column":15},"end":{"line":11,"column":24}},"loc":{"start":{"line":11,"column":24},"end":{"line":87,"column":1}}}},"branchMap":{"0":{"loc":{"start":{"line":25,"column":12},"end":{"line":25,"column":63}},"type":"binary-expr","locations":[{"start":{"line":25,"column":12},"end":{"line":25,"column":36}},{"start":{"line":25,"column":40},"end":{"line":25,"column":63}}]},"1":{"loc":{"start":{"line":86,"column":19},"end":{"line":86,"column":43}},"type":"binary-expr","locations":[{"start":{"line":86,"column":19},"end":{"line":86,"column":35}},{"start":{"line":86,"column":39},"end":{"line":86,"column":43}}]}},"s":{"0":0,"1":0,"2":0,"3":0,"4":0,"5":0,"6":0,"7":0,"8":0,"9":0,"10":0,"11":0,"12":0,"13":0,"14":0,"15":0,"16":0,"17":0,"18":0,"19":0,"20":0,"21":0,"22":0,"23":0},"f":{"0":0},"b":{"0":[0,0],"1":[0,0]}}
,"/Users/loyd/DevForge/apps/backend/src/admin/admin.controller.ts": {"path":"/Users/loyd/DevForge/apps/backend/src/admin/admin.controller.ts","statementMap":{"0":{"start":{"line":1,"column":0},"end":{"line":1,"column":null}},"1":{"start":{"line":12,"column":0},"end":{"line":12,"column":57}},"2":{"start":{"line":13,"column":0},"end":{"line":13,"column":47}},"3":{"start":{"line":14,"column":0},"end":{"line":14,"column":43}},"4":{"start":{"line":15,"column":0},"end":{"line":15,"column":53}},"5":{"start":{"line":21,"column":7},"end":{"line":47,"column":null}},"6":{"start":{"line":22,"column":31},"end":{"line":22,"column":45}},"7":{"start":{"line":26,"column":4},"end":{"line":26,"column":48}},"8":{"start":{"line":31,"column":4},"end":{"line":31,"column":43}},"9":{"start":{"line":39,"column":4},"end":{"line":39,"column":58}},"10":{"start":{"line":45,"column":4},"end":{"line":45,"column":44}},"11":{"start":{"line":21,"column":13},"end":{"line":21,"column":28}},"12":{"start":{"line":25,"column":8},"end":{"line":27,"column":null}},"13":{"start":{"line":30,"column":8},"end":{"line":32,"column":null}},"14":{"start":{"line":35,"column":8},"end":{"line":40,"column":null}},"15":{"start":{"line":44,"column":8},"end":{"line":46,"column":null}},"16":{"start":{"line":21,"column":13},"end":{"line":47,"column":null}}},"fnMap":{"0":{"name":"(anonymous_13)","decl":{"start":{"line":22,"column":2},"end":{"line":22,"column":31}},"loc":{"start":{"line":22,"column":57},"end":{"line":22,"column":61}}},"1":{"name":"(anonymous_14)","decl":{"start":{"line":25,"column":8},"end":{"line":25,"column":24}},"loc":{"start":{"line":25,"column":24},"end":{"line":27,"column":3}}},"2":{"name":"(anonymous_15)","decl":{"start":{"line":30,"column":8},"end":{"line":30,"column":19}},"loc":{"start":{"line":30,"column":19},"end":{"line":32,"column":3}}},"3":{"name":"(anonymous_16)","decl":{"start":{"line":35,"column":8},"end":{"line":35,"column":22}},"loc":{"start":{"line":37,"column":46},"end":{"line":40,"column":3}}},"4":{"name":"(anonymous_17)","decl":{"start":{"line":44,"column":8},"end":{"line":44,"column":18}},"loc":{"start":{"line":44,"column":42},"end":{"line":46,"column":3}}}},"branchMap":{"0":{"loc":{"start":{"line":25,"column":28},"end":{"line":25,"column":null}},"type":"cond-expr","locations":[{"start":{"line":25,"column":35},"end":{"line":25,"column":null}},{"start":{"line":25,"column":35},"end":{"line":25,"column":null}}]},"1":{"loc":{"start":{"line":25,"column":28},"end":{"line":25,"column":35}},"type":"binary-expr","locations":[{"start":{"line":25,"column":28},"end":{"line":25,"column":null}},{"start":{"line":25,"column":28},"end":{"line":25,"column":35}}]},"2":{"loc":{"start":{"line":30,"column":23},"end":{"line":30,"column":null}},"type":"cond-expr","locations":[{"start":{"line":30,"column":30},"end":{"line":30,"column":null}},{"start":{"line":30,"column":30},"end":{"line":30,"column":null}}]},"3":{"loc":{"start":{"line":30,"column":23},"end":{"line":30,"column":30}},"type":"binary-expr","locations":[{"start":{"line":30,"column":23},"end":{"line":30,"column":null}},{"start":{"line":30,"column":23},"end":{"line":30,"column":30}}]},"4":{"loc":{"start":{"line":37,"column":17},"end":{"line":37,"column":null}},"type":"cond-expr","locations":[{"start":{"line":37,"column":46},"end":{"line":37,"column":null}},{"start":{"line":37,"column":46},"end":{"line":37,"column":null}}]},"5":{"loc":{"start":{"line":37,"column":17},"end":{"line":37,"column":46}},"type":"binary-expr","locations":[{"start":{"line":37,"column":17},"end":{"line":37,"column":29}},{"start":{"line":37,"column":17},"end":{"line":37,"column":46}}]},"6":{"loc":{"start":{"line":38,"column":5},"end":{"line":38,"column":null}},"type":"cond-expr","locations":[{"start":{"line":38,"column":12},"end":{"line":38,"column":null}},{"start":{"line":38,"column":12},"end":{"line":38,"column":null}}]},"7":{"loc":{"start":{"line":38,"column":5},"end":{"line":38,"column":12}},"type":"binary-expr","locations":[{"start":{"line":38,"column":5},"end":{"line":38,"column":null}},{"start":{"line":38,"column":5},"end":{"line":38,"column":12}}]},"8":{"loc":{"start":{"line":44,"column":45},"end":{"line":44,"column":null}},"type":"cond-expr","locations":[{"start":{"line":44,"column":52},"end":{"line":44,"column":null}},{"start":{"line":44,"column":52},"end":{"line":44,"column":null}}]},"9":{"loc":{"start":{"line":44,"column":45},"end":{"line":44,"column":52}},"type":"binary-expr","locations":[{"start":{"line":44,"column":45},"end":{"line":44,"column":null}},{"start":{"line":44,"column":45},"end":{"line":44,"column":52}}]},"10":{"loc":{"start":{"line":22,"column":45},"end":{"line":22,"column":60}},"type":"cond-expr","locations":[{"start":{"line":22,"column":57},"end":{"line":22,"column":60}},{"start":{"line":22,"column":57},"end":{"line":22,"column":60}}]},"11":{"loc":{"start":{"line":22,"column":45},"end":{"line":22,"column":57}},"type":"binary-expr","locations":[{"start":{"line":22,"column":45},"end":{"line":22,"column":60}},{"start":{"line":22,"column":45},"end":{"line":22,"column":57}}]}},"s":{"0":0,"1":0,"2":0,"3":0,"4":0,"5":0,"6":0,"7":0,"8":0,"9":0,"10":0,"11":0,"12":0,"13":0,"14":0,"15":0,"16":0},"f":{"0":0,"1":0,"2":0,"3":0,"4":0},"b":{"0":[0,0],"1":[0,0],"2":[0,0],"3":[0,0],"4":[0,0],"5":[0,0],"6":[0,0],"7":[0,0],"8":[0,0],"9":[0,0],"10":[0,0],"11":[0,0]}}
,"/Users/loyd/DevForge/apps/backend/src/admin/admin.guard.ts": {"path":"/Users/loyd/DevForge/apps/backend/src/admin/admin.guard.ts","statementMap":{"0":{"start":{"line":1,"column":0},"end":{"line":1,"column":null}},"1":{"start":{"line":7,"column":0},"end":{"line":7,"column":51}},"2":{"start":{"line":16,"column":7},"end":{"line":44,"column":null}},"3":{"start":{"line":17,"column":31},"end":{"line":17,"column":44}},"4":{"start":{"line":20,"column":20},"end":{"line":20,"column":70}},"5":{"start":{"line":21,"column":23},"end":{"line":21,"column":52}},"6":{"start":{"line":23,"column":4},"end":{"line":25,"column":5}},"7":{"start":{"line":24,"column":6},"end":{"line":24,"column":71}},"8":{"start":{"line":27,"column":28},"end":{"line":27,"column":49}},"9":{"start":{"line":28,"column":4},"end":{"line":30,"column":5}},"10":{"start":{"line":29,"column":6},"end":{"line":29,"column":75}},"11":{"start":{"line":33,"column":20},"end":{"line":33,"column":63}},"12":{"start":{"line":34,"column":4},"end":{"line":34,"column":27}},"13":{"start":{"line":36,"column":4},"end":{"line":40,"column":5}},"14":{"start":{"line":37,"column":6},"end":{"line":39,"column":8}},"15":{"start":{"line":42,"column":4},"end":{"line":42,"column":16}},"16":{"start":{"line":16,"column":13},"end":{"line":16,"column":23}},"17":{"start":{"line":16,"column":13},"end":{"line":44,"column":null}}},"fnMap":{"0":{"name":"(anonymous_2)","decl":{"start":{"line":17,"column":2},"end":{"line":17,"column":31}},"loc":{"start":{"line":17,"column":55},"end":{"line":17,"column":59}}},"1":{"name":"(anonymous_3)","decl":{"start":{"line":19,"column":2},"end":{"line":19,"column":7}},"loc":{"start":{"line":19,"column":45},"end":{"line":43,"column":3}}}},"branchMap":{"0":{"loc":{"start":{"line":23,"column":4},"end":{"line":25,"column":5}},"type":"if","locations":[{"start":{"line":23,"column":4},"end":{"line":25,"column":5}},{"start":{},"end":{}}]},"1":{"loc":{"start":{"line":28,"column":4},"end":{"line":30,"column":5}},"type":"if","locations":[{"start":{"line":28,"column":4},"end":{"line":30,"column":5}},{"start":{},"end":{}}]},"2":{"loc":{"start":{"line":28,"column":8},"end":{"line":28,"column":37}},"type":"binary-expr","locations":[{"start":{"line":28,"column":8},"end":{"line":28,"column":27}},{"start":{"line":28,"column":31},"end":{"line":28,"column":37}}]},"3":{"loc":{"start":{"line":36,"column":4},"end":{"line":40,"column":5}},"type":"if","locations":[{"start":{"line":36,"column":4},"end":{"line":40,"column":5}},{"start":{},"end":{}}]},"4":{"loc":{"start":{"line":17,"column":44},"end":{"line":17,"column":58}},"type":"cond-expr","locations":[{"start":{"line":17,"column":55},"end":{"line":17,"column":58}},{"start":{"line":17,"column":55},"end":{"line":17,"column":58}}]},"5":{"loc":{"start":{"line":17,"column":44},"end":{"line":17,"column":55}},"type":"binary-expr","locations":[{"start":{"line":17,"column":44},"end":{"line":17,"column":58}},{"start":{"line":17,"column":44},"end":{"line":17,"column":55}}]}},"s":{"0":0,"1":0,"2":0,"3":0,"4":0,"5":0,"6":0,"7":0,"8":0,"9":0,"10":0,"11":0,"12":0,"13":0,"14":0,"15":0,"16":0,"17":0},"f":{"0":0,"1":0},"b":{"0":[0,0],"1":[0,0],"2":[0,0],"3":[0,0],"4":[0,0],"5":[0,0]}}
,"/Users/loyd/DevForge/apps/backend/src/admin/admin.module.ts": {"path":"/Users/loyd/DevForge/apps/backend/src/admin/admin.module.ts","statementMap":{"0":{"start":{"line":1,"column":0},"end":{"line":1,"column":40}},"1":{"start":{"line":2,"column":0},"end":{"line":2,"column":53}},"2":{"start":{"line":3,"column":0},"end":{"line":3,"column":47}},"3":{"start":{"line":4,"column":0},"end":{"line":4,"column":49}},"4":{"start":{"line":5,"column":0},"end":{"line":5,"column":55}},"5":{"start":{"line":12,"column":7},"end":{"line":12,"column":null}},"6":{"start":{"line":12,"column":13},"end":{"line":12,"column":24}},"7":{"start":{"line":12,"column":13},"end":{"line":12,"column":null}}},"fnMap":{},"branchMap":{},"s":{"0":0,"1":0,"2":0,"3":0,"4":0,"5":0,"6":0,"7":0},"f":{},"b":{}}
,"/Users/loyd/DevForge/apps/backend/src/admin/admin.service.ts": {"path":"/Users/loyd/DevForge/apps/backend/src/admin/admin.service.ts","statementMap":{"0":{"start":{"line":1,"column":0},"end":{"line":1,"column":63}},"1":{"start":{"line":2,"column":0},"end":{"line":2,"column":57}},"2":{"start":{"line":6,"column":7},"end":{"line":107,"column":null}},"3":{"start":{"line":7,"column":22},"end":{"line":7,"column":30}},"4":{"start":{"line":13,"column":4},"end":{"line":23,"column":7}},"5":{"start":{"line":33,"column":17},"end":{"line":33,"column":77}},"6":{"start":{"line":34,"column":4},"end":{"line":34,"column":74}},"7":{"start":{"line":34,"column":15},"end":{"line":34,"column":74}},"8":{"start":{"line":36,"column":4},"end":{"line":47,"column":7}},"9":{"start":{"line":54,"column":17},"end":{"line":54,"column":77}},"10":{"start":{"line":55,"column":4},"end":{"line":55,"column":74}},"11":{"start":{"line":55,"column":15},"end":{"line":55,"column":74}},"12":{"start":{"line":57,"column":4},"end":{"line":57,"column":61}},"13":{"start":{"line":58,"column":4},"end":{"line":58,"column":29}},"14":{"start":{"line":74,"column":8},"end":{"line":94,"column":6}},"15":{"start":{"line":96,"column":4},"end":{"line":105,"column":6}},"16":{"start":{"line":6,"column":13},"end":{"line":6,"column":25}},"17":{"start":{"line":6,"column":13},"end":{"line":107,"column":null}}},"fnMap":{"0":{"name":"(anonymous_2)","decl":{"start":{"line":7,"column":2},"end":{"line":7,"column":22}},"loc":{"start":{"line":7,"column":43},"end":{"line":7,"column":47}}},"1":{"name":"(anonymous_3)","decl":{"start":{"line":12,"column":2},"end":{"line":12,"column":7}},"loc":{"start":{"line":12,"column":19},"end":{"line":24,"column":3}}},"2":{"name":"(anonymous_4)","decl":{"start":{"line":29,"column":2},"end":{"line":29,"column":7}},"loc":{"start":{"line":31,"column":31},"end":{"line":48,"column":3}}},"3":{"name":"(anonymous_5)","decl":{"start":{"line":53,"column":2},"end":{"line":53,"column":7}},"loc":{"start":{"line":53,"column":33},"end":{"line":59,"column":3}}},"4":{"name":"(anonymous_6)","decl":{"start":{"line":64,"column":2},"end":{"line":64,"column":7}},"loc":{"start":{"line":64,"column":24},"end":{"line":106,"column":3}}}},"branchMap":{"0":{"loc":{"start":{"line":34,"column":4},"end":{"line":34,"column":74}},"type":"if","locations":[{"start":{"line":34,"column":4},"end":{"line":34,"column":74}},{"start":{},"end":{}}]},"1":{"loc":{"start":{"line":55,"column":4},"end":{"line":55,"column":74}},"type":"if","locations":[{"start":{"line":55,"column":4},"end":{"line":55,"column":74}},{"start":{},"end":{}}]},"2":{"loc":{"start":{"line":7,"column":30},"end":{"line":7,"column":46}},"type":"cond-expr","locations":[{"start":{"line":7,"column":43},"end":{"line":7,"column":46}},{"start":{"line":7,"column":43},"end":{"line":7,"column":46}}]},"3":{"loc":{"start":{"line":7,"column":30},"end":{"line":7,"column":43}},"type":"binary-expr","locations":[{"start":{"line":7,"column":30},"end":{"line":7,"column":46}},{"start":{"line":7,"column":30},"end":{"line":7,"column":43}}]}},"s":{"0":0,"1":0,"2":0,"3":0,"4":0,"5":0,"6":0,"7":0,"8":0,"9":0,"10":0,"11":0,"12":0,"13":0,"14":0,"15":0,"16":0,"17":0},"f":{"0":0,"1":0,"2":0,"3":0,"4":0},"b":{"0":[0,0],"1":[0,0],"2":[0,0],"3":[0,0]}}
,"/Users/loyd/DevForge/apps/backend/src/ai-engine/ai-engine.controller.ts": {"path":"/Users/loyd/DevForge/apps/backend/src/ai-engine/ai-engine.controller.ts","statementMap":{"0":{"start":{"line":1,"column":0},"end":{"line":1,"column":null}},"1":{"start":{"line":9,"column":0},"end":{"line":9,"column":57}},"2":{"start":{"line":10,"column":0},"end":{"line":10,"column":47}},"3":{"start":{"line":11,"column":0},"end":{"line":11,"column":54}},"4":{"start":{"line":12,"column":0},"end":{"line":12,"column":48}},"5":{"start":{"line":18,"column":7},"end":{"line":28,"column":null}},"6":{"start":{"line":19,"column":31},"end":{"line":19,"column":48}},"7":{"start":{"line":26,"column":4},"end":{"line":26,"column":42}},"8":{"start":{"line":18,"column":13},"end":{"line":18,"column":31}},"9":{"start":{"line":23,"column":8},"end":{"line":27,"column":null}},"10":{"start":{"line":18,"column":13},"end":{"line":28,"column":null}}},"fnMap":{"0":{"name":"(anonymous_13)","decl":{"start":{"line":19,"column":2},"end":{"line":19,"column":31}},"loc":{"start":{"line":19,"column":63},"end":{"line":19,"column":67}}},"1":{"name":"(anonymous_14)","decl":{"start":{"line":23,"column":8},"end":{"line":23,"column":12}},"loc":{"start":{"line":24,"column":38},"end":{"line":27,"column":3}}}},"branchMap":{"0":{"loc":{"start":{"line":24,"column":17},"end":{"line":24,"column":null}},"type":"cond-expr","locations":[{"start":{"line":24,"column":38},"end":{"line":24,"column":null}},{"start":{"line":24,"column":38},"end":{"line":24,"column":null}}]},"1":{"loc":{"start":{"line":24,"column":17},"end":{"line":24,"column":38}},"type":"binary-expr","locations":[{"start":{"line":24,"column":17},"end":{"line":24,"column":26}},{"start":{"line":24,"column":17},"end":{"line":24,"column":38}}]},"2":{"loc":{"start":{"line":25,"column":5},"end":{"line":25,"column":null}},"type":"cond-expr","locations":[{"start":{"line":25,"column":12},"end":{"line":25,"column":null}},{"start":{"line":25,"column":12},"end":{"line":25,"column":null}}]},"3":{"loc":{"start":{"line":25,"column":5},"end":{"line":25,"column":12}},"type":"binary-expr","locations":[{"start":{"line":25,"column":5},"end":{"line":25,"column":null}},{"start":{"line":25,"column":5},"end":{"line":25,"column":12}}]},"4":{"loc":{"start":{"line":19,"column":48},"end":{"line":19,"column":66}},"type":"cond-expr","locations":[{"start":{"line":19,"column":63},"end":{"line":19,"column":66}},{"start":{"line":19,"column":63},"end":{"line":19,"column":66}}]},"5":{"loc":{"start":{"line":19,"column":48},"end":{"line":19,"column":63}},"type":"binary-expr","locations":[{"start":{"line":19,"column":48},"end":{"line":19,"column":66}},{"start":{"line":19,"column":48},"end":{"line":19,"column":63}}]}},"s":{"0":0,"1":0,"2":0,"3":0,"4":0,"5":0,"6":0,"7":0,"8":0,"9":0,"10":0},"f":{"0":0,"1":0},"b":{"0":[0,0],"1":[0,0],"2":[0,0],"3":[0,0],"4":[0,0],"5":[0,0]}}
,"/Users/loyd/DevForge/apps/backend/src/ai-engine/ai-engine.module.ts": {"path":"/Users/loyd/DevForge/apps/backend/src/ai-engine/ai-engine.module.ts","statementMap":{"0":{"start":{"line":1,"column":0},"end":{"line":1,"column":40}},"1":{"start":{"line":2,"column":0},"end":{"line":2,"column":60}},"2":{"start":{"line":3,"column":0},"end":{"line":3,"column":54}},"3":{"start":{"line":4,"column":0},"end":{"line":4,"column":49}},"4":{"start":{"line":12,"column":7},"end":{"line":12,"column":null}},"5":{"start":{"line":12,"column":13},"end":{"line":12,"column":27}},"6":{"start":{"line":12,"column":13},"end":{"line":12,"column":null}}},"fnMap":{},"branchMap":{},"s":{"0":0,"1":0,"2":0,"3":0,"4":0,"5":0,"6":0},"f":{},"b":{}}
,"/Users/loyd/DevForge/apps/backend/src/ai-engine/ai-engine.service.ts": {"path":"/Users/loyd/DevForge/apps/backend/src/ai-engine/ai-engine.service.ts","statementMap":{"0":{"start":{"line":1,"column":0},"end":{"line":1,"column":65}},"1":{"start":{"line":2,"column":0},"end":{"line":2,"column":26}},"2":{"start":{"line":6,"column":7},"end":{"line":315,"column":null}},"3":{"start":{"line":11,"column":73},"end":{"line":11,"column":76}},"4":{"start":{"line":14,"column":16},"end":{"line":14,"column":57}},"5":{"start":{"line":15,"column":4},"end":{"line":19,"column":5}},"6":{"start":{"line":16,"column":6},"end":{"line":18,"column":8}},"7":{"start":{"line":22,"column":25},"end":{"line":22,"column":51}},"8":{"start":{"line":23,"column":23},"end":{"line":25,"column":14}},"9":{"start":{"line":28,"column":4},"end":{"line":46,"column":5}},"10":{"start":{"line":30,"column":8},"end":{"line":30,"column":62}},"11":{"start":{"line":32,"column":8},"end":{"line":32,"column":62}},"12":{"start":{"line":34,"column":8},"end":{"line":34,"column":62}},"13":{"start":{"line":36,"column":8},"end":{"line":41,"column":10}},"14":{"start":{"line":43,"column":8},"end":{"line":45,"column":10}},"15":{"start":{"line":50,"column":4},"end":{"line":50,"column":65}},"16":{"start":{"line":50,"column":31},"end":{"line":50,"column":65}},"17":{"start":{"line":51,"column":4},"end":{"line":51,"column":65}},"18":{"start":{"line":51,"column":31},"end":{"line":51,"column":65}},"19":{"start":{"line":52,"column":4},"end":{"line":52,"column":65}},"20":{"start":{"line":52,"column":31},"end":{"line":52,"column":65}},"21":{"start":{"line":53,"column":4},"end":{"line":53,"column":73}},"22":{"start":{"line":53,"column":35},"end":{"line":53,"column":73}},"23":{"start":{"line":54,"column":4},"end":{"line":54,"column":21}},"24":{"start":{"line":58,"column":44},"end":{"line":90,"column":6}},"25":{"start":{"line":91,"column":4},"end":{"line":91,"column":44}},"26":{"start":{"line":101,"column":16},"end":{"line":101,"column":117}},"27":{"start":{"line":102,"column":27},"end":{"line":102,"column":76}},"28":{"start":{"line":104,"column":4},"end":{"line":149,"column":5}},"29":{"start":{"line":105,"column":23},"end":{"line":118,"column":null}},"30":{"start":{"line":121,"column":19},"end":{"line":121,"column":null}},"31":{"start":{"line":129,"column":27},"end":{"line":129,"column":74}},"32":{"start":{"line":131,"column":6},"end":{"line":133,"column":7}},"33":{"start":{"line":132,"column":8},"end":{"line":132,"column":67}},"34":{"start":{"line":135,"column":6},"end":{"line":138,"column":8}},"35":{"start":{"line":140,"column":25},"end":{"line":140,"column":null}},"36":{"start":{"line":145,"column":8},"end":{"line":147,"column":27}},"37":{"start":{"line":148,"column":6},"end":{"line":148,"column":64}},"38":{"start":{"line":157,"column":16},"end":{"line":157,"column":60}},"39":{"start":{"line":159,"column":4},"end":{"line":203,"column":5}},"40":{"start":{"line":160,"column":23},"end":{"line":175,"column":null}},"41":{"start":{"line":178,"column":19},"end":{"line":178,"column":null}},"42":{"start":{"line":184,"column":27},"end":{"line":184,"column":62}},"43":{"start":{"line":185,"column":6},"end":{"line":187,"column":7}},"44":{"start":{"line":186,"column":8},"end":{"line":186,"column":67}},"45":{"start":{"line":189,"column":6},"end":{"line":192,"column":8}},"46":{"start":{"line":194,"column":25},"end":{"line":194,"column":null}},"47":{"start":{"line":199,"column":8},"end":{"line":201,"column":27}},"48":{"start":{"line":202,"column":6},"end":{"line":202,"column":64}},"49":{"start":{"line":211,"column":16},"end":{"line":211,"column":55}},"50":{"start":{"line":213,"column":4},"end":{"line":256,"column":5}},"51":{"start":{"line":214,"column":23},"end":{"line":228,"column":null}},"52":{"start":{"line":231,"column":19},"end":{"line":231,"column":null}},"53":{"start":{"line":237,"column":27},"end":{"line":237,"column":50}},"54":{"start":{"line":238,"column":6},"end":{"line":240,"column":7}},"55":{"start":{"line":239,"column":8},"end":{"line":239,"column":67}},"56":{"start":{"line":242,"column":6},"end":{"line":245,"column":8}},"57":{"start":{"line":247,"column":25},"end":{"line":247,"column":null}},"58":{"start":{"line":252,"column":8},"end":{"line":254,"column":27}},"59":{"start":{"line":255,"column":6},"end":{"line":255,"column":64}},"60":{"start":{"line":265,"column":16},"end":{"line":265,"column":63}},"61":{"start":{"line":266,"column":26},"end":{"line":266,"column":70}},"62":{"start":{"line":268,"column":4},"end":{"line":313,"column":5}},"63":{"start":{"line":269,"column":23},"end":{"line":285,"column":null}},"64":{"start":{"line":288,"column":19},"end":{"line":288,"column":null}},"65":{"start":{"line":294,"column":27},"end":{"line":294,"column":62}},"66":{"start":{"line":295,"column":6},"end":{"line":297,"column":7}},"67":{"start":{"line":296,"column":8},"end":{"line":296,"column":71}},"68":{"start":{"line":299,"column":6},"end":{"line":302,"column":8}},"69":{"start":{"line":304,"column":25},"end":{"line":304,"column":null}},"70":{"start":{"line":309,"column":8},"end":{"line":311,"column":27}},"71":{"start":{"line":312,"column":6},"end":{"line":312,"column":68}},"72":{"start":{"line":6,"column":13},"end":{"line":6,"column":28}},"73":{"start":{"line":6,"column":13},"end":{"line":315,"column":null}}},"fnMap":{"0":{"name":"(anonymous_2)","decl":{"start":{"line":10,"column":2},"end":{"line":10,"column":7}},"loc":{"start":{"line":10,"column":30},"end":{"line":47,"column":3}}},"1":{"name":"(anonymous_3)","decl":{"start":{"line":49,"column":10},"end":{"line":49,"column":26}},"loc":{"start":{"line":49,"column":43},"end":{"line":55,"column":3}}},"2":{"name":"(anonymous_4)","decl":{"start":{"line":57,"column":10},"end":{"line":57,"column":25}},"loc":{"start":{"line":57,"column":38},"end":{"line":92,"column":3}}},"3":{"name":"(anonymous_5)","decl":{"start":{"line":96,"column":10},"end":{"line":96,"column":15}},"loc":{"start":{"line":99,"column":15},"end":{"line":150,"column":3}}},"4":{"name":"(anonymous_6)","decl":{"start":{"line":152,"column":10},"end":{"line":152,"column":15}},"loc":{"start":{"line":155,"column":15},"end":{"line":204,"column":3}}},"5":{"name":"(anonymous_7)","decl":{"start":{"line":206,"column":10},"end":{"line":206,"column":15}},"loc":{"start":{"line":209,"column":15},"end":{"line":257,"column":3}}},"6":{"name":"(anonymous_8)","decl":{"start":{"line":259,"column":10},"end":{"line":259,"column":15}},"loc":{"start":{"line":263,"column":28},"end":{"line":314,"column":3}}}},"branchMap":{"0":{"loc":{"start":{"line":14,"column":16},"end":{"line":14,"column":57}},"type":"binary-expr","locations":[{"start":{"line":14,"column":16},"end":{"line":14,"column":22}},{"start":{"line":14,"column":26},"end":{"line":14,"column":57}}]},"1":{"loc":{"start":{"line":15,"column":4},"end":{"line":19,"column":5}},"type":"if","locations":[{"start":{"line":15,"column":4},"end":{"line":19,"column":5}},{"start":{},"end":{}}]},"2":{"loc":{"start":{"line":23,"column":23},"end":{"line":25,"column":14}},"type":"cond-expr","locations":[{"start":{"line":24,"column":8},"end":{"line":24,"column":80}},{"start":{"line":25,"column":8},"end":{"line":25,"column":14}}]},"3":{"loc":{"start":{"line":28,"column":4},"end":{"line":46,"column":5}},"type":"switch","locations":[{"start":{"line":29,"column":6},"end":{"line":30,"column":62}},{"start":{"line":31,"column":6},"end":{"line":32,"column":62}},{"start":{"line":33,"column":6},"end":{"line":34,"column":62}},{"start":{"line":35,"column":6},"end":{"line":41,"column":10}},{"start":{"line":42,"column":6},"end":{"line":45,"column":10}}]},"4":{"loc":{"start":{"line":50,"column":4},"end":{"line":50,"column":65}},"type":"if","locations":[{"start":{"line":50,"column":4},"end":{"line":50,"column":65}},{"start":{},"end":{}}]},"5":{"loc":{"start":{"line":51,"column":4},"end":{"line":51,"column":65}},"type":"if","locations":[{"start":{"line":51,"column":4},"end":{"line":51,"column":65}},{"start":{},"end":{}}]},"6":{"loc":{"start":{"line":52,"column":4},"end":{"line":52,"column":65}},"type":"if","locations":[{"start":{"line":52,"column":4},"end":{"line":52,"column":65}},{"start":{},"end":{}}]},"7":{"loc":{"start":{"line":53,"column":4},"end":{"line":53,"column":73}},"type":"if","locations":[{"start":{"line":53,"column":4},"end":{"line":53,"column":73}},{"start":{},"end":{}}]},"8":{"loc":{"start":{"line":91,"column":11},"end":{"line":91,"column":43}},"type":"binary-expr","locations":[{"start":{"line":91,"column":11},"end":{"line":91,"column":24}},{"start":{"line":91,"column":28},"end":{"line":91,"column":43}}]},"9":{"loc":{"start":{"line":131,"column":6},"end":{"line":133,"column":7}},"type":"if","locations":[{"start":{"line":131,"column":6},"end":{"line":133,"column":7}},{"start":{},"end":{}}]},"10":{"loc":{"start":{"line":145,"column":8},"end":{"line":147,"column":27}},"type":"binary-expr","locations":[{"start":{"line":145,"column":8},"end":{"line":145,"column":49}},{"start":{"line":146,"column":8},"end":{"line":146,"column":26}},{"start":{"line":147,"column":8},"end":{"line":147,"column":27}}]},"11":{"loc":{"start":{"line":185,"column":6},"end":{"line":187,"column":7}},"type":"if","locations":[{"start":{"line":185,"column":6},"end":{"line":187,"column":7}},{"start":{},"end":{}}]},"12":{"loc":{"start":{"line":199,"column":8},"end":{"line":201,"column":27}},"type":"binary-expr","locations":[{"start":{"line":199,"column":8},"end":{"line":199,"column":49}},{"start":{"line":200,"column":8},"end":{"line":200,"column":26}},{"start":{"line":201,"column":8},"end":{"line":201,"column":27}}]},"13":{"loc":{"start":{"line":238,"column":6},"end":{"line":240,"column":7}},"type":"if","locations":[{"start":{"line":238,"column":6},"end":{"line":240,"column":7}},{"start":{},"end":{}}]},"14":{"loc":{"start":{"line":252,"column":8},"end":{"line":254,"column":27}},"type":"binary-expr","locations":[{"start":{"line":252,"column":8},"end":{"line":252,"column":49}},{"start":{"line":253,"column":8},"end":{"line":253,"column":26}},{"start":{"line":254,"column":8},"end":{"line":254,"column":27}}]},"15":{"loc":{"start":{"line":266,"column":26},"end":{"line":266,"column":70}},"type":"binary-expr","locations":[{"start":{"line":266,"column":26},"end":{"line":266,"column":41}},{"start":{"line":266,"column":45},"end":{"line":266,"column":70}}]},"16":{"loc":{"start":{"line":295,"column":6},"end":{"line":297,"column":7}},"type":"if","locations":[{"start":{"line":295,"column":6},"end":{"line":297,"column":7}},{"start":{},"end":{}}]},"17":{"loc":{"start":{"line":309,"column":8},"end":{"line":311,"column":27}},"type":"binary-expr","locations":[{"start":{"line":309,"column":8},"end":{"line":309,"column":49}},{"start":{"line":310,"column":8},"end":{"line":310,"column":26}},{"start":{"line":311,"column":8},"end":{"line":311,"column":27}}]}},"s":{"0":0,"1":0,"2":0,"3":0,"4":0,"5":0,"6":0,"7":0,"8":0,"9":0,"10":0,"11":0,"12":0,"13":0,"14":0,"15":0,"16":0,"17":0,"18":0,"19":0,"20":0,"21":0,"22":0,"23":0,"24":0,"25":0,"26":0,"27":0,"28":0,"29":0,"30":0,"31":0,"32":0,"33":0,"34":0,"35":0,"36":0,"37":0,"38":0,"39":0,"40":0,"41":0,"42":0,"43":0,"44":0,"45":0,"46":0,"47":0,"48":0,"49":0,"50":0,"51":0,"52":0,"53":0,"54":0,"55":0,"56":0,"57":0,"58":0,"59":0,"60":0,"61":0,"62":0,"63":0,"64":0,"65":0,"66":0,"67":0,"68":0,"69":0,"70":0,"71":0,"72":0,"73":0},"f":{"0":0,"1":0,"2":0,"3":0,"4":0,"5":0,"6":0},"b":{"0":[0,0],"1":[0,0],"2":[0,0],"3":[0,0,0,0,0],"4":[0,0],"5":[0,0],"6":[0,0],"7":[0,0],"8":[0,0],"9":[0,0],"10":[0,0,0],"11":[0,0],"12":[0,0,0],"13":[0,0],"14":[0,0,0],"15":[0,0],"16":[0,0],"17":[0,0,0]}}
,"/Users/loyd/DevForge/apps/backend/src/analytics-hub/analytics-hub.controller.ts": {"path":"/Users/loyd/DevForge/apps/backend/src/analytics-hub/analytics-hub.controller.ts","statementMap":{"0":{"start":{"line":1,"column":0},"end":{"line":1,"column":79}},"1":{"start":{"line":2,"column":0},"end":{"line":2,"column":57}},"2":{"start":{"line":3,"column":0},"end":{"line":3,"column":62}},"3":{"start":{"line":4,"column":0},"end":{"line":4,"column":47}},"4":{"start":{"line":14,"column":7},"end":{"line":46,"column":null}},"5":{"start":{"line":15,"column":31},"end":{"line":15,"column":42}},"6":{"start":{"line":19,"column":4},"end":{"line":19,"column":37}},"7":{"start":{"line":24,"column":4},"end":{"line":24,"column":72}},"8":{"start":{"line":29,"column":4},"end":{"line":29,"column":76}},"9":{"start":{"line":34,"column":4},"end":{"line":34,"column":49}},"10":{"start":{"line":39,"column":4},"end":{"line":39,"column":46}},"11":{"start":{"line":44,"column":4},"end":{"line":44,"column":43}},"12":{"start":{"line":14,"column":13},"end":{"line":14,"column":35}},"13":{"start":{"line":18,"column":2},"end":{"line":20,"column":null}},"14":{"start":{"line":23,"column":2},"end":{"line":25,"column":null}},"15":{"start":{"line":28,"column":2},"end":{"line":30,"column":null}},"16":{"start":{"line":33,"column":2},"end":{"line":35,"column":null}},"17":{"start":{"line":38,"column":2},"end":{"line":40,"column":null}},"18":{"start":{"line":43,"column":2},"end":{"line":45,"column":null}},"19":{"start":{"line":14,"column":13},"end":{"line":46,"column":null}}},"fnMap":{"0":{"name":"(anonymous_4)","decl":{"start":{"line":15,"column":2},"end":{"line":15,"column":31}},"loc":{"start":{"line":15,"column":61},"end":{"line":15,"column":65}}},"1":{"name":"(anonymous_5)","decl":{"start":{"line":18,"column":2},"end":{"line":18,"column":10}},"loc":{"start":{"line":18,"column":10},"end":{"line":20,"column":3}}},"2":{"name":"(anonymous_6)","decl":{"start":{"line":23,"column":2},"end":{"line":23,"column":13}},"loc":{"start":{"line":23,"column":44},"end":{"line":25,"column":3}}},"3":{"name":"(anonymous_7)","decl":{"start":{"line":28,"column":2},"end":{"line":28,"column":17}},"loc":{"start":{"line":28,"column":48},"end":{"line":30,"column":3}}},"4":{"name":"(anonymous_8)","decl":{"start":{"line":33,"column":2},"end":{"line":33,"column":22}},"loc":{"start":{"line":33,"column":22},"end":{"line":35,"column":3}}},"5":{"name":"(anonymous_9)","decl":{"start":{"line":38,"column":2},"end":{"line":38,"column":16}},"loc":{"start":{"line":38,"column":47},"end":{"line":40,"column":3}}},"6":{"name":"(anonymous_10)","decl":{"start":{"line":43,"column":2},"end":{"line":43,"column":13}},"loc":{"start":{"line":43,"column":41},"end":{"line":45,"column":3}}}},"branchMap":{"0":{"loc":{"start":{"line":24,"column":38},"end":{"line":24,"column":70}},"type":"cond-expr","locations":[{"start":{"line":24,"column":46},"end":{"line":24,"column":65}},{"start":{"line":24,"column":68},"end":{"line":24,"column":70}}]},"1":{"loc":{"start":{"line":29,"column":42},"end":{"line":29,"column":74}},"type":"cond-expr","locations":[{"start":{"line":29,"column":50},"end":{"line":29,"column":69}},{"start":{"line":29,"column":72},"end":{"line":29,"column":74}}]},"2":{"loc":{"start":{"line":15,"column":42},"end":{"line":15,"column":64}},"type":"cond-expr","locations":[{"start":{"line":15,"column":61},"end":{"line":15,"column":64}},{"start":{"line":15,"column":61},"end":{"line":15,"column":64}}]},"3":{"loc":{"start":{"line":15,"column":42},"end":{"line":15,"column":61}},"type":"binary-expr","locations":[{"start":{"line":15,"column":42},"end":{"line":15,"column":64}},{"start":{"line":15,"column":42},"end":{"line":15,"column":61}}]}},"s":{"0":0,"1":0,"2":0,"3":0,"4":0,"5":0,"6":0,"7":0,"8":0,"9":0,"10":0,"11":0,"12":0,"13":0,"14":0,"15":0,"16":0,"17":0,"18":0,"19":0},"f":{"0":0,"1":0,"2":0,"3":0,"4":0,"5":0,"6":0},"b":{"0":[0,0],"1":[0,0],"2":[0,0],"3":[0,0]}}
,"/Users/loyd/DevForge/apps/backend/src/analytics-hub/analytics-hub.module.ts": {"path":"/Users/loyd/DevForge/apps/backend/src/analytics-hub/analytics-hub.module.ts","statementMap":{"0":{"start":{"line":1,"column":0},"end":{"line":1,"column":40}},"1":{"start":{"line":2,"column":0},"end":{"line":2,"column":68}},"2":{"start":{"line":3,"column":0},"end":{"line":3,"column":62}},"3":{"start":{"line":4,"column":0},"end":{"line":4,"column":49}},"4":{"start":{"line":5,"column":0},"end":{"line":5,"column":63}},"5":{"start":{"line":13,"column":7},"end":{"line":13,"column":null}},"6":{"start":{"line":13,"column":13},"end":{"line":13,"column":31}},"7":{"start":{"line":13,"column":13},"end":{"line":13,"column":null}}},"fnMap":{},"branchMap":{},"s":{"0":0,"1":0,"2":0,"3":0,"4":0,"5":0,"6":0,"7":0},"f":{},"b":{}}
,"/Users/loyd/DevForge/apps/backend/src/analytics-hub/analytics-hub.service.ts": {"path":"/Users/loyd/DevForge/apps/backend/src/analytics-hub/analytics-hub.service.ts","statementMap":{"0":{"start":{"line":1,"column":0},"end":{"line":1,"column":44}},"1":{"start":{"line":2,"column":0},"end":{"line":2,"column":48}},"2":{"start":{"line":3,"column":0},"end":{"line":3,"column":57}},"3":{"start":{"line":13,"column":0},"end":{"line":13,"column":53}},"4":{"start":{"line":15,"column":23},"end":{"line":15,"column":27}},"5":{"start":{"line":16,"column":19},"end":{"line":16,"column":23}},"6":{"start":{"line":19,"column":7},"end":{"line":137,"column":null}},"7":{"start":{"line":20,"column":34},"end":{"line":20,"column":36}},"8":{"start":{"line":21,"column":37},"end":{"line":21,"column":39}},"9":{"start":{"line":23,"column":31},"end":{"line":23,"column":46}},"10":{"start":{"line":26,"column":4},"end":{"line":26,"column":69}},"11":{"start":{"line":30,"column":14},"end":{"line":30,"column":24}},"12":{"start":{"line":31,"column":4},"end":{"line":31,"column":27}},"13":{"start":{"line":32,"column":4},"end":{"line":32,"column":23}},"14":{"start":{"line":36,"column":25},"end":{"line":36,"column":74}},"15":{"start":{"line":37,"column":4},"end":{"line":37,"column":31}},"16":{"start":{"line":38,"column":4},"end":{"line":40,"column":5}},"17":{"start":{"line":39,"column":6},"end":{"line":39,"column":63}},"18":{"start":{"line":41,"column":4},"end":{"line":41,"column":60}},"19":{"start":{"line":42,"column":4},"end":{"line":42,"column":14}},"20":{"start":{"line":46,"column":31},"end":{"line":53,"column":6}},"21":{"start":{"line":54,"column":4},"end":{"line":54,"column":28}},"22":{"start":{"line":55,"column":4},"end":{"line":57,"column":5}},"23":{"start":{"line":56,"column":6},"end":{"line":56,"column":53}},"24":{"start":{"line":58,"column":4},"end":{"line":58,"column":56}},"25":{"start":{"line":59,"column":4},"end":{"line":59,"column":14}},"26":{"start":{"line":65,"column":4},"end":{"line":68,"column":7}},"27":{"start":{"line":73,"column":4},"end":{"line":78,"column":5}},"28":{"start":{"line":74,"column":6},"end":{"line":77,"column":9}},"29":{"start":{"line":82,"column":16},"end":{"line":82,"column":33}},"30":{"start":{"line":83,"column":21},"end":{"line":83,"column":69}},"31":{"start":{"line":83,"column":50},"end":{"line":83,"column":68}},"32":{"start":{"line":84,"column":21},"end":{"line":84,"column":66}},"33":{"start":{"line":84,"column":47},"end":{"line":84,"column":65}},"34":{"start":{"line":85,"column":27},"end":{"line":85,"column":73}},"35":{"start":{"line":85,"column":55},"end":{"line":85,"column":66}},"36":{"start":{"line":86,"column":24},"end":{"line":86,"column":76}},"37":{"start":{"line":88,"column":4},"end":{"line":95,"column":6}},"38":{"start":{"line":99,"column":19},"end":{"line":99,"column":44}},"39":{"start":{"line":100,"column":4},"end":{"line":102,"column":5}},"40":{"start":{"line":101,"column":6},"end":{"line":101,"column":58}},"41":{"start":{"line":103,"column":18},"end":{"line":103,"column":44}},"42":{"start":{"line":104,"column":4},"end":{"line":111,"column":10}},"43":{"start":{"line":105,"column":22},"end":{"line":105,"column":33}},"44":{"start":{"line":107,"column":31},"end":{"line":111,"column":8}},"45":{"start":{"line":115,"column":4},"end":{"line":115,"column":39}},"46":{"start":{"line":119,"column":16},"end":{"line":119,"column":26}},"47":{"start":{"line":120,"column":34},"end":{"line":120,"column":36}},"48":{"start":{"line":122,"column":4},"end":{"line":133,"column":5}},"49":{"start":{"line":122,"column":17},"end":{"line":122,"column":19}},"50":{"start":{"line":123,"column":20},"end":{"line":123,"column":38}},"51":{"start":{"line":124,"column":18},"end":{"line":124,"column":34}},"52":{"start":{"line":125,"column":20},"end":{"line":128,"column":8}},"53":{"start":{"line":129,"column":20},"end":{"line":131,"column":14}},"54":{"start":{"line":130,"column":15},"end":{"line":130,"column":56}},"55":{"start":{"line":132,"column":6},"end":{"line":132,"column":41}},"56":{"start":{"line":135,"column":4},"end":{"line":135,"column":17}},"57":{"start":{"line":19,"column":13},"end":{"line":19,"column":32}},"58":{"start":{"line":64,"column":2},"end":{"line":69,"column":null}},"59":{"start":{"line":72,"column":2},"end":{"line":79,"column":null}},"60":{"start":{"line":19,"column":13},"end":{"line":137,"column":null}}},"fnMap":{"0":{"name":"(anonymous_2)","decl":{"start":{"line":23,"column":2},"end":{"line":23,"column":31}},"loc":{"start":{"line":23,"column":59},"end":{"line":23,"column":63}}},"1":{"name":"(anonymous_3)","decl":{"start":{"line":25,"column":10},"end":{"line":25,"column":13}},"loc":{"start":{"line":25,"column":13},"end":{"line":27,"column":3}}},"2":{"name":"(anonymous_4)","decl":{"start":{"line":29,"column":10},"end":{"line":29,"column":20}},"loc":{"start":{"line":29,"column":20},"end":{"line":33,"column":3}}},"3":{"name":"(anonymous_5)","decl":{"start":{"line":35,"column":2},"end":{"line":35,"column":16}},"loc":{"start":{"line":35,"column":39},"end":{"line":43,"column":3}}},"4":{"name":"(anonymous_6)","decl":{"start":{"line":45,"column":2},"end":{"line":45,"column":13}},"loc":{"start":{"line":45,"column":33},"end":{"line":60,"column":3}}},"5":{"name":"(anonymous_7)","decl":{"start":{"line":64,"column":2},"end":{"line":64,"column":9}},"loc":{"start":{"line":64,"column":56},"end":{"line":69,"column":3}}},"6":{"name":"(anonymous_8)","decl":{"start":{"line":72,"column":2},"end":{"line":72,"column":11}},"loc":{"start":{"line":72,"column":42},"end":{"line":79,"column":3}}},"7":{"name":"(anonymous_9)","decl":{"start":{"line":81,"column":2},"end":{"line":81,"column":10}},"loc":{"start":{"line":81,"column":10},"end":{"line":96,"column":3}}},"8":{"name":"(anonymous_10)","decl":{"start":{"line":83,"column":43},"end":{"line":83,"column":44}},"loc":{"start":{"line":83,"column":50},"end":{"line":83,"column":68}}},"9":{"name":"(anonymous_11)","decl":{"start":{"line":84,"column":40},"end":{"line":84,"column":41}},"loc":{"start":{"line":84,"column":47},"end":{"line":84,"column":65}}},"10":{"name":"(anonymous_12)","decl":{"start":{"line":85,"column":48},"end":{"line":85,"column":49}},"loc":{"start":{"line":85,"column":55},"end":{"line":85,"column":66}}},"11":{"name":"(anonymous_13)","decl":{"start":{"line":98,"column":2},"end":{"line":98,"column":13}},"loc":{"start":{"line":98,"column":24},"end":{"line":112,"column":3}}},"12":{"name":"(anonymous_14)","decl":{"start":{"line":105,"column":12},"end":{"line":105,"column":13}},"loc":{"start":{"line":105,"column":22},"end":{"line":105,"column":33}}},"13":{"name":"(anonymous_15)","decl":{"start":{"line":107,"column":11},"end":{"line":107,"column":12}},"loc":{"start":{"line":107,"column":31},"end":{"line":111,"column":8}}},"14":{"name":"(anonymous_16)","decl":{"start":{"line":114,"column":2},"end":{"line":114,"column":17}},"loc":{"start":{"line":114,"column":28},"end":{"line":116,"column":3}}},"15":{"name":"(anonymous_17)","decl":{"start":{"line":118,"column":2},"end":{"line":118,"column":22}},"loc":{"start":{"line":118,"column":22},"end":{"line":136,"column":3}}},"16":{"name":"(anonymous_18)","decl":{"start":{"line":130,"column":8},"end":{"line":130,"column":9}},"loc":{"start":{"line":130,"column":15},"end":{"line":130,"column":56}}}},"branchMap":{"0":{"loc":{"start":{"line":38,"column":4},"end":{"line":40,"column":5}},"type":"if","locations":[{"start":{"line":38,"column":4},"end":{"line":40,"column":5}},{"start":{},"end":{}}]},"1":{"loc":{"start":{"line":49,"column":18},"end":{"line":49,"column":38}},"type":"binary-expr","locations":[{"start":{"line":49,"column":18},"end":{"line":49,"column":32}},{"start":{"line":49,"column":36},"end":{"line":49,"column":38}}]},"2":{"loc":{"start":{"line":55,"column":4},"end":{"line":57,"column":5}},"type":"if","locations":[{"start":{"line":55,"column":4},"end":{"line":57,"column":5}},{"start":{},"end":{}}]},"3":{"loc":{"start":{"line":73,"column":4},"end":{"line":78,"column":5}},"type":"if","locations":[{"start":{"line":73,"column":4},"end":{"line":78,"column":5}},{"start":{},"end":{}}]},"4":{"loc":{"start":{"line":86,"column":24},"end":{"line":86,"column":76}},"type":"binary-expr","locations":[{"start":{"line":86,"column":24},"end":{"line":86,"column":71}},{"start":{"line":86,"column":75},"end":{"line":86,"column":76}}]},"5":{"loc":{"start":{"line":98,"column":14},"end":{"line":98,"column":24}},"type":"default-arg","locations":[{"start":{"line":98,"column":22},"end":{"line":98,"column":24}}]},"6":{"loc":{"start":{"line":101,"column":27},"end":{"line":101,"column":51}},"type":"binary-expr","locations":[{"start":{"line":101,"column":27},"end":{"line":101,"column":46}},{"start":{"line":101,"column":50},"end":{"line":101,"column":51}}]},"7":{"loc":{"start":{"line":103,"column":18},"end":{"line":103,"column":44}},"type":"binary-expr","locations":[{"start":{"line":103,"column":18},"end":{"line":103,"column":39}},{"start":{"line":103,"column":43},"end":{"line":103,"column":44}}]},"8":{"loc":{"start":{"line":114,"column":18},"end":{"line":114,"column":28}},"type":"default-arg","locations":[{"start":{"line":114,"column":26},"end":{"line":114,"column":28}}]},"9":{"loc":{"start":{"line":130,"column":15},"end":{"line":130,"column":56}},"type":"binary-expr","locations":[{"start":{"line":130,"column":15},"end":{"line":130,"column":35}},{"start":{"line":130,"column":39},"end":{"line":130,"column":56}}]},"10":{"loc":{"start":{"line":23,"column":46},"end":{"line":23,"column":62}},"type":"cond-expr","locations":[{"start":{"line":23,"column":59},"end":{"line":23,"column":62}},{"start":{"line":23,"column":59},"end":{"line":23,"column":62}}]},"11":{"loc":{"start":{"line":23,"column":46},"end":{"line":23,"column":59}},"type":"binary-expr","locations":[{"start":{"line":23,"column":46},"end":{"line":23,"column":62}},{"start":{"line":23,"column":46},"end":{"line":23,"column":59}}]}},"s":{"0":1,"1":1,"2":1,"3":1,"4":1,"5":1,"6":1,"7":12,"8":12,"9":12,"10":3216,"11":4,"12":4,"13":4,"14":2114,"15":2114,"16":2114,"17":100,"18":2114,"19":2114,"20":1102,"21":1102,"22":1102,"23":100,"24":1102,"25":1102,"26":0,"27":0,"28":0,"29":4,"30":4,"31":2003,"32":4,"33":1000,"34":4,"35":2003,"36":4,"37":4,"38":2,"39":2,"40":8,"41":2,"42":2,"43":5,"44":5,"45":0,"46":2,"47":2,"48":2,"49":2,"50":48,"51":48,"52":48,"53":48,"54":24,"55":48,"56":2,"57":1,"58":1,"59":1,"60":1},"f":{"0":12,"1":3216,"2":4,"3":2114,"4":1102,"5":0,"6":0,"7":4,"8":2003,"9":1000,"10":2003,"11":2,"12":5,"13":5,"14":0,"15":2,"16":24},"b":{"0":[100,2014],"1":[1102,1101],"2":[100,1002],"3":[0,0],"4":[4,4],"5":[0],"6":[8,7],"7":[2,0],"8":[0],"9":[24,24],"10":[1,0],"11":[1,1]}}
,"/Users/loyd/DevForge/apps/backend/src/api-hub/api-hub.controller.ts": {"path":"/Users/loyd/DevForge/apps/backend/src/api-hub/api-hub.controller.ts","statementMap":{"0":{"start":{"line":1,"column":0},"end":{"line":1,"column":null}},"1":{"start":{"line":11,"column":0},"end":{"line":11,"column":57}},"2":{"start":{"line":12,"column":0},"end":{"line":12,"column":50}},"3":{"start":{"line":13,"column":0},"end":{"line":13,"column":47}},"4":{"start":{"line":14,"column":0},"end":{"line":14,"column":44}},"5":{"start":{"line":20,"column":7},"end":{"line":128,"column":null}},"6":{"start":{"line":21,"column":31},"end":{"line":21,"column":46}},"7":{"start":{"line":28,"column":4},"end":{"line":28,"column":50}},"8":{"start":{"line":33,"column":4},"end":{"line":33,"column":62}},"9":{"start":{"line":39,"column":4},"end":{"line":39,"column":72}},"10":{"start":{"line":47,"column":4},"end":{"line":47,"column":62}},"11":{"start":{"line":55,"column":4},"end":{"line":55,"column":47}},"12":{"start":{"line":70,"column":4},"end":{"line":70,"column":58}},"13":{"start":{"line":75,"column":4},"end":{"line":75,"column":53}},"14":{"start":{"line":81,"column":4},"end":{"line":81,"column":52}},"15":{"start":{"line":86,"column":4},"end":{"line":86,"column":52}},"16":{"start":{"line":91,"column":4},"end":{"line":91,"column":54}},"17":{"start":{"line":97,"column":4},"end":{"line":97,"column":57}},"18":{"start":{"line":109,"column":4},"end":{"line":113,"column":6}},"19":{"start":{"line":121,"column":4},"end":{"line":121,"column":77}},"20":{"start":{"line":126,"column":4},"end":{"line":126,"column":52}},"21":{"start":{"line":20,"column":13},"end":{"line":20,"column":29}},"22":{"start":{"line":24,"column":8},"end":{"line":29,"column":null}},"23":{"start":{"line":32,"column":8},"end":{"line":34,"column":null}},"24":{"start":{"line":38,"column":2},"end":{"line":40,"column":null}},"25":{"start":{"line":43,"column":2},"end":{"line":48,"column":null}},"26":{"start":{"line":51,"column":2},"end":{"line":56,"column":null}},"27":{"start":{"line":59,"column":2},"end":{"line":71,"column":null}},"28":{"start":{"line":74,"column":2},"end":{"line":76,"column":null}},"29":{"start":{"line":80,"column":2},"end":{"line":82,"column":null}},"30":{"start":{"line":85,"column":2},"end":{"line":87,"column":null}},"31":{"start":{"line":90,"column":2},"end":{"line":92,"column":null}},"32":{"start":{"line":96,"column":2},"end":{"line":98,"column":null}},"33":{"start":{"line":101,"column":2},"end":{"line":114,"column":null}},"34":{"start":{"line":117,"column":2},"end":{"line":122,"column":null}},"35":{"start":{"line":125,"column":2},"end":{"line":127,"column":null}},"36":{"start":{"line":20,"column":13},"end":{"line":128,"column":null}}},"fnMap":{"0":{"name":"(anonymous_13)","decl":{"start":{"line":21,"column":2},"end":{"line":21,"column":31}},"loc":{"start":{"line":21,"column":59},"end":{"line":21,"column":63}}},"1":{"name":"(anonymous_14)","decl":{"start":{"line":24,"column":8},"end":{"line":24,"column":22}},"loc":{"start":{"line":26,"column":33},"end":{"line":29,"column":3}}},"2":{"name":"(anonymous_15)","decl":{"start":{"line":32,"column":8},"end":{"line":32,"column":22}},"loc":{"start":{"line":32,"column":60},"end":{"line":34,"column":3}}},"3":{"name":"(anonymous_16)","decl":{"start":{"line":38,"column":2},"end":{"line":38,"column":18}},"loc":{"start":{"line":38,"column":67},"end":{"line":40,"column":3}}},"4":{"name":"(anonymous_17)","decl":{"start":{"line":43,"column":2},"end":{"line":43,"column":18}},"loc":{"start":{"line":45,"column":27},"end":{"line":48,"column":3}}},"5":{"name":"(anonymous_18)","decl":{"start":{"line":51,"column":2},"end":{"line":51,"column":13}},"loc":{"start":{"line":53,"column":30},"end":{"line":56,"column":3}}},"6":{"name":"(anonymous_19)","decl":{"start":{"line":59,"column":2},"end":{"line":59,"column":20}},"loc":{"start":{"line":68,"column":5},"end":{"line":71,"column":3}}},"7":{"name":"(anonymous_20)","decl":{"start":{"line":74,"column":2},"end":{"line":74,"column":20}},"loc":{"start":{"line":74,"column":44},"end":{"line":76,"column":3}}},"8":{"name":"(anonymous_21)","decl":{"start":{"line":80,"column":2},"end":{"line":80,"column":12}},"loc":{"start":{"line":80,"column":50},"end":{"line":82,"column":3}}},"9":{"name":"(anonymous_22)","decl":{"start":{"line":85,"column":2},"end":{"line":85,"column":19}},"loc":{"start":{"line":85,"column":43},"end":{"line":87,"column":3}}},"10":{"name":"(anonymous_23)","decl":{"start":{"line":90,"column":2},"end":{"line":90,"column":14}},"loc":{"start":{"line":90,"column":52},"end":{"line":92,"column":3}}},"11":{"name":"(anonymous_24)","decl":{"start":{"line":96,"column":2},"end":{"line":96,"column":17}},"loc":{"start":{"line":96,"column":55},"end":{"line":98,"column":3}}},"12":{"name":"(anonymous_25)","decl":{"start":{"line":101,"column":2},"end":{"line":101,"column":19}},"loc":{"start":{"line":107,"column":5},"end":{"line":114,"column":3}}},"13":{"name":"(anonymous_26)","decl":{"start":{"line":117,"column":2},"end":{"line":117,"column":19}},"loc":{"start":{"line":119,"column":70},"end":{"line":122,"column":3}}},"14":{"name":"(anonymous_27)","decl":{"start":{"line":125,"column":2},"end":{"line":125,"column":19}},"loc":{"start":{"line":125,"column":43},"end":{"line":127,"column":3}}}},"branchMap":{"0":{"loc":{"start":{"line":26,"column":9},"end":{"line":26,"column":null}},"type":"cond-expr","locations":[{"start":{"line":26,"column":33},"end":{"line":26,"column":null}},{"start":{"line":26,"column":33},"end":{"line":26,"column":null}}]},"1":{"loc":{"start":{"line":26,"column":9},"end":{"line":26,"column":33}},"type":"binary-expr","locations":[{"start":{"line":26,"column":9},"end":{"line":26,"column":16}},{"start":{"line":26,"column":9},"end":{"line":26,"column":33}}]},"2":{"loc":{"start":{"line":53,"column":9},"end":{"line":53,"column":null}},"type":"cond-expr","locations":[{"start":{"line":53,"column":30},"end":{"line":53,"column":null}},{"start":{"line":53,"column":30},"end":{"line":53,"column":null}}]},"3":{"loc":{"start":{"line":53,"column":9},"end":{"line":53,"column":30}},"type":"binary-expr","locations":[{"start":{"line":53,"column":9},"end":{"line":53,"column":16}},{"start":{"line":53,"column":9},"end":{"line":53,"column":30}}]},"4":{"loc":{"start":{"line":21,"column":46},"end":{"line":21,"column":62}},"type":"cond-expr","locations":[{"start":{"line":21,"column":59},"end":{"line":21,"column":62}},{"start":{"line":21,"column":59},"end":{"line":21,"column":62}}]},"5":{"loc":{"start":{"line":21,"column":46},"end":{"line":21,"column":59}},"type":"binary-expr","locations":[{"start":{"line":21,"column":46},"end":{"line":21,"column":62}},{"start":{"line":21,"column":46},"end":{"line":21,"column":59}}]}},"s":{"0":0,"1":0,"2":0,"3":0,"4":0,"5":0,"6":0,"7":0,"8":0,"9":0,"10":0,"11":0,"12":0,"13":0,"14":0,"15":0,"16":0,"17":0,"18":0,"19":0,"20":0,"21":0,"22":0,"23":0,"24":0,"25":0,"26":0,"27":0,"28":0,"29":0,"30":0,"31":0,"32":0,"33":0,"34":0,"35":0,"36":0},"f":{"0":0,"1":0,"2":0,"3":0,"4":0,"5":0,"6":0,"7":0,"8":0,"9":0,"10":0,"11":0,"12":0,"13":0,"14":0},"b":{"0":[0,0],"1":[0,0],"2":[0,0],"3":[0,0],"4":[0,0],"5":[0,0]}}
,"/Users/loyd/DevForge/apps/backend/src/api-hub/api-hub.module.ts": {"path":"/Users/loyd/DevForge/apps/backend/src/api-hub/api-hub.module.ts","statementMap":{"0":{"start":{"line":1,"column":0},"end":{"line":1,"column":40}},"1":{"start":{"line":2,"column":0},"end":{"line":2,"column":50}},"2":{"start":{"line":3,"column":0},"end":{"line":3,"column":56}},"3":{"start":{"line":9,"column":7},"end":{"line":9,"column":null}},"4":{"start":{"line":9,"column":13},"end":{"line":9,"column":25}},"5":{"start":{"line":9,"column":13},"end":{"line":9,"column":null}}},"fnMap":{},"branchMap":{},"s":{"0":0,"1":0,"2":0,"3":0,"4":0,"5":0},"f":{},"b":{}}
,"/Users/loyd/DevForge/apps/backend/src/api-hub/api-hub.service.ts": {"path":"/Users/loyd/DevForge/apps/backend/src/api-hub/api-hub.service.ts","statementMap":{"0":{"start":{"line":1,"column":0},"end":{"line":1,"column":52}},"1":{"start":{"line":2,"column":0},"end":{"line":2,"column":54}},"2":{"start":{"line":4,"column":0},"end":{"line":4,"column":26}},"3":{"start":{"line":5,"column":0},"end":{"line":5,"column":57}},"4":{"start":{"line":6,"column":0},"end":{"line":6,"column":65}},"5":{"start":{"line":8,"column":0},"end":{"line":8,"column":null}},"6":{"start":{"line":15,"column":7},"end":{"line":223,"column":null}},"7":{"start":{"line":17,"column":12},"end":{"line":17,"column":20}},"8":{"start":{"line":18,"column":12},"end":{"line":18,"column":22}},"9":{"start":{"line":19,"column":35},"end":{"line":19,"column":54}},"10":{"start":{"line":27,"column":59},"end":{"line":27,"column":62}},"11":{"start":{"line":28,"column":22},"end":{"line":28,"column":61}},"12":{"start":{"line":29,"column":22},"end":{"line":29,"column":32}},"13":{"start":{"line":32,"column":46},"end":{"line":39,"column":6}},"14":{"start":{"line":40,"column":4},"end":{"line":40,"column":67}},"15":{"start":{"line":42,"column":22},"end":{"line":42,"column":32}},"16":{"start":{"line":43,"column":21},"end":{"line":43,"column":24}},"17":{"start":{"line":44,"column":32},"end":{"line":44,"column":36}},"18":{"start":{"line":45,"column":20},"end":{"line":45,"column":21}},"19":{"start":{"line":47,"column":4},"end":{"line":66,"column":5}},"20":{"start":{"line":49,"column":23},"end":{"line":55,"column":8}},"21":{"start":{"line":54,"column":30},"end":{"line":54,"column":34}},"22":{"start":{"line":57,"column":6},"end":{"line":57,"column":35}},"23":{"start":{"line":58,"column":6},"end":{"line":58,"column":46}},"24":{"start":{"line":60,"column":6},"end":{"line":60,"column":23}},"25":{"start":{"line":61,"column":6},"end":{"line":63,"column":8}},"26":{"start":{"line":65,"column":6},"end":{"line":65,"column":41}},"27":{"start":{"line":69,"column":48},"end":{"line":75,"column":6}},"28":{"start":{"line":76,"column":4},"end":{"line":76,"column":69}},"29":{"start":{"line":79,"column":4},"end":{"line":89,"column":7}},"30":{"start":{"line":91,"column":4},"end":{"line":95,"column":6}},"31":{"start":{"line":103,"column":21},"end":{"line":103,"column":55}},"32":{"start":{"line":104,"column":23},"end":{"line":104,"column":60}},"33":{"start":{"line":106,"column":4},"end":{"line":109,"column":5}},"34":{"start":{"line":107,"column":6},"end":{"line":107,"column":79}},"35":{"start":{"line":108,"column":6},"end":{"line":108,"column":24}},"36":{"start":{"line":111,"column":4},"end":{"line":113,"column":6}},"37":{"start":{"line":114,"column":24},"end":{"line":117,"column":6}},"38":{"start":{"line":120,"column":4},"end":{"line":120,"column":62}},"39":{"start":{"line":122,"column":4},"end":{"line":122,"column":23}},"40":{"start":{"line":127,"column":23},"end":{"line":129,"column":6}},"41":{"start":{"line":130,"column":4},"end":{"line":130,"column":60}},"42":{"start":{"line":131,"column":4},"end":{"line":131,"column":22}},"43":{"start":{"line":135,"column":20},"end":{"line":135,"column":74}},"44":{"start":{"line":136,"column":4},"end":{"line":136,"column":60}},"45":{"start":{"line":137,"column":4},"end":{"line":137,"column":19}},"46":{"start":{"line":142,"column":4},"end":{"line":142,"column":58}},"47":{"start":{"line":155,"column":4},"end":{"line":158,"column":7}},"48":{"start":{"line":162,"column":4},"end":{"line":162,"column":62}},"49":{"start":{"line":167,"column":4},"end":{"line":170,"column":7}},"50":{"start":{"line":174,"column":4},"end":{"line":174,"column":57}},"51":{"start":{"line":178,"column":4},"end":{"line":178,"column":68}},"52":{"start":{"line":183,"column":4},"end":{"line":183,"column":70}},"53":{"start":{"line":191,"column":4},"end":{"line":197,"column":7}},"54":{"start":{"line":205,"column":4},"end":{"line":211,"column":7}},"55":{"start":{"line":215,"column":4},"end":{"line":215,"column":61}},"56":{"start":{"line":220,"column":21},"end":{"line":220,"column":55}},"57":{"start":{"line":221,"column":4},"end":{"line":221,"column":42}},"58":{"start":{"line":15,"column":13},"end":{"line":15,"column":26}},"59":{"start":{"line":15,"column":13},"end":{"line":223,"column":null}}},"fnMap":{"0":{"name":"(anonymous_5)","decl":{"start":{"line":16,"column":2},"end":{"line":16,"column":null}},"loc":{"start":{"line":19,"column":54},"end":{"line":20,"column":6}}},"1":{"name":"(anonymous_6)","decl":{"start":{"line":26,"column":2},"end":{"line":26,"column":7}},"loc":{"start":{"line":26,"column":45},"end":{"line":96,"column":3}}},"2":{"name":"(anonymous_7)","decl":{"start":{"line":54,"column":24},"end":{"line":54,"column":27}},"loc":{"start":{"line":54,"column":30},"end":{"line":54,"column":34}}},"3":{"name":"(anonymous_8)","decl":{"start":{"line":102,"column":2},"end":{"line":102,"column":7}},"loc":{"start":{"line":102,"column":46},"end":{"line":123,"column":3}}},"4":{"name":"(anonymous_9)","decl":{"start":{"line":126,"column":2},"end":{"line":126,"column":7}},"loc":{"start":{"line":126,"column":56},"end":{"line":132,"column":3}}},"5":{"name":"(anonymous_10)","decl":{"start":{"line":134,"column":2},"end":{"line":134,"column":7}},"loc":{"start":{"line":134,"column":54},"end":{"line":138,"column":3}}},"6":{"name":"(anonymous_11)","decl":{"start":{"line":141,"column":2},"end":{"line":141,"column":7}},"loc":{"start":{"line":141,"column":39},"end":{"line":143,"column":3}}},"7":{"name":"(anonymous_12)","decl":{"start":{"line":145,"column":2},"end":{"line":145,"column":7}},"loc":{"start":{"line":153,"column":5},"end":{"line":159,"column":3}}},"8":{"name":"(anonymous_13)","decl":{"start":{"line":161,"column":2},"end":{"line":161,"column":7}},"loc":{"start":{"line":161,"column":37},"end":{"line":163,"column":3}}},"9":{"name":"(anonymous_14)","decl":{"start":{"line":166,"column":2},"end":{"line":166,"column":7}},"loc":{"start":{"line":166,"column":36},"end":{"line":171,"column":3}}},"10":{"name":"(anonymous_15)","decl":{"start":{"line":173,"column":2},"end":{"line":173,"column":7}},"loc":{"start":{"line":173,"column":36},"end":{"line":175,"column":3}}},"11":{"name":"(anonymous_16)","decl":{"start":{"line":177,"column":2},"end":{"line":177,"column":7}},"loc":{"start":{"line":177,"column":38},"end":{"line":179,"column":3}}},"12":{"name":"(anonymous_17)","decl":{"start":{"line":182,"column":2},"end":{"line":182,"column":7}},"loc":{"start":{"line":182,"column":41},"end":{"line":184,"column":3}}},"13":{"name":"(anonymous_18)","decl":{"start":{"line":186,"column":2},"end":{"line":186,"column":7}},"loc":{"start":{"line":189,"column":37},"end":{"line":198,"column":3}}},"14":{"name":"(anonymous_19)","decl":{"start":{"line":200,"column":2},"end":{"line":200,"column":7}},"loc":{"start":{"line":203,"column":38},"end":{"line":212,"column":3}}},"15":{"name":"(anonymous_20)","decl":{"start":{"line":214,"column":2},"end":{"line":214,"column":7}},"loc":{"start":{"line":214,"column":36},"end":{"line":216,"column":3}}},"16":{"name":"(anonymous_21)","decl":{"start":{"line":219,"column":10},"end":{"line":219,"column":15}},"loc":{"start":{"line":219,"column":67},"end":{"line":222,"column":3}}}},"branchMap":{"0":{"loc":{"start":{"line":27,"column":36},"end":{"line":27,"column":48}},"type":"default-arg","locations":[{"start":{"line":27,"column":46},"end":{"line":27,"column":48}}]},"1":{"loc":{"start":{"line":62,"column":15},"end":{"line":62,"column":71}},"type":"cond-expr","locations":[{"start":{"line":62,"column":40},"end":{"line":62,"column":53}},{"start":{"line":62,"column":56},"end":{"line":62,"column":71}}]},"2":{"loc":{"start":{"line":86,"column":14},"end":{"line":86,"column":48}},"type":"cond-expr","locations":[{"start":{"line":86,"column":21},"end":{"line":86,"column":41}},{"start":{"line":86,"column":44},"end":{"line":86,"column":48}}]},"3":{"loc":{"start":{"line":106,"column":4},"end":{"line":109,"column":5}},"type":"if","locations":[{"start":{"line":106,"column":4},"end":{"line":109,"column":5}},{"start":{},"end":{}}]},"4":{"loc":{"start":{"line":209,"column":12},"end":{"line":209,"column":65}},"type":"binary-expr","locations":[{"start":{"line":209,"column":12},"end":{"line":209,"column":21}},{"start":{"line":209,"column":25},"end":{"line":209,"column":65}}]},"5":{"loc":{"start":{"line":17,"column":20},"end":{"line":17,"column":null}},"type":"cond-expr","locations":[{"start":{"line":17,"column":33},"end":{"line":17,"column":null}},{"start":{"line":17,"column":33},"end":{"line":17,"column":null}}]},"6":{"loc":{"start":{"line":17,"column":20},"end":{"line":17,"column":33}},"type":"binary-expr","locations":[{"start":{"line":17,"column":20},"end":{"line":17,"column":null}},{"start":{"line":17,"column":20},"end":{"line":17,"column":33}}]},"7":{"loc":{"start":{"line":17,"column":33},"end":{"line":18,"column":null}},"type":"cond-expr","locations":[{"start":{"line":18,"column":37},"end":{"line":18,"column":null}},{"start":{"line":18,"column":37},"end":{"line":18,"column":null}}]},"8":{"loc":{"start":{"line":17,"column":33},"end":{"line":18,"column":37}},"type":"binary-expr","locations":[{"start":{"line":17,"column":33},"end":{"line":18,"column":null}},{"start":{"line":18,"column":22},"end":{"line":18,"column":37}}]}},"s":{"0":1,"1":1,"2":1,"3":1,"4":1,"5":1,"6":1,"7":9,"8":9,"9":9,"10":5,"11":5,"12":5,"13":5,"14":5,"15":5,"16":5,"17":5,"18":5,"19":5,"20":5,"21":0,"22":4,"23":4,"24":1,"25":1,"26":5,"27":5,"28":5,"29":5,"30":5,"31":2,"32":2,"33":2,"34":1,"35":1,"36":1,"37":1,"38":1,"39":1,"40":1,"41":1,"42":1,"43":0,"44":0,"45":0,"46":0,"47":0,"48":0,"49":0,"50":0,"51":1,"52":0,"53":0,"54":0,"55":0,"56":1,"57":1,"58":1,"59":1},"f":{"0":9,"1":5,"2":0,"3":2,"4":1,"5":0,"6":0,"7":0,"8":0,"9":0,"10":0,"11":1,"12":0,"13":0,"14":0,"15":0,"16":1},"b":{"0":[0],"1":[1,0],"2":[1,4],"3":[1,1],"4":[0,0],"5":[1,0],"6":[1,1],"7":[1,0],"8":[1,1]}}
,"/Users/loyd/DevForge/apps/backend/src/auth/auth.controller.ts": {"path":"/Users/loyd/DevForge/apps/backend/src/auth/auth.controller.ts","statementMap":{"0":{"start":{"line":1,"column":0},"end":{"line":1,"column":null}},"1":{"start":{"line":11,"column":0},"end":{"line":11,"column":45}},"2":{"start":{"line":13,"column":0},"end":{"line":13,"column":80}},"3":{"start":{"line":14,"column":0},"end":{"line":14,"column":45}},"4":{"start":{"line":15,"column":0},"end":{"line":15,"column":41}},"5":{"start":{"line":16,"column":0},"end":{"line":16,"column":55}},"6":{"start":{"line":17,"column":0},"end":{"line":17,"column":39}},"7":{"start":{"line":21,"column":7},"end":{"line":77,"column":null}},"8":{"start":{"line":22,"column":31},"end":{"line":22,"column":44}},"9":{"start":{"line":40,"column":4},"end":{"line":40,"column":42}},"10":{"start":{"line":52,"column":7},"end":{"line":54,"column":15}},"11":{"start":{"line":55,"column":4},"end":{"line":55,"column":43}},"12":{"start":{"line":64,"column":19},"end":{"line":66,"column":20}},"13":{"start":{"line":67,"column":4},"end":{"line":67,"column":52}},"14":{"start":{"line":67,"column":15},"end":{"line":67,"column":52}},"15":{"start":{"line":75,"column":4},"end":{"line":75,"column":16}},"16":{"start":{"line":21,"column":13},"end":{"line":21,"column":27}},"17":{"start":{"line":36,"column":8},"end":{"line":41,"column":null}},"18":{"start":{"line":50,"column":8},"end":{"line":56,"column":null}},"19":{"start":{"line":63,"column":8},"end":{"line":68,"column":null}},"20":{"start":{"line":74,"column":2},"end":{"line":76,"column":null}},"21":{"start":{"line":21,"column":13},"end":{"line":77,"column":null}}},"fnMap":{"0":{"name":"(anonymous_13)","decl":{"start":{"line":22,"column":2},"end":{"line":22,"column":31}},"loc":{"start":{"line":22,"column":55},"end":{"line":22,"column":59}}},"1":{"name":"(anonymous_14)","decl":{"start":{"line":36,"column":8},"end":{"line":36,"column":16}},"loc":{"start":{"line":38,"column":25},"end":{"line":41,"column":3}}},"2":{"name":"(anonymous_15)","decl":{"start":{"line":50,"column":8},"end":{"line":50,"column":13}},"loc":{"start":{"line":50,"column":61},"end":{"line":56,"column":3}}},"3":{"name":"(anonymous_16)","decl":{"start":{"line":63,"column":8},"end":{"line":63,"column":14}},"loc":{"start":{"line":63,"column":34},"end":{"line":68,"column":3}}},"4":{"name":"(anonymous_17)","decl":{"start":{"line":74,"column":2},"end":{"line":74,"column":7}},"loc":{"start":{"line":74,"column":44},"end":{"line":76,"column":3}}}},"branchMap":{"0":{"loc":{"start":{"line":52,"column":7},"end":{"line":54,"column":15}},"type":"binary-expr","locations":[{"start":{"line":52,"column":7},"end":{"line":52,"column":71}},{"start":{"line":53,"column":6},"end":{"line":53,"column":30}},{"start":{"line":54,"column":6},"end":{"line":54,"column":15}}]},"1":{"loc":{"start":{"line":67,"column":4},"end":{"line":67,"column":52}},"type":"if","locations":[{"start":{"line":67,"column":4},"end":{"line":67,"column":52}},{"start":{},"end":{}}]},"2":{"loc":{"start":{"line":38,"column":9},"end":{"line":38,"column":null}},"type":"cond-expr","locations":[{"start":{"line":38,"column":25},"end":{"line":38,"column":null}},{"start":{"line":38,"column":25},"end":{"line":38,"column":null}}]},"3":{"loc":{"start":{"line":38,"column":9},"end":{"line":38,"column":25}},"type":"binary-expr","locations":[{"start":{"line":38,"column":9},"end":{"line":38,"column":14}},{"start":{"line":38,"column":9},"end":{"line":38,"column":25}}]},"4":{"loc":{"start":{"line":50,"column":27},"end":{"line":50,"column":43}},"type":"cond-expr","locations":[{"start":{"line":50,"column":40},"end":{"line":50,"column":43}},{"start":{"line":50,"column":40},"end":{"line":50,"column":43}}]},"5":{"loc":{"start":{"line":50,"column":27},"end":{"line":50,"column":40}},"type":"binary-expr","locations":[{"start":{"line":50,"column":27},"end":{"line":50,"column":32}},{"start":{"line":50,"column":27},"end":{"line":50,"column":40}}]},"6":{"loc":{"start":{"line":74,"column":29},"end":{"line":74,"column":null}},"type":"cond-expr","locations":[{"start":{"line":74,"column":44},"end":{"line":74,"column":null}},{"start":{"line":74,"column":44},"end":{"line":74,"column":null}}]},"7":{"loc":{"start":{"line":74,"column":29},"end":{"line":74,"column":44}},"type":"binary-expr","locations":[{"start":{"line":74,"column":29},"end":{"line":74,"column":34}},{"start":{"line":74,"column":29},"end":{"line":74,"column":44}}]},"8":{"loc":{"start":{"line":22,"column":44},"end":{"line":22,"column":58}},"type":"cond-expr","locations":[{"start":{"line":22,"column":55},"end":{"line":22,"column":58}},{"start":{"line":22,"column":55},"end":{"line":22,"column":58}}]},"9":{"loc":{"start":{"line":22,"column":44},"end":{"line":22,"column":55}},"type":"binary-expr","locations":[{"start":{"line":22,"column":44},"end":{"line":22,"column":58}},{"start":{"line":22,"column":44},"end":{"line":22,"column":55}}]}},"s":{"0":0,"1":0,"2":0,"3":0,"4":0,"5":0,"6":0,"7":0,"8":0,"9":0,"10":0,"11":0,"12":0,"13":0,"14":0,"15":0,"16":0,"17":0,"18":0,"19":0,"20":0,"21":0},"f":{"0":0,"1":0,"2":0,"3":0,"4":0},"b":{"0":[0,0,0],"1":[0,0],"2":[0,0],"3":[0,0],"4":[0,0],"5":[0,0],"6":[0,0],"7":[0,0],"8":[0,0],"9":[0,0]}}
,"/Users/loyd/DevForge/apps/backend/src/auth/auth.guard.ts": {"path":"/Users/loyd/DevForge/apps/backend/src/auth/auth.guard.ts","statementMap":{"0":{"start":{"line":1,"column":0},"end":{"line":1,"column":null}},"1":{"start":{"line":7,"column":0},"end":{"line":7,"column":45}},"2":{"start":{"line":16,"column":7},"end":{"line":40,"column":null}},"3":{"start":{"line":17,"column":31},"end":{"line":17,"column":44}},"4":{"start":{"line":20,"column":20},"end":{"line":20,"column":70}},"5":{"start":{"line":21,"column":23},"end":{"line":21,"column":52}},"6":{"start":{"line":23,"column":4},"end":{"line":25,"column":5}},"7":{"start":{"line":24,"column":6},"end":{"line":24,"column":74}},"8":{"start":{"line":27,"column":18},"end":{"line":27,"column":39}},"9":{"start":{"line":28,"column":4},"end":{"line":32,"column":5}},"10":{"start":{"line":29,"column":6},"end":{"line":31,"column":8}},"11":{"start":{"line":34,"column":18},"end":{"line":34,"column":26}},"12":{"start":{"line":36,"column":20},"end":{"line":36,"column":63}},"13":{"start":{"line":37,"column":4},"end":{"line":37,"column":27}},"14":{"start":{"line":38,"column":4},"end":{"line":38,"column":16}},"15":{"start":{"line":16,"column":13},"end":{"line":16,"column":22}},"16":{"start":{"line":16,"column":13},"end":{"line":40,"column":null}}},"fnMap":{"0":{"name":"(anonymous_2)","decl":{"start":{"line":17,"column":2},"end":{"line":17,"column":31}},"loc":{"start":{"line":17,"column":55},"end":{"line":17,"column":59}}},"1":{"name":"(anonymous_3)","decl":{"start":{"line":19,"column":2},"end":{"line":19,"column":7}},"loc":{"start":{"line":19,"column":45},"end":{"line":39,"column":3}}}},"branchMap":{"0":{"loc":{"start":{"line":23,"column":4},"end":{"line":25,"column":5}},"type":"if","locations":[{"start":{"line":23,"column":4},"end":{"line":25,"column":5}},{"start":{},"end":{}}]},"1":{"loc":{"start":{"line":28,"column":4},"end":{"line":32,"column":5}},"type":"if","locations":[{"start":{"line":28,"column":4},"end":{"line":32,"column":5}},{"start":{},"end":{}}]},"2":{"loc":{"start":{"line":28,"column":8},"end":{"line":28,"column":51}},"type":"binary-expr","locations":[{"start":{"line":28,"column":8},"end":{"line":28,"column":26}},{"start":{"line":28,"column":30},"end":{"line":28,"column":51}}]},"3":{"loc":{"start":{"line":17,"column":44},"end":{"line":17,"column":58}},"type":"cond-expr","locations":[{"start":{"line":17,"column":55},"end":{"line":17,"column":58}},{"start":{"line":17,"column":55},"end":{"line":17,"column":58}}]},"4":{"loc":{"start":{"line":17,"column":44},"end":{"line":17,"column":55}},"type":"binary-expr","locations":[{"start":{"line":17,"column":44},"end":{"line":17,"column":58}},{"start":{"line":17,"column":44},"end":{"line":17,"column":55}}]}},"s":{"0":0,"1":0,"2":0,"3":0,"4":0,"5":0,"6":0,"7":0,"8":0,"9":0,"10":0,"11":0,"12":0,"13":0,"14":0,"15":0,"16":0},"f":{"0":0,"1":0},"b":{"0":[0,0],"1":[0,0],"2":[0,0],"3":[0,0],"4":[0,0]}}
,"/Users/loyd/DevForge/apps/backend/src/auth/auth.module.ts": {"path":"/Users/loyd/DevForge/apps/backend/src/auth/auth.module.ts","statementMap":{"0":{"start":{"line":1,"column":0},"end":{"line":1,"column":48}},"1":{"start":{"line":2,"column":0},"end":{"line":2,"column":45}},"2":{"start":{"line":3,"column":0},"end":{"line":3,"column":51}},"3":{"start":{"line":4,"column":0},"end":{"line":4,"column":55}},"4":{"start":{"line":5,"column":0},"end":{"line":5,"column":41}},"5":{"start":{"line":14,"column":7},"end":{"line":14,"column":null}},"6":{"start":{"line":14,"column":13},"end":{"line":14,"column":23}},"7":{"start":{"line":14,"column":13},"end":{"line":14,"column":null}}},"fnMap":{},"branchMap":{},"s":{"0":0,"1":0,"2":0,"3":0,"4":0,"5":0,"6":0,"7":0},"f":{},"b":{}}
[...]
{"start":{"line":170,"column":44},"end":{"line":170,"column":62}},"53":{"start":{"line":171,"column":22},"end":{"line":171,"column":71}},"54":{"start":{"line":171,"column":43},"end":{"line":171,"column":63}},"55":{"start":{"line":174,"column":21},"end":{"line":174,"column":71}},"56":{"start":{"line":175,"column":18},"end":{"line":175,"column":62}},"57":{"start":{"line":176,"column":25},"end":{"line":176,"column":58}},"58":{"start":{"line":179,"column":6},"end":{"line":187,"column":19}},"59":{"start":{"line":189,"column":22},"end":{"line":195,"column":6}},"60":{"start":{"line":197,"column":35},"end":{"line":213,"column":6}},"61":{"start":{"line":215,"column":4},"end":{"line":215,"column":38}},"62":{"start":{"line":216,"column":4},"end":{"line":218,"column":5}},"63":{"start":{"line":217,"column":6},"end":{"line":217,"column":74}},"64":{"start":{"line":220,"column":4},"end":{"line":220,"column":18}},"65":{"start":{"line":224,"column":4},"end":{"line":224,"column":29}},"66":{"start":{"line":228,"column":19},"end":{"line":228,"column":36}},"67":{"start":{"line":229,"column":22},"end":{"line":229,"column":53}},"68":{"start":{"line":229,"column":44},"end":{"line":229,"column":52}},"69":{"start":{"line":230,"column":4},"end":{"line":241,"column":6}},"70":{"start":{"line":233,"column":45},"end":{"line":233,"column":56}},"71":{"start":{"line":237,"column":40},"end":{"line":237,"column":58}},"72":{"start":{"line":238,"column":42},"end":{"line":238,"column":62}},"73":{"start":{"line":239,"column":39},"end":{"line":239,"column":56}},"74":{"start":{"line":247,"column":31},"end":{"line":247,"column":33}},"75":{"start":{"line":248,"column":19},"end":{"line":248,"column":37}},"76":{"start":{"line":250,"column":4},"end":{"line":257,"column":5}},"77":{"start":{"line":251,"column":6},"end":{"line":256,"column":9}},"78":{"start":{"line":259,"column":4},"end":{"line":267,"column":5}},"79":{"start":{"line":260,"column":6},"end":{"line":266,"column":9}},"80":{"start":{"line":269,"column":4},"end":{"line":277,"column":5}},"81":{"start":{"line":270,"column":6},"end":{"line":276,"column":9}},"82":{"start":{"line":279,"column":21},"end":{"line":279,"column":50}},"83":{"start":{"line":280,"column":4},"end":{"line":296,"column":5}},"84":{"start":{"line":281,"column":6},"end":{"line":287,"column":9}},"85":{"start":{"line":288,"column":11},"end":{"line":296,"column":5}},"86":{"start":{"line":289,"column":6},"end":{"line":295,"column":9}},"87":{"start":{"line":299,"column":17},"end":{"line":299,"column":75}},"88":{"start":{"line":299,"column":50},"end":{"line":299,"column":71}},"89":{"start":{"line":300,"column":4},"end":{"line":308,"column":5}},"90":{"start":{"line":301,"column":6},"end":{"line":307,"column":9}},"91":{"start":{"line":309,"column":4},"end":{"line":317,"column":5}},"92":{"start":{"line":310,"column":6},"end":{"line":316,"column":9}},"93":{"start":{"line":318,"column":4},"end":{"line":325,"column":5}},"94":{"start":{"line":319,"column":6},"end":{"line":324,"column":9}},"95":{"start":{"line":326,"column":4},"end":{"line":334,"column":5}},"96":{"start":{"line":327,"column":6},"end":{"line":333,"column":9}},"97":{"start":{"line":335,"column":4},"end":{"line":343,"column":5}},"98":{"start":{"line":336,"column":6},"end":{"line":342,"column":9}},"99":{"start":{"line":344,"column":4},"end":{"line":352,"column":5}},"100":{"start":{"line":345,"column":6},"end":{"line":351,"column":9}},"101":{"start":{"line":354,"column":4},"end":{"line":354,"column":18}},"102":{"start":{"line":361,"column":21},"end":{"line":361,"column":66}},"103":{"start":{"line":361,"column":42},"end":{"line":361,"column":65}},"104":{"start":{"line":362,"column":19},"end":{"line":362,"column":68}},"105":{"start":{"line":362,"column":42},"end":{"line":362,"column":60}},"106":{"start":{"line":363,"column":21},"end":{"line":363,"column":72}},"107":{"start":{"line":363,"column":44},"end":{"line":363,"column":64}},"108":{"start":{"line":364,"column":4},"end":{"line":364,"column":57}},"109":{"start":{"line":368,"column":4},"end":{"line":377,"column":5}},"110":{"start":{"line":369,"column":21},"end":{"line":369,"column":39}},"111":{"start":{"line":370,"column":19},"end":{"line":370,"column":73}},"112":{"start":{"line":371,"column":6},"end":{"line":371,"column":40}},"113":{"start":{"line":371,"column":17},"end":{"line":371,"column":40}},"114":{"start":{"line":372,"column":6},"end":{"line":374,"column":50}},"115":{"start":{"line":374,"column":33},"end":{"line":374,"column":48}},"116":{"start":{"line":376,"column":6},"end":{"line":376,"column":17}},"117":{"start":{"line":381,"column":4},"end":{"line":385,"column":5}},"118":{"start":{"line":382,"column":6},"end":{"line":382,"column":70}},"119":{"start":{"line":384,"column":6},"end":{"line":384,"column":44}},"120":{"start":{"line":15,"column":13},"end":{"line":15,"column":29}},"121":{"start":{"line":15,"column":13},"end":{"line":387,"column":null}}},"fnMap":{"0":{"name":"(anonymous_1)","decl":{"start":{"line":20,"column":2},"end":{"line":20,"column":18}},"loc":{"start":{"line":28,"column":3},"end":{"line":55,"column":3}}},"1":{"name":"(anonymous_2)","decl":{"start":{"line":59,"column":2},"end":{"line":59,"column":18}},"loc":{"start":{"line":59,"column":30},"end":{"line":78,"column":3}}},"2":{"name":"(anonymous_3)","decl":{"start":{"line":66,"column":52},"end":{"line":66,"column":53}},"loc":{"start":{"line":66,"column":59},"end":{"line":66,"column":74}}},"3":{"name":"(anonymous_4)","decl":{"start":{"line":82,"column":2},"end":{"line":82,"column":17}},"loc":{"start":{"line":88,"column":6},"end":{"line":108,"column":3}}},"4":{"name":"(anonymous_5)","decl":{"start":{"line":90,"column":46},"end":{"line":90,"column":47}},"loc":{"start":{"line":90,"column":54},"end":{"line":95,"column":6}}},"5":{"name":"(anonymous_6)","decl":{"start":{"line":101,"column":8},"end":{"line":101,"column":9}},"loc":{"start":{"line":102,"column":10},"end":{"line":102,"column":188}}},"6":{"name":"(anonymous_7)","decl":{"start":{"line":112,"column":2},"end":{"line":112,"column":19}},"loc":{"start":{"line":112,"column":46},"end":{"line":124,"column":3}}},"7":{"name":"(anonymous_8)","decl":{"start":{"line":114,"column":11},"end":{"line":114,"column":12}},"loc":{"start":{"line":114,"column":17},"end":{"line":122,"column":7}}},"8":{"name":"(anonymous_9)","decl":{"start":{"line":116,"column":24},"end":{"line":116,"column":25}},"loc":{"start":{"line":116,"column":31},"end":{"line":116,"column":56}}},"9":{"name":"(anonymous_10)","decl":{"start":{"line":117,"column":27},"end":{"line":117,"column":28}},"loc":{"start":{"line":117,"column":34},"end":{"line":117,"column":62}}},"10":{"name":"(anonymous_11)","decl":{"start":{"line":126,"column":2},"end":{"line":126,"column":16}},"loc":{"start":{"line":126,"column":29},"end":{"line":163,"column":3}}},"11":{"name":"(anonymous_12)","decl":{"start":{"line":129,"column":11},"end":{"line":129,"column":12}},"loc":{"start":{"line":129,"column":21},"end":{"line":161,"column":7}}},"12":{"name":"(anonymous_13)","decl":{"start":{"line":132,"column":15},"end":{"line":132,"column":16}},"loc":{"start":{"line":132,"column":22},"end":{"line":132,"column":30}}},"13":{"name":"(anonymous_14)","decl":{"start":{"line":133,"column":18},"end":{"line":133,"column":19}},"loc":{"start":{"line":133,"column":25},"end":{"line":133,"column":48}}},"14":{"name":"(anonymous_15)","decl":{"start":{"line":162,"column":14},"end":{"line":162,"column":15}},"loc":{"start":{"line":162,"column":21},"end":{"line":162,"column":32}}},"15":{"name":"(anonymous_16)","decl":{"start":{"line":167,"column":2},"end":{"line":167,"column":10}},"loc":{"start":{"line":167,"column":22},"end":{"line":221,"column":3}}},"16":{"name":"(anonymous_17)","decl":{"start":{"line":170,"column":37},"end":{"line":170,"column":38}},"loc":{"start":{"line":170,"column":44},"end":{"line":170,"column":62}}},"17":{"name":"(anonymous_18)","decl":{"start":{"line":171,"column":36},"end":{"line":171,"column":37}},"loc":{"start":{"line":171,"column":43},"end":{"line":171,"column":63}}},"18":{"name":"(anonymous_19)","decl":{"start":{"line":223,"column":2},"end":{"line":223,"column":17}},"loc":{"start":{"line":223,"column":17},"end":{"line":225,"column":3}}},"19":{"name":"(anonymous_20)","decl":{"start":{"line":227,"column":2},"end":{"line":227,"column":10}},"loc":{"start":{"line":227,"column":10},"end":{"line":242,"column":3}}},"20":{"name":"(anonymous_21)","decl":{"start":{"line":229,"column":37},"end":{"line":229,"column":38}},"loc":{"start":{"line":229,"column":44},"end":{"line":229,"column":52}}},"21":{"name":"(anonymous_22)","decl":{"start":{"line":233,"column":35},"end":{"line":233,"column":36}},"loc":{"start":{"line":233,"column":45},"end":{"line":233,"column":56}}},"22":{"name":"(anonymous_23)","decl":{"start":{"line":237,"column":33},"end":{"line":237,"column":34}},"loc":{"start":{"line":237,"column":40},"end":{"line":237,"column":58}}},"23":{"name":"(anonymous_24)","decl":{"start":{"line":238,"column":35},"end":{"line":238,"column":36}},"loc":{"start":{"line":238,"column":42},"end":{"line":238,"column":62}}},"24":{"name":"(anonymous_25)","decl":{"start":{"line":239,"column":32},"end":{"line":239,"column":33}},"loc":{"start":{"line":239,"column":39},"end":{"line":239,"column":56}}},"25":{"name":"(anonymous_26)","decl":{"start":{"line":246,"column":10},"end":{"line":246,"column":19}},"loc":{"start":{"line":246,"column":31},"end":{"line":355,"column":3}}},"26":{"name":"(anonymous_27)","decl":{"start":{"line":299,"column":38},"end":{"line":299,"column":39}},"loc":{"start":{"line":299,"column":50},"end":{"line":299,"column":71}}},"27":{"name":"(anonymous_28)","decl":{"start":{"line":357,"column":10},"end":{"line":357,"column":23}},"loc":{"start":{"line":359,"column":34},"end":{"line":365,"column":3}}},"28":{"name":"(anonymous_29)","decl":{"start":{"line":361,"column":35},"end":{"line":361,"column":36}},"loc":{"start":{"line":361,"column":42},"end":{"line":361,"column":65}}},"29":{"name":"(anonymous_30)","decl":{"start":{"line":362,"column":35},"end":{"line":362,"column":36}},"loc":{"start":{"line":362,"column":42},"end":{"line":362,"column":60}}},"30":{"name":"(anonymous_31)","decl":{"start":{"line":363,"column":37},"end":{"line":363,"column":38}},"loc":{"start":{"line":363,"column":44},"end":{"line":363,"column":64}}},"31":{"name":"(anonymous_32)","decl":{"start":{"line":367,"column":10},"end":{"line":367,"column":22}},"loc":{"start":{"line":367,"column":34},"end":{"line":378,"column":3}}},"32":{"name":"(anonymous_33)","decl":{"start":{"line":374,"column":26},"end":{"line":374,"column":27}},"loc":{"start":{"line":374,"column":33},"end":{"line":374,"column":48}}},"33":{"name":"(anonymous_34)","decl":{"start":{"line":380,"column":10},"end":{"line":380,"column":18}},"loc":{"start":{"line":380,"column":30},"end":{"line":386,"column":3}}}},"branchMap":{"0":{"loc":{"start":{"line":33,"column":6},"end":{"line":33,"column":16}},"type":"default-arg","locations":[{"start":{"line":33,"column":14},"end":{"line":33,"column":16}}]},"1":{"loc":{"start":{"line":34,"column":6},"end":{"line":34,"column":22}},"type":"default-arg","locations":[{"start":{"line":34,"column":13},"end":{"line":34,"column":22}}]},"2":{"loc":{"start":{"line":35,"column":6},"end":{"line":35,"column":19}},"type":"default-arg","locations":[{"start":{"line":35,"column":17},"end":{"line":35,"column":19}}]},"3":{"loc":{"start":{"line":36,"column":6},"end":{"line":36,"column":21}},"type":"default-arg","locations":[{"start":{"line":36,"column":16},"end":{"line":36,"column":21}}]},"4":{"loc":{"start":{"line":43,"column":14},"end":{"line":43,"column":61}},"type":"cond-expr","locations":[{"start":{"line":43,"column":24},"end":{"line":43,"column":43}},{"start":{"line":43,"column":46},"end":{"line":43,"column":61}}]},"5":{"loc":{"start":{"line":49,"column":19},"end":{"line":49,"column":60}},"type":"cond-expr","locations":[{"start":{"line":49,"column":27},"end":{"line":49,"column":48}},{"start":{"line":49,"column":51},"end":{"line":49,"column":60}}]},"6":{"loc":{"start":{"line":64,"column":17},"end":{"line":64,"column":71}},"type":"binary-expr","locations":[{"start":{"line":64,"column":17},"end":{"line":64,"column":65}},{"start":{"line":64,"column":69},"end":{"line":64,"column":71}}]},"7":{"loc":{"start":{"line":65,"column":18},"end":{"line":67,"column":16}},"type":"cond-expr","locations":[{"start":{"line":66,"column":8},"end":{"line":66,"column":75}},{"start":{"line":67,"column":8},"end":{"line":67,"column":16}}]},"8":{"loc":{"start":{"line":93,"column":18},"end":{"line":93,"column":42}},"type":"binary-expr","locations":[{"start":{"line":93,"column":18},"end":{"line":93,"column":30}},{"start":{"line":93,"column":34},"end":{"line":93,"column":42}}]},"9":{"loc":{"start":{"line":94,"column":16},"end":{"line":94,"column":33}},"type":"binary-expr","locations":[{"start":{"line":94,"column":16},"end":{"line":94,"column":26}},{"start":{"line":94,"column":30},"end":{"line":94,"column":33}}]},"10":{"loc":{"start":{"line":118,"column":8},"end":{"line":119,"column":53}},"type":"if","locations":[{"start":{"line":118,"column":8},"end":{"line":119,"column":53}},{"start":{},"end":{}}]},"11":{"loc":{"start":{"line":120,"column":8},"end":{"line":120,"column":59}},"type":"if","locations":[{"start":{"line":120,"column":8},"end":{"line":120,"column":59}},{"start":{},"end":{}}]},"12":{"loc":{"start":{"line":133,"column":25},"end":{"line":133,"column":48}},"type":"binary-expr","locations":[{"start":{"line":133,"column":25},"end":{"line":133,"column":26}},{"start":{"line":133,"column":30},"end":{"line":133,"column":48}}]},"13":{"loc":{"start":{"line":142,"column":10},"end":{"line":158,"column":11}},"type":"switch","locations":[{"start":{"line":143,"column":12},"end":{"line":145,"column":20}},{"start":{"line":146,"column":12},"end":{"line":148,"column":20}},{"start":{"line":149,"column":12},"end":{"line":151,"column":20}},{"start":{"line":152,"column":12},"end":{"line":154,"column":20}},{"start":{"line":155,"column":12},"end":{"line":157,"column":20}}]},"14":{"loc":{"start":{"line":179,"column":6},"end":{"line":187,"column":19}},"type":"cond-expr","locations":[{"start":{"line":180,"column":10},"end":{"line":180,"column":13}},{"start":{"line":181,"column":10},"end":{"line":187,"column":19}}]},"15":{"loc":{"start":{"line":181,"column":10},"end":{"line":187,"column":19}},"type":"cond-expr","locations":[{"start":{"line":182,"column":12},"end":{"line":182,"column":15}},{"start":{"line":183,"column":12},"end":{"line":187,"column":19}}]},"16":{"loc":{"start":{"line":183,"column":12},"end":{"line":187,"column":19}},"type":"cond-expr","locations":[{"start":{"line":184,"column":14},"end":{"line":184,"column":17}},{"start":{"line":185,"column":14},"end":{"line":187,"column":19}}]},"17":{"loc":{"start":{"line":185,"column":14},"end":{"line":187,"column":19}},"type":"cond-expr","locations":[{"start":{"line":186,"column":16},"end":{"line":186,"column":19}},{"start":{"line":187,"column":16},"end":{"line":187,"column":19}}]},"18":{"loc":{"start":{"line":216,"column":4},"end":{"line":218,"column":5}},"type":"if","locations":[{"start":{"line":216,"column":4},"end":{"line":218,"column":5}},{"start":{},"end":{}}]},"19":{"loc":{"start":{"line":232,"column":16},"end":{"line":234,"column":11}},"type":"cond-expr","locations":[{"start":{"line":233,"column":10},"end":{"line":233,"column":77}},{"start":{"line":234,"column":10},"end":{"line":234,"column":11}}]},"20":{"loc":{"start":{"line":250,"column":4},"end":{"line":257,"column":5}},"type":"if","locations":[{"start":{"line":250,"column":4},"end":{"line":257,"column":5}},{"start":{},"end":{}}]},"21":{"loc":{"start":{"line":250,"column":8},"end":{"line":250,"column":51}},"type":"binary-expr","locations":[{"start":{"line":250,"column":8},"end":{"line":250,"column":24}},{"start":{"line":250,"column":28},"end":{"line":250,"column":51}}]},"22":{"loc":{"start":{"line":259,"column":4},"end":{"line":267,"column":5}},"type":"if","locations":[{"start":{"line":259,"column":4},"end":{"line":267,"column":5}},{"start":{},"end":{}}]},"23":{"loc":{"start":{"line":269,"column":4},"end":{"line":277,"column":5}},"type":"if","locations":[{"start":{"line":269,"column":4},"end":{"line":277,"column":5}},{"start":{},"end":{}}]},"24":{"loc":{"start":{"line":280,"column":4},"end":{"line":296,"column":5}},"type":"if","locations":[{"start":{"line":280,"column":4},"end":{"line":296,"column":5}},{"start":{"line":288,"column":11},"end":{"line":296,"column":5}}]},"25":{"loc":{"start":{"line":288,"column":11},"end":{"line":296,"column":5}},"type":"if","locations":[{"start":{"line":288,"column":11},"end":{"line":296,"column":5}},{"start":{},"end":{}}]},"26":{"loc":{"start":{"line":300,"column":4},"end":{"line":308,"column":5}},"type":"if","locations":[{"start":{"line":300,"column":4},"end":{"line":308,"column":5}},{"start":{},"end":{}}]},"27":{"loc":{"start":{"line":309,"column":4},"end":{"line":317,"column":5}},"type":"if","locations":[{"start":{"line":309,"column":4},"end":{"line":317,"column":5}},{"start":{},"end":{}}]},"28":{"loc":{"start":{"line":318,"column":4},"end":{"line":325,"column":5}},"type":"if","locations":[{"start":{"line":318,"column":4},"end":{"line":325,"column":5}},{"start":{},"end":{}}]},"29":{"loc":{"start":{"line":326,"column":4},"end":{"line":334,"column":5}},"type":"if","locations":[{"start":{"line":326,"column":4},"end":{"line":334,"column":5}},{"start":{},"end":{}}]},"30":{"loc":{"start":{"line":335,"column":4},"end":{"line":343,"column":5}},"type":"if","locations":[{"start":{"line":335,"column":4},"end":{"line":343,"column":5}},{"start":{},"end":{}}]},"31":{"loc":{"start":{"line":344,"column":4},"end":{"line":352,"column":5}},"type":"if","locations":[{"start":{"line":344,"column":4},"end":{"line":352,"column":5}},{"start":{},"end":{}}]},"32":{"loc":{"start":{"line":370,"column":19},"end":{"line":370,"column":73}},"type":"binary-expr","locations":[{"start":{"line":370,"column":19},"end":{"line":370,"column":67}},{"start":{"line":370,"column":71},"end":{"line":370,"column":73}}]},"33":{"loc":{"start":{"line":371,"column":6},"end":{"line":371,"column":40}},"type":"if","locations":[{"start":{"line":371,"column":6},"end":{"line":371,"column":40}},{"start":{},"end":{}}]},"34":{"loc":{"start":{"line":382,"column":21},"end":{"line":382,"column":68}},"type":"cond-expr","locations":[{"start":{"line":382,"column":46},"end":{"line":382,"column":49}},{"start":{"line":382,"column":52},"end":{"line":382,"column":68}}]}},"s":{"0":0,"1":0,"2":0,"3":0,"4":0,"5":0,"6":0,"7":0,"8":0,"9":0,"10":0,"11":0,"12":0,"13":0,"14":0,"15":0,"16":0,"17":0,"18":0,"19":0,"20":0,"21":0,"22":0,"23":0,"24":0,"25":0,"26":0,"27":0,"28":0,"29":0,"30":0,"31":0,"32":0,"33":0,"34":0,"35":0,"36":0,"37":0,"38":0,"39":0,"40":0,"41":0,"42":0,"43":0,"44":0,"45":0,"46":0,"47":0,"48":0,"49":0,"50":0,"51":0,"52":0,"53":0,"54":0,"55":0,"56":0,"57":0,"58":0,"59":0,"60":0,"61":0,"62":0,"63":0,"64":0,"65":0,"66":0,"67":0,"68":0,"69":0,"70":0,"71":0,"72":0,"73":0,"74":0,"75":0,"76":0,"77":0,"78":0,"79":0,"80":0,"81":0,"82":0,"83":0,"84":0,"85":0,"86":0,"87":0,"88":0,"89":0,"90":0,"91":0,"92":0,"93":0,"94":0,"95":0,"96":0,"97":0,"98":0,"99":0,"100":0,"101":0,"102":0,"103":0,"104":0,"105":0,"106":0,"107":0,"108":0,"109":0,"110":0,"111":0,"112":0,"113":0,"114":0,"115":0,"116":0,"117":0,"118":0,"119":0,"120":0,"121":0},"f":{"0":0,"1":0,"2":0,"3":0,"4":0,"5":0,"6":0,"7":0,"8":0,"9":0,"10":0,"11":0,"12":0,"13":0,"14":0,"15":0,"16":0,"17":0,"18":0,"19":0,"20":0,"21":0,"22":0,"23":0,"24":0,"25":0,"26":0,"27":0,"28":0,"29":0,"30":0,"31":0,"32":0,"33":0},"b":{"0":[0],"1":[0],"2":[0],"3":[0],"4":[0,0],"5":[0,0],"6":[0,0],"7":[0,0],"8":[0,0],"9":[0,0],"10":[0,0],"11":[0,0],"12":[0,0],"13":[0,0,0,0,0],"14":[0,0],"15":[0,0],"16":[0,0],"17":[0,0],"18":[0,0],"19":[0,0],"20":[0,0],"21":[0,0],"22":[0,0],"23":[0,0],"24":[0,0],"25":[0,0],"26":[0,0],"27":[0,0],"28":[0,0],"29":[0,0],"30":[0,0],"31":[0,0],"32":[0,0],"33":[0,0],"34":[0,0]}}
}
