TN:
SF:src/app.controller.ts
FN:8,(anonymous_2)
FN:14,(anonymous_3)
FN:19,(anonymous_4)
FN:30,(anonymous_5)
FNF:4
FNH:2
FNDA:1,(anonymous_2)
FNDA:1,(anonymous_3)
FNDA:0,(anonymous_4)
FNDA:0,(anonymous_5)
DA:1,1
DA:2,1
DA:3,1
DA:4,1
DA:7,1
DA:9,1
DA:10,1
DA:14,1
DA:15,1
DA:19,1
DA:20,0
DA:30,1
DA:31,0
DA:38,0
DA:47,0
DA:48,0
DA:50,0
LF:17
LH:11
BRDA:9,0,0,1
BRDA:9,0,1,0
BRDA:9,1,0,1
BRDA:9,1,1,1
BRDA:9,2,0,1
BRDA:9,2,1,0
BRDA:9,3,0,1
BRDA:9,3,1,1
BRF:8
BRH:6
end_of_record
TN:
SF:src/app.module.ts
FN:64,(anonymous_1)
FNF:1
FNH:0
FNDA:0,(anonymous_1)
DA:1,0
DA:2,0
DA:3,0
DA:4,0
DA:5,0
DA:6,0
DA:7,0
DA:8,0
DA:9,0
DA:10,0
DA:11,0
DA:12,0
DA:13,0
DA:14,0
DA:15,0
DA:16,0
DA:17,0
DA:18,0
DA:19,0
DA:20,0
DA:21,0
DA:22,0
DA:23,0
DA:24,0
DA:25,0
DA:26,0
DA:27,0
DA:63,0
DA:65,0
LF:29
LH:0
BRF:0
BRH:0
end_of_record
TN:
SF:src/app.service.ts
FN:5,(anonymous_1)
FNF:1
FNH:1
FNDA:1,(anonymous_1)
DA:1,1
DA:4,1
DA:6,1
LF:3
LH:3
BRF:0
BRH:0
end_of_record
TN:
SF:src/main.ts
FN:11,bootstrap
FNF:1
FNH:0
FNDA:0,bootstrap
DA:1,0
DA:2,0
DA:3,0
DA:4,0
DA:5,0
DA:6,0
DA:7,0
DA:8,0
DA:9,0
DA:12,0
DA:15,0
DA:18,0
DA:19,0
DA:20,0
DA:21,0
DA:24,0
DA:30,0
DA:34,0
DA:45,0
DA:48,0
DA:75,0
DA:76,0
DA:86,0
DA:89,0
LF:24
LH:0
BRDA:25,0,0,0
BRDA:25,0,1,0
BRDA:86,1,0,0
BRDA:86,1,1,0
BRF:4
BRH:0
end_of_record
TN:
SF:src/admin/admin.controller.ts
FN:22,(anonymous_13)
FN:25,(anonymous_14)
FN:30,(anonymous_15)
FN:35,(anonymous_16)
FN:44,(anonymous_17)
FNF:5
FNH:0
FNDA:0,(anonymous_13)
FNDA:0,(anonymous_14)
FNDA:0,(anonymous_15)
FNDA:0,(anonymous_16)
FNDA:0,(anonymous_17)
DA:1,0
DA:12,0
DA:13,0
DA:14,0
DA:15,0
DA:21,0
DA:22,0
DA:25,0
DA:26,0
DA:30,0
DA:31,0
DA:35,0
DA:39,0
DA:44,0
DA:45,0
LF:15
LH:0
BRDA:25,0,0,0
BRDA:25,0,1,0
BRDA:25,1,0,0
BRDA:25,1,1,0
BRDA:30,2,0,0
BRDA:30,2,1,0
BRDA:30,3,0,0
BRDA:30,3,1,0
BRDA:37,4,0,0
BRDA:37,4,1,0
BRDA:37,5,0,0
BRDA:37,5,1,0
BRDA:38,6,0,0
BRDA:38,6,1,0
BRDA:38,7,0,0
BRDA:38,7,1,0
BRDA:44,8,0,0
BRDA:44,8,1,0
BRDA:44,9,0,0
BRDA:44,9,1,0
BRDA:22,10,0,0
BRDA:22,10,1,0
BRDA:22,11,0,0
BRDA:22,11,1,0
BRF:24
BRH:0
end_of_record
TN:
SF:src/admin/admin.guard.ts
FN:17,(anonymous_2)
FN:19,(anonymous_3)
FNF:2
FNH:0
FNDA:0,(anonymous_2)
FNDA:0,(anonymous_3)
DA:1,0
DA:7,0
DA:16,0
DA:17,0
DA:20,0
DA:21,0
DA:23,0
DA:24,0
DA:27,0
DA:28,0
DA:29,0
DA:33,0
DA:34,0
DA:36,0
DA:37,0
DA:42,0
LF:16
LH:0
BRDA:23,0,0,0
BRDA:23,0,1,0
BRDA:28,1,0,0
BRDA:28,1,1,0
BRDA:28,2,0,0
BRDA:28,2,1,0
BRDA:36,3,0,0
BRDA:36,3,1,0
BRDA:17,4,0,0
BRDA:17,4,1,0
BRDA:17,5,0,0
BRDA:17,5,1,0
BRF:12
BRH:0
end_of_record
TN:
SF:src/admin/admin.module.ts
FNF:0
FNH:0
DA:1,0
DA:2,0
DA:3,0
DA:4,0
DA:5,0
DA:12,0
LF:6
LH:0
BRF:0
BRH:0
end_of_record
TN:
SF:src/admin/admin.service.ts
FN:7,(anonymous_2)
FN:12,(anonymous_3)
FN:29,(anonymous_4)
FN:53,(anonymous_5)
FN:64,(anonymous_6)
FNF:5
FNH:0
FNDA:0,(anonymous_2)
FNDA:0,(anonymous_3)
FNDA:0,(anonymous_4)
FNDA:0,(anonymous_5)
FNDA:0,(anonymous_6)
DA:1,0
DA:2,0
DA:6,0
DA:7,0
DA:13,0
DA:33,0
DA:34,0
DA:36,0
DA:54,0
DA:55,0
DA:57,0
DA:58,0
DA:74,0
DA:96,0
LF:14
LH:0
BRDA:34,0,0,0
BRDA:34,0,1,0
BRDA:55,1,0,0
BRDA:55,1,1,0
BRDA:7,2,0,0
BRDA:7,2,1,0
BRDA:7,3,0,0
BRDA:7,3,1,0
BRF:8
BRH:0
end_of_record
TN:
SF:src/ai-engine/ai-engine.controller.ts
FN:19,(anonymous_13)
FN:23,(anonymous_14)
FNF:2
FNH:0
FNDA:0,(anonymous_13)
FNDA:0,(anonymous_14)
DA:1,0
DA:9,0
DA:10,0
DA:11,0
DA:12,0
DA:18,0
DA:19,0
DA:23,0
DA:26,0
LF:9
LH:0
BRDA:24,0,0,0
BRDA:24,0,1,0
BRDA:24,1,0,0
BRDA:24,1,1,0
BRDA:25,2,0,0
BRDA:25,2,1,0
BRDA:25,3,0,0
BRDA:25,3,1,0
BRDA:19,4,0,0
BRDA:19,4,1,0
BRDA:19,5,0,0
BRDA:19,5,1,0
BRF:12
BRH:0
end_of_record
TN:
SF:src/ai-engine/ai-engine.module.ts
FNF:0
FNH:0
DA:1,0
DA:2,0
DA:3,0
DA:4,0
DA:12,0
LF:5
LH:0
BRF:0
BRH:0
end_of_record
TN:
SF:src/ai-engine/ai-engine.service.ts
FN:10,(anonymous_2)
FN:49,(anonymous_3)
FN:57,(anonymous_4)
FN:96,(anonymous_5)
FN:152,(anonymous_6)
FN:206,(anonymous_7)
FN:259,(anonymous_8)
FNF:7
FNH:0
FNDA:0,(anonymous_2)
FNDA:0,(anonymous_3)
FNDA:0,(anonymous_4)
FNDA:0,(anonymous_5)
FNDA:0,(anonymous_6)
FNDA:0,(anonymous_7)
FNDA:0,(anonymous_8)
DA:1,0
DA:2,0
DA:6,0
DA:11,0
DA:14,0
DA:15,0
DA:16,0
DA:22,0
DA:23,0
DA:28,0
DA:30,0
DA:32,0
DA:34,0
DA:36,0
DA:43,0
DA:50,0
DA:51,0
DA:52,0
DA:53,0
DA:54,0
DA:58,0
DA:91,0
DA:101,0
DA:102,0
DA:104,0
DA:105,0
DA:121,0
DA:129,0
DA:131,0
DA:132,0
DA:135,0
DA:140,0
DA:145,0
DA:148,0
DA:157,0
DA:159,0
DA:160,0
DA:178,0
DA:184,0
DA:185,0
DA:186,0
DA:189,0
DA:194,0
DA:199,0
DA:202,0
DA:211,0
DA:213,0
DA:214,0
DA:231,0
DA:237,0
DA:238,0
DA:239,0
DA:242,0
DA:247,0
DA:252,0
DA:255,0
DA:265,0
DA:266,0
DA:268,0
DA:269,0
DA:288,0
DA:294,0
DA:295,0
DA:296,0
DA:299,0
DA:304,0
DA:309,0
DA:312,0
LF:68
LH:0
BRDA:14,0,0,0
BRDA:14,0,1,0
BRDA:15,1,0,0
BRDA:15,1,1,0
BRDA:23,2,0,0
BRDA:23,2,1,0
BRDA:28,3,0,0
BRDA:28,3,1,0
BRDA:28,3,2,0
BRDA:28,3,3,0
BRDA:28,3,4,0
BRDA:50,4,0,0
BRDA:50,4,1,0
BRDA:51,5,0,0
BRDA:51,5,1,0
BRDA:52,6,0,0
BRDA:52,6,1,0
BRDA:53,7,0,0
BRDA:53,7,1,0
BRDA:91,8,0,0
BRDA:91,8,1,0
BRDA:131,9,0,0
BRDA:131,9,1,0
BRDA:145,10,0,0
BRDA:145,10,1,0
BRDA:145,10,2,0
BRDA:185,11,0,0
BRDA:185,11,1,0
BRDA:199,12,0,0
BRDA:199,12,1,0
BRDA:199,12,2,0
BRDA:238,13,0,0
BRDA:238,13,1,0
BRDA:252,14,0,0
BRDA:252,14,1,0
BRDA:252,14,2,0
BRDA:266,15,0,0
BRDA:266,15,1,0
BRDA:295,16,0,0
BRDA:295,16,1,0
BRDA:309,17,0,0
BRDA:309,17,1,0
BRDA:309,17,2,0
BRF:43
BRH:0
end_of_record
TN:
SF:src/analytics-hub/analytics-hub.controller.ts
FN:15,(anonymous_4)
FN:18,(anonymous_5)
FN:23,(anonymous_6)
FN:28,(anonymous_7)
FN:33,(anonymous_8)
FN:38,(anonymous_9)
FN:43,(anonymous_10)
FNF:7
FNH:0
FNDA:0,(anonymous_4)
FNDA:0,(anonymous_5)
FNDA:0,(anonymous_6)
FNDA:0,(anonymous_7)
FNDA:0,(anonymous_8)
FNDA:0,(anonymous_9)
FNDA:0,(anonymous_10)
DA:1,0
DA:2,0
DA:3,0
DA:4,0
DA:14,0
DA:15,0
DA:18,0
DA:19,0
DA:23,0
DA:24,0
DA:28,0
DA:29,0
DA:33,0
DA:34,0
DA:38,0
DA:39,0
DA:43,0
DA:44,0
LF:18
LH:0
BRDA:24,0,0,0
BRDA:24,0,1,0
BRDA:29,1,0,0
BRDA:29,1,1,0
BRDA:15,2,0,0
BRDA:15,2,1,0
BRDA:15,3,0,0
BRDA:15,3,1,0
BRF:8
BRH:0
end_of_record
TN:
SF:src/analytics-hub/analytics-hub.module.ts
FNF:0
FNH:0
DA:1,0
DA:2,0
DA:3,0
DA:4,0
DA:5,0
DA:13,0
LF:6
LH:0
BRF:0
BRH:0
end_of_record
TN:
SF:src/analytics-hub/analytics-hub.service.ts
FN:23,(anonymous_2)
FN:25,(anonymous_3)
FN:29,(anonymous_4)
FN:35,(anonymous_5)
FN:45,(anonymous_6)
FN:64,(anonymous_7)
FN:72,(anonymous_8)
FN:81,(anonymous_9)
FN:83,(anonymous_10)
FN:84,(anonymous_11)
FN:85,(anonymous_12)
FN:98,(anonymous_13)
FN:105,(anonymous_14)
FN:107,(anonymous_15)
FN:114,(anonymous_16)
FN:118,(anonymous_17)
FN:130,(anonymous_18)
FNF:17
FNH:14
FNDA:12,(anonymous_2)
FNDA:3216,(anonymous_3)
FNDA:4,(anonymous_4)
FNDA:2114,(anonymous_5)
FNDA:1102,(anonymous_6)
FNDA:0,(anonymous_7)
FNDA:0,(anonymous_8)
FNDA:4,(anonymous_9)
FNDA:2003,(anonymous_10)
FNDA:1000,(anonymous_11)
FNDA:2003,(anonymous_12)
FNDA:2,(anonymous_13)
FNDA:5,(anonymous_14)
FNDA:5,(anonymous_15)
FNDA:0,(anonymous_16)
FNDA:2,(anonymous_17)
FNDA:24,(anonymous_18)
DA:1,1
DA:2,1
DA:3,1
DA:13,1
DA:15,1
DA:16,1
DA:19,1
DA:20,12
DA:21,12
DA:23,12
DA:26,3216
DA:30,4
DA:31,4
DA:32,4
DA:36,2114
DA:37,2114
DA:38,2114
DA:39,100
DA:41,2114
DA:42,2114
DA:46,1102
DA:54,1102
DA:55,1102
DA:56,100
DA:58,1102
DA:59,1102
DA:64,1
DA:65,0
DA:72,1
DA:73,0
DA:74,0
DA:82,4
DA:83,2003
DA:84,1000
DA:85,2003
DA:86,4
DA:88,4
DA:99,2
DA:100,2
DA:101,8
DA:103,2
DA:104,2
DA:105,5
DA:107,5
DA:115,0
DA:119,2
DA:120,2
DA:122,2
DA:123,48
DA:124,48
DA:125,48
DA:129,48
DA:130,24
DA:132,48
DA:135,2
LF:55
LH:51
BRDA:38,0,0,100
BRDA:38,0,1,2014
BRDA:49,1,0,1102
BRDA:49,1,1,1101
BRDA:55,2,0,100
BRDA:55,2,1,1002
BRDA:73,3,0,0
BRDA:73,3,1,0
BRDA:86,4,0,4
BRDA:86,4,1,4
BRDA:98,5,0,0
BRDA:101,6,0,8
BRDA:101,6,1,7
BRDA:103,7,0,2
BRDA:103,7,1,0
BRDA:114,8,0,0
BRDA:130,9,0,24
BRDA:130,9,1,24
BRDA:23,10,0,1
BRDA:23,10,1,0
BRDA:23,11,0,1
BRDA:23,11,1,1
BRF:22
BRH:16
end_of_record
TN:
SF:src/api-hub/api-hub.controller.ts
FN:21,(anonymous_13)
FN:24,(anonymous_14)
FN:32,(anonymous_15)
FN:38,(anonymous_16)
FN:43,(anonymous_17)
FN:51,(anonymous_18)
FN:59,(anonymous_19)
FN:74,(anonymous_20)
FN:80,(anonymous_21)
FN:85,(anonymous_22)
FN:90,(anonymous_23)
FN:96,(anonymous_24)
FN:101,(anonymous_25)
FN:117,(anonymous_26)
FN:125,(anonymous_27)
FNF:15
FNH:0
FNDA:0,(anonymous_13)
FNDA:0,(anonymous_14)
FNDA:0,(anonymous_15)
FNDA:0,(anonymous_16)
FNDA:0,(anonymous_17)
FNDA:0,(anonymous_18)
FNDA:0,(anonymous_19)
FNDA:0,(anonymous_20)
FNDA:0,(anonymous_21)
FNDA:0,(anonymous_22)
FNDA:0,(anonymous_23)
FNDA:0,(anonymous_24)
FNDA:0,(anonymous_25)
FNDA:0,(anonymous_26)
FNDA:0,(anonymous_27)
DA:1,0
DA:11,0
DA:12,0
DA:13,0
DA:14,0
DA:20,0
DA:21,0
DA:24,0
DA:28,0
DA:32,0
DA:33,0
DA:38,0
DA:39,0
DA:43,0
DA:47,0
DA:51,0
DA:55,0
DA:59,0
DA:70,0
DA:74,0
DA:75,0
DA:80,0
DA:81,0
DA:85,0
DA:86,0
DA:90,0
DA:91,0
DA:96,0
DA:97,0
DA:101,0
DA:109,0
DA:117,0
DA:121,0
DA:125,0
DA:126,0
LF:35
LH:0
BRDA:26,0,0,0
BRDA:26,0,1,0
BRDA:26,1,0,0
BRDA:26,1,1,0
BRDA:53,2,0,0
BRDA:53,2,1,0
BRDA:53,3,0,0
BRDA:53,3,1,0
BRDA:21,4,0,0
BRDA:21,4,1,0
BRDA:21,5,0,0
BRDA:21,5,1,0
BRF:12
BRH:0
end_of_record
TN:
SF:src/api-hub/api-hub.module.ts
FNF:0
FNH:0
DA:1,0
DA:2,0
DA:3,0
DA:9,0
LF:4
LH:0
BRF:0
BRH:0
end_of_record
TN:
SF:src/api-hub/api-hub.service.ts
FN:16,(anonymous_5)
FN:26,(anonymous_6)
FN:54,(anonymous_7)
FN:102,(anonymous_8)
FN:126,(anonymous_9)
FN:134,(anonymous_10)
FN:141,(anonymous_11)
FN:145,(anonymous_12)
FN:161,(anonymous_13)
FN:166,(anonymous_14)
FN:173,(anonymous_15)
FN:177,(anonymous_16)
FN:182,(anonymous_17)
FN:186,(anonymous_18)
FN:200,(anonymous_19)
FN:214,(anonymous_20)
FN:219,(anonymous_21)
FNF:17
FNH:6
FNDA:9,(anonymous_5)
FNDA:5,(anonymous_6)
FNDA:0,(anonymous_7)
FNDA:2,(anonymous_8)
FNDA:1,(anonymous_9)
FNDA:0,(anonymous_10)
FNDA:0,(anonymous_11)
FNDA:0,(anonymous_12)
FNDA:0,(anonymous_13)
FNDA:0,(anonymous_14)
FNDA:0,(anonymous_15)
FNDA:1,(anonymous_16)
FNDA:0,(anonymous_17)
FNDA:0,(anonymous_18)
FNDA:0,(anonymous_19)
FNDA:0,(anonymous_20)
FNDA:1,(anonymous_21)
DA:1,1
DA:2,1
DA:4,1
DA:5,1
DA:6,1
DA:8,1
DA:15,1
DA:17,9
DA:18,9
DA:19,9
DA:27,5
DA:28,5
DA:29,5
DA:32,5
DA:40,5
DA:42,5
DA:43,5
DA:44,5
DA:45,5
DA:47,5
DA:49,5
DA:54,0
DA:57,4
DA:58,4
DA:60,1
DA:61,1
DA:65,5
DA:69,5
DA:76,5
DA:79,5
DA:91,5
DA:103,2
DA:104,2
DA:106,2
DA:107,1
DA:108,1
DA:111,1
DA:114,1
DA:120,1
DA:122,1
DA:127,1
DA:130,1
DA:131,1
DA:135,0
DA:136,0
DA:137,0
DA:142,0
DA:155,0
DA:162,0
DA:167,0
DA:174,0
DA:178,1
DA:183,0
DA:191,0
DA:205,0
DA:215,0
DA:220,1
DA:221,1
LF:58
LH:45
BRDA:27,0,0,0
BRDA:62,1,0,1
BRDA:62,1,1,0
BRDA:86,2,0,1
BRDA:86,2,1,4
BRDA:106,3,0,1
BRDA:106,3,1,1
BRDA:209,4,0,0
BRDA:209,4,1,0
BRDA:17,5,0,1
BRDA:17,5,1,0
BRDA:17,6,0,1
BRDA:17,6,1,1
BRDA:17,7,0,1
BRDA:17,7,1,0
BRDA:17,8,0,1
BRDA:17,8,1,1
BRF:17
BRH:11
end_of_record
TN:
SF:src/auth/auth.controller.ts
FN:22,(anonymous_13)
FN:36,(anonymous_14)
FN:50,(anonymous_15)
FN:63,(anonymous_16)
FN:74,(anonymous_17)
FNF:5
FNH:0
FNDA:0,(anonymous_13)
FNDA:0,(anonymous_14)
FNDA:0,(anonymous_15)
FNDA:0,(anonymous_16)
FNDA:0,(anonymous_17)
DA:1,0
DA:11,0
DA:13,0
DA:14,0
DA:15,0
DA:16,0
DA:17,0
DA:21,0
DA:22,0
DA:36,0
DA:40,0
DA:50,0
DA:52,0
DA:55,0
DA:63,0
DA:64,0
DA:67,0
DA:74,0
DA:75,0
LF:19
LH:0
BRDA:52,0,0,0
BRDA:52,0,1,0
BRDA:52,0,2,0
BRDA:67,1,0,0
BRDA:67,1,1,0
BRDA:38,2,0,0
BRDA:38,2,1,0
BRDA:38,3,0,0
BRDA:38,3,1,0
BRDA:50,4,0,0
BRDA:50,4,1,0
BRDA:50,5,0,0
BRDA:50,5,1,0
BRDA:74,6,0,0
BRDA:74,6,1,0
BRDA:74,7,0,0
BRDA:74,7,1,0
BRDA:22,8,0,0
BRDA:22,8,1,0
BRDA:22,9,0,0
BRDA:22,9,1,0
BRF:21
BRH:0
end_of_record
TN:
SF:src/auth/auth.guard.ts
FN:17,(anonymous_2)
FN:19,(anonymous_3)
FNF:2
FNH:0
FNDA:0,(anonymous_2)
FNDA:0,(anonymous_3)
DA:1,0
DA:7,0
DA:16,0
DA:17,0
DA:20,0
DA:21,0
DA:23,0
DA:24,0
DA:27,0
DA:28,0
DA:29,0
DA:34,0
DA:36,0
DA:37,0
DA:38,0
LF:15
LH:0
BRDA:23,0,0,0
BRDA:23,0,1,0
BRDA:28,1,0,0
BRDA:28,1,1,0
BRDA:28,2,0,0
BRDA:28,2,1,0
BRDA:17,3,0,0
BRDA:17,3,1,0
BRDA:17,4,0,0
BRDA:17,4,1,0
BRF:10
BRH:0
end_of_record
TN:
SF:src/auth/auth.module.ts
FNF:0
FNH:0
DA:1,0
DA:2,0
DA:3,0
DA:4,0
DA:5,0
DA:14,0
LF:6
LH:0
BRF:0
BRH:0
end_of_record
TN:
SF:src/auth/auth.service.ts
FN:34,(anonymous_13)
FN:45,(anonymous_14)
FN:56,(anonymous_15)
FN:66,(anonymous_16)
FN:72,(anonymous_17)
FN:80,(anonymous_18)
FN:87,(anonymous_19)
FN:131,(anonymous_20)
FN:168,(anonymous_21)
FN:181,(anonymous_22)
FN:203,(anonymous_23)
FNF:11
FNH:9
FNDA:13,(anonymous_13)
FNDA:12,(anonymous_14)
FNDA:7,(anonymous_15)
FNDA:3,(anonymous_16)
FNDA:0,(anonymous_17)
FNDA:2,(anonymous_18)
FNDA:5,(anonymous_19)
FNDA:12,(anonymous_20)
FNDA:0,(anonymous_21)
FNDA:3,(anonymous_22)
FNDA:5,(anonymous_23)
DA:1,7
DA:8,7
DA:10,7
DA:11,7
DA:12,7
DA:13,7
DA:21,7
DA:22,7
DA:23,7
DA:24,7
DA:27,7
DA:29,13
DA:35,13
DA:36,13
DA:38,13
DA:39,13
DA:40,13
DA:46,12
DA:47,12
DA:48,5
DA:49,1
DA:50,1
DA:57,7
DA:58,7
DA:59,7
DA:60,1
DA:61,1
DA:63,7
DA:67,3
DA:73,0
DA:81,2
DA:82,2
DA:88,5
DA:89,1
DA:91,4
DA:92,1
DA:95,3
DA:98,3
DA:99,1
DA:104,2
DA:105,2
DA:114,2
DA:120,2
DA:132,12
DA:134,11
DA:136,10
DA:139,10
DA:140,6
DA:141,6
DA:144,4
DA:145,4
DA:146,1
DA:147,1
DA:150,3
DA:151,3
DA:157,3
DA:169,0
DA:170,0
DA:173,0
DA:174,0
DA:183,3
DA:184,3
DA:188,1
DA:194,2
DA:195,1
DA:200,1
DA:204,5
LF:67
LH:62
BRDA:39,0,0,0
BRDA:39,0,1,13
BRDA:47,1,0,7
BRDA:47,1,1,5
BRDA:48,2,0,1
BRDA:48,2,1,4
BRDA:57,3,0,7
BRDA:57,3,1,3
BRDA:59,4,0,1
BRDA:59,4,1,6
BRDA:88,5,0,1
BRDA:88,5,1,4
BRDA:88,6,0,5
BRDA:88,6,1,4
BRDA:91,7,0,1
BRDA:91,7,1,3
BRDA:98,8,0,1
BRDA:98,8,1,2
BRDA:131,9,0,6
BRDA:134,10,0,1
BRDA:134,10,1,10
BRDA:139,11,0,6
BRDA:139,11,1,4
BRDA:145,12,0,1
BRDA:145,12,1,3
BRDA:173,13,0,0
BRDA:173,13,1,0
BRDA:194,14,0,1
BRDA:194,14,1,1
BRDA:194,15,0,2
BRDA:194,15,1,2
BRDA:35,16,0,7
BRDA:35,16,1,0
BRDA:35,17,0,7
BRDA:35,17,1,7
BRF:35
BRH:31
end_of_record
TN:
SF:src/auth/current-user.decorator.ts
FN:5,(anonymous_0)
FNF:1
FNH:0
FNDA:0,(anonymous_0)
DA:1,0
DA:4,0
DA:6,0
DA:9,0
LF:4
LH:0
BRF:0
BRH:0
end_of_record
TN:
SF:src/cache/cache.module.ts
FN:9,(anonymous_1)
FNF:1
FNH:0
FNDA:0,(anonymous_1)
DA:1,0
DA:2,0
DA:3,0
DA:10,0
DA:11,0
DA:13,0
DA:14,0
DA:15,0
DA:18,0
DA:24,0
DA:26,0
DA:33,0
DA:34,0
DA:40,0
LF:14
LH:0
BRDA:11,0,0,0
BRDA:11,0,1,0
BRDA:13,1,0,0
BRDA:13,1,1,0
BRF:4
BRH:0
end_of_record
TN:
SF:src/cicd-hub/cicd-hub.controller.ts
FN:20,(anonymous_4)
FN:23,(anonymous_5)
FN:28,(anonymous_6)
FN:33,(anonymous_7)
FN:38,(anonymous_8)
FN:43,(anonymous_9)
FN:48,(anonymous_10)
FN:58,(anonymous_11)
FNF:8
FNH:0
FNDA:0,(anonymous_4)
FNDA:0,(anonymous_5)
FNDA:0,(anonymous_6)
FNDA:0,(anonymous_7)
FNDA:0,(anonymous_8)
FNDA:0,(anonymous_9)
FNDA:0,(anonymous_10)
FNDA:0,(anonymous_11)
DA:1,0
DA:10,0
DA:11,0
DA:12,0
DA:19,0
DA:20,0
DA:23,0
DA:24,0
DA:28,0
DA:29,0
DA:33,0
DA:34,0
DA:38,0
DA:39,0
DA:43,0
DA:44,0
DA:48,0
DA:49,0
DA:58,0
DA:59,0
LF:20
LH:0
BRDA:39,0,0,0
BRDA:39,0,1,0
BRDA:52,1,0,0
BRDA:52,1,1,0
BRDA:20,2,0,0
BRDA:20,2,1,0
BRDA:20,3,0,0
BRDA:20,3,1,0
BRF:8
BRH:0
end_of_record
TN:
SF:src/cicd-hub/cicd-hub.module.ts
FNF:0
FNH:0
DA:1,0
DA:2,0
DA:3,0
DA:4,0
DA:12,0
LF:5
LH:0
BRF:0
BRH:0
end_of_record
TN:
SF:src/cicd-hub/cicd-hub.service.ts
FN:72,uid
FN:81,(anonymous_3)
FN:85,(anonymous_4)
FN:138,(anonymous_5)
FN:155,(anonymous_6)
FN:163,(anonymous_7)
FN:170,(anonymous_8)
FN:209,(anonymous_9)
FN:213,(anonymous_10)
FN:217,(anonymous_11)
FN:218,(anonymous_12)
FN:223,(anonymous_13)
FN:228,(anonymous_14)
FN:233,(anonymous_15)
FN:238,(anonymous_16)
FN:270,(anonymous_17)
FN:288,(anonymous_18)
FN:292,(anonymous_19)
FN:331,(anonymous_20)
FN:334,(anonymous_21)
FN:336,(anonymous_22)
FN:338,(anonymous_23)
FN:339,(anonymous_24)
FN:341,(anonymous_25)
FN:350,(anonymous_26)
FN:353,(anonymous_27)
FNF:26
FNH:0
FNDA:0,uid
FNDA:0,(anonymous_3)
FNDA:0,(anonymous_4)
FNDA:0,(anonymous_5)
FNDA:0,(anonymous_6)
FNDA:0,(anonymous_7)
FNDA:0,(anonymous_8)
FNDA:0,(anonymous_9)
FNDA:0,(anonymous_10)
FNDA:0,(anonymous_11)
FNDA:0,(anonymous_12)
FNDA:0,(anonymous_13)
FNDA:0,(anonymous_14)
FNDA:0,(anonymous_15)
FNDA:0,(anonymous_16)
FNDA:0,(anonymous_17)
FNDA:0,(anonymous_18)
FNDA:0,(anonymous_19)
FNDA:0,(anonymous_20)
FNDA:0,(anonymous_21)
FNDA:0,(anonymous_22)
FNDA:0,(anonymous_23)
FNDA:0,(anonymous_24)
FNDA:0,(anonymous_25)
FNDA:0,(anonymous_26)
FNDA:0,(anonymous_27)
DA:1,0
DA:2,0
DA:11,0
DA:12,0
DA:14,0
DA:46,0
DA:73,0
DA:77,0
DA:78,0
DA:79,0
DA:81,0
DA:82,0
DA:86,0
DA:88,0
DA:93,0
DA:98,0
DA:104,0
DA:112,0
DA:120,0
DA:128,0
DA:143,0
DA:151,0
DA:152,0
DA:163,0
DA:164,0
DA:167,0
DA:170,0
DA:171,0
DA:172,0
DA:173,0
DA:174,0
DA:175,0
DA:189,0
DA:190,0
DA:202,0
DA:203,0
DA:204,0
DA:210,0
DA:214,0
DA:218,0
DA:219,0
DA:220,0
DA:224,0
DA:225,0
DA:233,0
DA:234,0
DA:235,0
DA:237,0
DA:238,0
DA:244,0
DA:255,0
DA:256,0
DA:258,0
DA:259,0
DA:265,0
DA:267,0
DA:271,0
DA:272,0
DA:276,0
DA:277,0
DA:278,0
DA:280,0
DA:281,0
DA:283,0
DA:286,0
DA:288,0
DA:290,0
DA:291,0
DA:292,0
DA:295,0
DA:296,0
DA:299,0
DA:300,0
DA:302,0
DA:303,0
DA:305,0
DA:306,0
DA:307,0
DA:308,0
DA:309,0
DA:310,0
DA:314,0
DA:317,0
DA:320,0
DA:321,0
DA:322,0
DA:323,0
DA:324,0
DA:325,0
DA:332,0
DA:333,0
DA:334,0
DA:336,0
DA:337,0
DA:338,0
DA:339,0
DA:340,0
DA:341,0
DA:344,0
DA:350,0
DA:353,0
LF:101
LH:0
BRDA:164,0,0,0
BRDA:164,0,1,0
BRDA:167,1,0,0
BRDA:167,1,1,0
BRDA:172,2,0,0
BRDA:172,2,1,0
BRDA:177,3,0,0
BRDA:177,3,1,0
BRDA:177,4,0,0
BRDA:177,4,1,0
BRDA:179,5,0,0
BRDA:179,5,1,0
BRDA:180,6,0,0
BRDA:180,6,1,0
BRDA:181,7,0,0
BRDA:181,7,1,0
BRDA:183,8,0,0
BRDA:183,8,1,0
BRDA:184,9,0,0
BRDA:184,9,1,0
BRDA:185,10,0,0
BRDA:185,10,1,0
BRDA:213,11,0,0
BRDA:219,12,0,0
BRDA:219,12,1,0
BRDA:224,13,0,0
BRDA:224,13,1,0
BRDA:231,14,0,0
BRDA:234,15,0,0
BRDA:234,15,1,0
BRDA:237,16,0,0
BRDA:237,16,1,0
BRDA:256,17,0,0
BRDA:256,17,1,0
BRDA:272,18,0,0
BRDA:272,18,1,0
BRDA:283,19,0,0
BRDA:283,19,1,0
BRDA:284,20,0,0
BRDA:284,20,1,0
BRDA:285,21,0,0
BRDA:285,21,1,0
BRDA:297,22,0,0
BRDA:297,22,1,0
BRDA:299,23,0,0
BRDA:299,23,1,0
BRDA:334,24,0,0
BRDA:334,24,1,0
BRDA:340,25,0,0
BRDA:340,25,1,0
BRDA:346,26,0,0
BRDA:346,26,1,0
BRDA:353,27,0,0
BRDA:353,27,1,0
BRDA:81,28,0,0
BRDA:81,28,1,0
BRDA:81,29,0,0
BRDA:81,29,1,0
BRF:58
BRH:0
end_of_record
TN:
SF:src/common/filters/http-exception.filter.ts
FN:15,(anonymous_1)
FNF:1
FNH:0
FNDA:0,(anonymous_1)
DA:1,0
DA:12,0
DA:13,0
DA:16,0
DA:17,0
DA:18,0
DA:21,0
DA:26,0
DA:30,0
DA:31,0
DA:37,0
LF:11
LH:0
BRDA:21,0,0,0
BRDA:21,0,1,0
BRDA:26,1,0,0
BRDA:26,1,1,0
BRDA:30,2,0,0
BRDA:30,2,1,0
BRDA:33,3,0,0
BRDA:33,3,1,0
BRDA:42,4,0,0
BRDA:42,4,1,0
BRDA:42,5,0,0
BRDA:42,5,1,0
BRF:12
BRH:0
end_of_record
TN:
SF:src/common/pipes/sanitize.pipe.ts
FN:3,sanitizeValue
FN:15,(anonymous_2)
FN:26,(anonymous_3)
FNF:3
FNH:3
FNDA:13,sanitizeValue
FNDA:2,(anonymous_2)
FNDA:9,(anonymous_3)
DA:1,1
DA:4,13
DA:5,7
DA:12,6
DA:13,5
DA:14,1
DA:15,2
DA:21,4
DA:25,1
DA:27,9
LF:10
LH:10
BRDA:4,0,0,7
BRDA:4,0,1,6
BRDA:12,1,0,1
BRDA:12,1,1,5
BRDA:13,2,0,1
BRDA:13,2,1,4
BRDA:13,3,0,5
BRDA:13,3,1,4
BRF:8
BRH:8
end_of_record
TN:
SF:src/db-hub/db-hub.controller.ts
FN:22,(anonymous_13)
FN:25,(anonymous_14)
FN:30,(anonymous_15)
FN:38,(anonymous_16)
FN:44,(anonymous_17)
FN:53,(anonymous_18)
FN:61,(anonymous_19)
FN:66,(anonymous_20)
FNF:8
FNH:0
FNDA:0,(anonymous_13)
FNDA:0,(anonymous_14)
FNDA:0,(anonymous_15)
FNDA:0,(anonymous_16)
FNDA:0,(anonymous_17)
FNDA:0,(anonymous_18)
FNDA:0,(anonymous_19)
FNDA:0,(anonymous_20)
DA:1,0
DA:12,0
DA:13,0
DA:14,0
DA:15,0
DA:21,0
DA:22,0
DA:25,0
DA:26,0
DA:30,0
DA:34,0
DA:38,0
DA:39,0
DA:44,0
DA:48,0
DA:53,0
DA:57,0
DA:61,0
DA:62,0
DA:66,0
DA:67,0
LF:21
LH:0
BRDA:32,0,0,0
BRDA:32,0,1,0
BRDA:32,1,0,0
BRDA:32,1,1,0
BRDA:46,2,0,0
BRDA:46,2,1,0
BRDA:46,3,0,0
BRDA:46,3,1,0
BRDA:55,4,0,0
BRDA:55,4,1,0
BRDA:55,5,0,0
BRDA:55,5,1,0
BRDA:22,6,0,0
BRDA:22,6,1,0
BRDA:22,7,0,0
BRDA:22,7,1,0
BRF:16
BRH:0
end_of_record
TN:
SF:src/db-hub/db-hub.module.ts
FNF:0
FNH:0
DA:1,0
DA:2,0
DA:3,0
DA:4,0
DA:5,0
DA:13,0
LF:6
LH:0
BRF:0
BRH:0
end_of_record
TN:
SF:src/db-hub/db-hub.service.ts
FN:11,assertSafeQuery
FN:28,(anonymous_12)
FN:35,(anonymous_13)
FN:42,(anonymous_14)
FN:57,(anonymous_15)
FN:67,(anonymous_16)
FN:97,(anonymous_17)
FN:146,(anonymous_18)
FN:155,(anonymous_19)
FN:192,(anonymous_20)
FN:217,(anonymous_21)
FN:253,(anonymous_22)
FN:304,(anonymous_23)
FN:311,(anonymous_24)
FNF:14
FNH:3
FNDA:12,assertSafeQuery
FNDA:12,(anonymous_12)
FNDA:0,(anonymous_13)
FNDA:0,(anonymous_14)
FNDA:0,(anonymous_15)
FNDA:0,(anonymous_16)
FNDA:0,(anonymous_17)
FNDA:0,(anonymous_18)
FNDA:12,(anonymous_19)
FNDA:0,(anonymous_20)
FNDA:0,(anonymous_21)
FNDA:0,(anonymous_22)
FNDA:0,(anonymous_23)
FNDA:0,(anonymous_24)
DA:1,1
DA:9,1
DA:12,12
DA:13,11
DA:18,1
DA:19,1
DA:20,1
DA:21,1
DA:22,1
DA:23,1
DA:27,1
DA:29,12
DA:30,12
DA:36,0
DA:43,0
DA:58,0
DA:59,0
DA:60,0
DA:62,0
DA:70,0
DA:72,0
DA:73,0
DA:81,0
DA:82,0
DA:83,0
DA:84,0
DA:89,0
DA:97,0
DA:101,0
DA:102,0
DA:103,0
DA:111,0
DA:112,0
DA:113,0
DA:115,0
DA:123,0
DA:126,0
DA:129,0
DA:130,0
DA:132,0
DA:133,0
DA:134,0
DA:135,0
DA:136,0
DA:138,0
DA:146,0
DA:150,0
DA:156,12
DA:158,1
DA:162,1
DA:163,1
DA:168,0
DA:169,0
DA:170,0
DA:171,0
DA:172,0
DA:173,0
DA:175,0
DA:176,0
DA:177,0
DA:186,0
DA:187,0
DA:188,0
DA:189,0
DA:190,0
DA:192,0
DA:194,0
DA:195,0
DA:204,0
DA:205,0
DA:206,0
DA:207,0
DA:208,0
DA:211,0
DA:212,0
DA:214,0
DA:217,0
DA:219,0
DA:220,0
DA:223,0
DA:224,0
DA:226,0
DA:227,0
DA:228,0
DA:231,0
DA:232,0
DA:234,0
DA:239,0
DA:240,0
DA:243,0
DA:244,0
DA:245,0
DA:246,0
DA:247,0
DA:248,0
DA:250,0
DA:253,0
DA:256,0
DA:261,0
DA:262,0
DA:266,0
DA:269,0
DA:272,0
DA:279,0
DA:282,0
DA:293,0
DA:305,0
DA:312,0
LF:108
LH:17
BRDA:12,0,0,11
BRDA:12,0,1,1
BRDA:52,1,0,0
BRDA:52,1,1,0
BRDA:59,2,0,0
BRDA:59,2,1,0
BRDA:70,3,0,0
BRDA:72,4,0,0
BRDA:72,4,1,0
BRDA:92,5,0,0
BRDA:92,5,1,0
BRDA:101,6,0,0
BRDA:101,6,1,0
BRDA:118,7,0,0
BRDA:118,7,1,0
BRDA:123,8,0,0
BRDA:123,8,1,0
BRDA:126,9,0,0
BRDA:126,9,1,0
BRDA:141,10,0,0
BRDA:141,10,1,0
BRDA:162,11,0,1
BRDA:162,11,1,0
BRDA:176,12,0,0
BRDA:176,12,1,0
BRDA:189,13,0,0
BRDA:189,13,1,0
BRDA:194,14,0,0
BRDA:194,14,1,0
BRDA:206,15,0,0
BRDA:206,15,1,0
BRDA:213,16,0,0
BRDA:213,16,1,0
BRDA:219,17,0,0
BRDA:219,17,1,0
BRDA:220,18,0,0
BRDA:220,18,1,0
BRDA:245,19,0,0
BRDA:245,19,1,0
BRDA:245,20,0,0
BRDA:245,20,1,0
BRDA:247,21,0,0
BRDA:247,21,1,0
BRDA:263,22,0,0
BRDA:263,22,1,0
BRDA:29,23,0,1
BRDA:29,23,1,0
BRDA:29,24,0,1
BRDA:29,24,1,1
BRDA:29,25,0,1
BRDA:29,25,1,0
BRDA:29,26,0,1
BRDA:29,26,1,1
BRF:53
BRH:9
end_of_record
TN:
SF:src/devops/devops.controller.ts
FN:21,(anonymous_13)
FN:24,(anonymous_14)
FN:29,(anonymous_15)
FN:37,(anonymous_16)
FNF:4
FNH:0
FNDA:0,(anonymous_13)
FNDA:0,(anonymous_14)
FNDA:0,(anonymous_15)
FNDA:0,(anonymous_16)
DA:1,0
DA:11,0
DA:12,0
DA:13,0
DA:14,0
DA:20,0
DA:21,0
DA:24,0
DA:25,0
DA:29,0
DA:32,0
DA:37,0
DA:41,0
LF:13
LH:0
BRDA:24,0,0,0
BRDA:24,0,1,0
BRDA:24,1,0,0
BRDA:24,1,1,0
BRDA:31,2,0,0
BRDA:31,2,1,0
BRDA:31,3,0,0
BRDA:31,3,1,0
BRDA:39,4,0,0
BRDA:39,4,1,0
BRDA:39,5,0,0
BRDA:39,5,1,0
BRDA:40,6,0,0
BRDA:40,6,1,0
BRDA:40,7,0,0
BRDA:40,7,1,0
BRDA:21,8,0,0
BRDA:21,8,1,0
BRDA:21,9,0,0
BRDA:21,9,1,0
BRF:20
BRH:0
end_of_record
TN:
SF:src/devops/devops.module.ts
FNF:0
FNH:0
DA:1,0
DA:2,0
DA:3,0
DA:4,0
DA:12,0
LF:5
LH:0
BRF:0
BRH:0
end_of_record
TN:
SF:src/devops/devops.service.ts
FN:23,(anonymous_2)
FN:25,(anonymous_3)
FN:27,(anonymous_4)
FN:32,(anonymous_5)
FN:41,(anonymous_6)
FN:44,(anonymous_7)
FN:45,(anonymous_8)
FN:57,(anonymous_9)
FN:78,(anonymous_10)
FN:104,(anonymous_11)
FN:109,(anonymous_12)
FN:110,(anonymous_13)
FNF:12
FNH:0
FNDA:0,(anonymous_2)
FNDA:0,(anonymous_3)
FNDA:0,(anonymous_4)
FNDA:0,(anonymous_5)
FNDA:0,(anonymous_6)
FNDA:0,(anonymous_7)
FNDA:0,(anonymous_8)
FNDA:0,(anonymous_9)
FNDA:0,(anonymous_10)
FNDA:0,(anonymous_11)
FNDA:0,(anonymous_12)
FNDA:0,(anonymous_13)
DA:1,0
DA:7,0
DA:8,0
DA:9,0
DA:10,0
DA:17,0
DA:20,0
DA:23,0
DA:27,0
DA:28,0
DA:33,0
DA:34,0
DA:42,0
DA:43,0
DA:44,0
DA:45,0
DA:47,0
DA:48,0
DA:58,0
DA:59,0
DA:62,0
DA:63,0
DA:64,0
DA:66,0
DA:68,0
DA:69,0
DA:82,0
DA:83,0
DA:86,0
DA:87,0
DA:88,0
DA:93,0
DA:94,0
DA:105,0
DA:106,0
DA:109,0
DA:110,0
DA:112,0
DA:114,0
LF:39
LH:0
BRDA:33,0,0,0
BRDA:33,0,1,0
BRDA:47,1,0,0
BRDA:47,1,1,0
BRDA:63,2,0,0
BRDA:63,2,1,0
BRDA:68,3,0,0
BRDA:68,3,1,0
BRDA:82,4,0,0
BRDA:82,4,1,0
BRDA:93,5,0,0
BRDA:93,5,1,0
BRDA:112,6,0,0
BRDA:112,6,1,0
BRDA:23,7,0,0
BRDA:23,7,1,0
BRDA:23,8,0,0
BRDA:23,8,1,0
BRF:18
BRH:0
end_of_record
TN:
SF:src/env-manager/env-manager.controller.ts
FN:50,(anonymous_4)
FN:53,(anonymous_5)
FN:58,(anonymous_6)
FN:63,(anonymous_7)
FN:68,(anonymous_8)
FN:77,(anonymous_9)
FN:85,(anonymous_10)
FN:90,(anonymous_11)
FN:95,(anonymous_12)
FN:104,(anonymous_13)
FN:112,(anonymous_14)
FN:120,(anonymous_15)
FN:125,(anonymous_16)
FN:130,(anonymous_17)
FNF:14
FNH:0
FNDA:0,(anonymous_4)
FNDA:0,(anonymous_5)
FNDA:0,(anonymous_6)
FNDA:0,(anonymous_7)
FNDA:0,(anonymous_8)
FNDA:0,(anonymous_9)
FNDA:0,(anonymous_10)
FNDA:0,(anonymous_11)
FNDA:0,(anonymous_12)
FNDA:0,(anonymous_13)
FNDA:0,(anonymous_14)
FNDA:0,(anonymous_15)
FNDA:0,(anonymous_16)
FNDA:0,(anonymous_17)
DA:1,0
DA:11,0
DA:12,0
DA:13,0
DA:49,0
DA:50,0
DA:53,0
DA:54,0
DA:58,0
DA:59,0
DA:63,0
DA:64,0
DA:68,0
DA:69,0
DA:77,0
DA:81,0
DA:85,0
DA:86,0
DA:90,0
DA:91,0
DA:95,0
DA:100,0
DA:104,0
DA:108,0
DA:112,0
DA:116,0
DA:120,0
DA:121,0
DA:125,0
DA:126,0
DA:130,0
DA:134,0
LF:32
LH:0
BRDA:72,0,0,0
BRDA:72,0,1,0
BRDA:79,1,0,0
BRDA:79,1,1,0
BRDA:79,2,0,0
BRDA:79,2,1,0
BRDA:50,3,0,0
BRDA:50,3,1,0
BRDA:50,4,0,0
BRDA:50,4,1,0
BRF:10
BRH:0
end_of_record
TN:
SF:src/env-manager/env-manager.module.ts
FNF:0
FNH:0
DA:1,0
DA:2,0
DA:3,0
DA:10,0
LF:4
LH:0
BRF:0
BRH:0
end_of_record
TN:
SF:src/env-manager/env-manager.service.ts
FN:11,uid
FN:22,(anonymous_3)
FN:28,(anonymous_4)
FN:29,(anonymous_5)
FN:32,(anonymous_6)
FN:33,(anonymous_7)
FN:37,(anonymous_8)
FN:47,(anonymous_9)
FN:62,(anonymous_10)
FN:66,(anonymous_11)
FN:72,(anonymous_12)
FN:73,(anonymous_13)
FN:76,(anonymous_14)
FN:82,(anonymous_15)
FN:87,(anonymous_16)
FN:102,(anonymous_17)
FN:108,(anonymous_18)
FN:110,(anonymous_19)
FN:120,(anonymous_20)
FN:125,(anonymous_21)
FN:127,(anonymous_22)
FN:138,(anonymous_23)
FN:139,(anonymous_24)
FN:141,(anonymous_25)
FN:145,(anonymous_26)
FN:146,(anonymous_27)
FN:152,(anonymous_28)
FN:162,(anonymous_29)
FN:164,(anonymous_30)
FN:165,(anonymous_31)
FN:168,(anonymous_32)
FN:173,(anonymous_33)
FN:175,(anonymous_34)
FN:179,(anonymous_35)
FN:188,(anonymous_36)
FN:189,(anonymous_37)
FN:199,(anonymous_38)
FN:207,(anonymous_39)
FN:210,(anonymous_40)
FN:217,(anonymous_41)
FN:226,(anonymous_42)
FN:233,(anonymous_43)
FN:394,(anonymous_44)
FN:407,(anonymous_45)
FNF:44
FNH:43
FNDA:445,uid
FNDA:16,(anonymous_3)
FNDA:5,(anonymous_4)
FNDA:5,(anonymous_5)
FNDA:2,(anonymous_6)
FNDA:1,(anonymous_7)
FNDA:14,(anonymous_8)
FNDA:12,(anonymous_9)
FNDA:2,(anonymous_10)
FNDA:1,(anonymous_11)
FNDA:2,(anonymous_12)
FNDA:1,(anonymous_13)
FNDA:1,(anonymous_14)
FNDA:1,(anonymous_15)
FNDA:1,(anonymous_16)
FNDA:1,(anonymous_17)
FNDA:1,(anonymous_18)
FNDA:1,(anonymous_19)
FNDA:1,(anonymous_20)
FNDA:1,(anonymous_21)
FNDA:1,(anonymous_22)
FNDA:2,(anonymous_23)
FNDA:2,(anonymous_24)
FNDA:2,(anonymous_25)
FNDA:2,(anonymous_26)
FNDA:1,(anonymous_27)
FNDA:2,(anonymous_28)
FNDA:3,(anonymous_29)
FNDA:2,(anonymous_30)
FNDA:0,(anonymous_31)
FNDA:1,(anonymous_32)
FNDA:1,(anonymous_33)
FNDA:1,(anonymous_34)
FNDA:1,(anonymous_35)
FNDA:1,(anonymous_36)
FNDA:2,(anonymous_37)
FNDA:3,(anonymous_38)
FNDA:25,(anonymous_39)
FNDA:20,(anonymous_40)
FNDA:18,(anonymous_41)
FNDA:15,(anonymous_42)
FNDA:16,(anonymous_43)
FNDA:224,(anonymous_44)
FNDA:304,(anonymous_45)
DA:1,1
DA:12,445
DA:15,1
DA:18,1
DA:19,16
DA:20,16
DA:23,16
DA:29,5
DA:33,2
DA:34,2
DA:42,14
DA:43,14
DA:47,12
DA:57,14
DA:58,14
DA:59,14
DA:66,2
DA:67,2
DA:68,1
DA:69,1
DA:73,2
DA:74,2
DA:75,1
DA:76,1
DA:77,1
DA:87,1
DA:88,1
DA:89,1
DA:90,1
DA:96,1
DA:97,1
DA:98,1
DA:99,1
DA:108,1
DA:109,1
DA:110,1
DA:111,1
DA:112,1
DA:113,1
DA:114,1
DA:115,1
DA:116,1
DA:117,1
DA:125,1
DA:126,1
DA:127,1
DA:128,1
DA:129,1
DA:130,1
DA:131,1
DA:132,1
DA:133,1
DA:134,1
DA:139,2
DA:140,2
DA:141,2
DA:146,2
DA:147,2
DA:148,1
DA:153,2
DA:154,2
DA:157,1
DA:163,3
DA:164,2
DA:165,0
DA:173,1
DA:174,1
DA:175,1
DA:177,1
DA:178,1
DA:179,1
DA:180,1
DA:181,1
DA:182,1
DA:183,1
DA:189,2
DA:190,1
DA:195,2
DA:196,1
DA:199,3
DA:208,25
DA:210,20
DA:222,18
DA:226,15
DA:234,16
DA:236,16
DA:276,16
DA:323,16
DA:384,16
DA:387,16
DA:388,48
DA:394,224
DA:414,304
DA:415,304
LF:94
LH:93
BRDA:34,0,0,1
BRDA:34,0,1,1
BRDA:67,1,0,1
BRDA:67,1,1,1
BRDA:74,2,0,1
BRDA:74,2,1,1
BRDA:85,3,0,1
BRDA:88,4,0,0
BRDA:88,4,1,1
BRDA:106,5,0,1
BRDA:109,6,0,0
BRDA:109,6,1,1
BRDA:111,7,0,0
BRDA:111,7,1,1
BRDA:123,8,0,1
BRDA:126,9,0,0
BRDA:126,9,1,1
BRDA:128,10,0,0
BRDA:128,10,1,1
BRDA:140,11,0,0
BRDA:140,11,1,2
BRDA:147,12,0,1
BRDA:147,12,1,1
BRDA:153,13,0,1
BRDA:153,13,1,1
BRDA:171,14,0,1
BRDA:175,15,0,1
BRDA:175,15,1,1
BRDA:177,16,0,0
BRDA:177,16,1,1
BRDA:177,17,0,1
BRDA:177,17,1,1
BRDA:212,18,0,14
BRDA:212,18,1,6
BRDA:395,19,0,16
BRDA:395,19,1,32
BRDA:398,20,0,16
BRDA:398,20,1,32
BRDA:400,21,0,16
BRDA:400,21,1,16
BRF:40
BRH:33
end_of_record
TN:
SF:src/error-tracker/error-tracker.controller.ts
FN:23,(anonymous_4)
FN:26,(anonymous_5)
FN:41,(anonymous_6)
FN:46,(anonymous_7)
FN:51,(anonymous_8)
FN:57,(anonymous_9)
FN:62,(anonymous_10)
FNF:7
FNH:0
FNDA:0,(anonymous_4)
FNDA:0,(anonymous_5)
FNDA:0,(anonymous_6)
FNDA:0,(anonymous_7)
FNDA:0,(anonymous_8)
FNDA:0,(anonymous_9)
FNDA:0,(anonymous_10)
DA:1,0
DA:13,0
DA:14,0
DA:15,0
DA:22,0
DA:23,0
DA:26,0
DA:32,0
DA:41,0
DA:42,0
DA:46,0
DA:47,0
DA:51,0
DA:52,0
DA:57,0
DA:58,0
DA:62,0
DA:63,0
LF:18
LH:0
BRDA:23,0,0,0
BRDA:23,0,1,0
BRDA:23,1,0,0
BRDA:23,1,1,0
BRF:4
BRH:0
end_of_record
TN:
SF:src/error-tracker/error-tracker.module.ts
FNF:0
FNH:0
DA:1,0
DA:2,0
DA:3,0
DA:4,0
DA:5,0
DA:13,0
LF:6
LH:0
BRF:0
BRH:0
end_of_record
TN:
SF:src/error-tracker/error-tracker.service.ts
FN:9,(anonymous_2)
FN:14,(anonymous_3)
FN:38,(anonymous_4)
FN:67,(anonymous_5)
FN:89,(anonymous_6)
FN:95,(anonymous_7)
FN:99,(anonymous_8)
FN:105,(anonymous_9)
FNF:8
FNH:0
FNDA:0,(anonymous_2)
FNDA:0,(anonymous_3)
FNDA:0,(anonymous_4)
FNDA:0,(anonymous_5)
FNDA:0,(anonymous_6)
FNDA:0,(anonymous_7)
FNDA:0,(anonymous_8)
FNDA:0,(anonymous_9)
DA:1,0
DA:2,0
DA:3,0
DA:4,0
DA:8,0
DA:10,0
DA:11,0
DA:20,0
DA:39,0
DA:49,0
DA:50,0
DA:52,0
DA:53,0
DA:54,0
DA:56,0
DA:59,0
DA:68,0
DA:78,0
DA:86,0
DA:90,0
DA:91,0
DA:92,0
DA:96,0
DA:100,0
DA:105,0
LF:25
LH:0
BRDA:23,0,0,0
BRDA:23,0,1,0
BRDA:23,1,0,0
BRDA:23,1,1,0
BRDA:24,2,0,0
BRDA:24,2,1,0
BRDA:24,3,0,0
BRDA:24,3,1,0
BRDA:25,4,0,0
BRDA:25,4,1,0
BRDA:54,5,0,0
BRDA:54,5,1,0
BRDA:56,6,0,0
BRDA:56,6,1,0
BRDA:91,7,0,0
BRDA:91,7,1,0
BRDA:10,8,0,0
BRDA:10,8,1,0
BRDA:10,9,0,0
BRDA:10,9,1,0
BRDA:10,10,0,0
BRDA:10,10,1,0
BRDA:10,11,0,0
BRDA:10,11,1,0
BRF:24
BRH:0
end_of_record
TN:
SF:src/event-bus/event-bus-logger.ts
FN:13,(anonymous_1)
FN:17,(anonymous_2)
FN:22,(anonymous_3)
FN:27,(anonymous_4)
FN:32,(anonymous_5)
FN:37,(anonymous_6)
FNF:6
FNH:0
FNDA:0,(anonymous_1)
FNDA:0,(anonymous_2)
FNDA:0,(anonymous_3)
FNDA:0,(anonymous_4)
FNDA:0,(anonymous_5)
FNDA:0,(anonymous_6)
DA:1,0
DA:3,0
DA:6,0
DA:14,0
DA:18,0
DA:19,0
DA:23,0
DA:24,0
DA:28,0
DA:29,0
DA:33,0
DA:34,0
DA:43,0
DA:45,0
DA:46,0
DA:50,0
DA:52,0
DA:60,0
LF:18
LH:0
BRDA:43,0,0,0
BRDA:43,0,1,0
BRDA:45,1,0,0
BRDA:45,1,1,0
BRDA:45,2,0,0
BRDA:45,2,1,0
BRDA:50,3,0,0
BRDA:50,3,1,0
BRDA:55,4,0,0
BRDA:55,4,1,0
BRDA:56,5,0,0
BRDA:56,5,1,0
BRF:12
BRH:0
end_of_record
TN:
SF:src/event-bus/event-bus.module.ts
FNF:0
FNH:0
DA:1,0
DA:2,0
DA:3,0
DA:4,0
DA:5,0
DA:17,0
LF:6
LH:0
BRF:0
BRH:0
end_of_record
TN:
SF:src/event-bus/event-bus.service.ts
FN:8,(anonymous_2)
FN:17,(anonymous_3)
FNF:2
FNH:0
FNDA:0,(anonymous_2)
FNDA:0,(anonymous_3)
DA:1,5
DA:2,5
DA:4,5
DA:7,5
DA:9,0
DA:10,0
DA:19,0
DA:22,0
LF:8
LH:4
BRDA:9,0,0,5
BRDA:9,0,1,0
BRDA:9,1,0,5
BRDA:9,1,1,5
BRDA:9,2,0,5
BRDA:9,2,1,0
BRDA:9,3,0,5
BRDA:9,3,1,5
BRF:8
BRH:6
end_of_record
TN:
SF:src/events/events.gateway.ts
FN:24,(anonymous_2)
FN:28,(anonymous_3)
FN:29,(anonymous_4)
FN:40,(anonymous_5)
FN:44,(anonymous_6)
FN:51,(anonymous_7)
FN:55,(anonymous_8)
FN:62,(anonymous_9)
FNF:8
FNH:0
FNDA:0,(anonymous_2)
FNDA:0,(anonymous_3)
FNDA:0,(anonymous_4)
FNDA:0,(anonymous_5)
FNDA:0,(anonymous_6)
FNDA:0,(anonymous_7)
FNDA:0,(anonymous_8)
FNDA:0,(anonymous_9)
DA:1,6
DA:8,6
DA:9,6
DA:10,6
DA:18,6
DA:22,6
DA:24,0
DA:29,0
DA:30,0
DA:31,0
DA:33,0
DA:34,0
DA:35,0
DA:38,0
DA:41,0
DA:42,0
DA:45,0
DA:46,0
DA:52,0
DA:56,0
DA:63,0
DA:64,0
LF:22
LH:6
BRDA:31,0,0,0
BRDA:31,0,1,0
BRDA:33,1,0,0
BRDA:33,1,1,0
BRDA:45,2,0,0
BRDA:45,2,1,0
BRDA:63,3,0,0
BRDA:63,3,1,0
BRDA:22,4,0,6
BRDA:22,4,1,0
BRDA:22,5,0,6
BRDA:22,5,1,6
BRDA:24,6,0,6
BRDA:24,6,1,0
BRDA:24,7,0,6
BRDA:24,7,1,6
BRF:16
BRH:6
end_of_record
TN:
SF:src/logs-hub/logs-hub.controller.ts
FN:22,(anonymous_13)
FN:27,(anonymous_14)
FN:32,(anonymous_15)
FN:40,(anonymous_16)
FN:47,(anonymous_17)
FN:52,(anonymous_18)
FN:60,(anonymous_19)
FN:66,(anonymous_20)
FNF:8
FNH:0
FNDA:0,(anonymous_13)
FNDA:0,(anonymous_14)
FNDA:0,(anonymous_15)
FNDA:0,(anonymous_16)
FNDA:0,(anonymous_17)
FNDA:0,(anonymous_18)
FNDA:0,(anonymous_19)
FNDA:0,(anonymous_20)
DA:1,0
DA:12,0
DA:13,0
DA:14,0
DA:15,0
DA:21,0
DA:22,0
DA:27,0
DA:28,0
DA:32,0
DA:36,0
DA:40,0
DA:41,0
DA:47,0
DA:48,0
DA:52,0
DA:56,0
DA:60,0
DA:61,0
DA:66,0
DA:67,0
LF:21
LH:0
BRDA:34,0,0,0
BRDA:34,0,1,0
BRDA:34,1,0,0
BRDA:34,1,1,0
BRDA:54,2,0,0
BRDA:54,2,1,0
BRDA:54,3,0,0
BRDA:54,3,1,0
BRDA:22,4,0,0
BRDA:22,4,1,0
BRDA:22,5,0,0
BRDA:22,5,1,0
BRF:12
BRH:0
end_of_record
TN:
SF:src/logs-hub/logs-hub.module.ts
FNF:0
FNH:0
DA:1,0
DA:2,0
DA:3,0
DA:4,0
DA:5,0
DA:13,0
LF:6
LH:0
BRF:0
BRH:0
end_of_record
TN:
SF:src/logs-hub/logs-hub.service.ts
FN:18,assertSafePath
FN:20,(anonymous_12)
FN:37,(anonymous_13)
FN:42,(anonymous_14)
FN:50,(anonymous_15)
FN:60,(anonymous_16)
FN:72,(anonymous_17)
FN:83,(anonymous_18)
FN:99,(anonymous_19)
FN:128,(anonymous_20)
FN:139,(anonymous_21)
FN:143,(anonymous_22)
FN:162,(anonymous_23)
FN:174,(anonymous_24)
FN:181,(anonymous_25)
FN:204,(anonymous_26)
FN:212,(anonymous_27)
FNF:17
FNH:4
FNDA:11,assertSafePath
FNDA:31,(anonymous_12)
FNDA:11,(anonymous_13)
FNDA:0,(anonymous_14)
FNDA:0,(anonymous_15)
FNDA:0,(anonymous_16)
FNDA:0,(anonymous_17)
FNDA:0,(anonymous_18)
FNDA:0,(anonymous_19)
FNDA:0,(anonymous_20)
FNDA:0,(anonymous_21)
FNDA:11,(anonymous_22)
FNDA:0,(anonymous_23)
FNDA:0,(anonymous_24)
FNDA:0,(anonymous_25)
FNDA:0,(anonymous_26)
FNDA:0,(anonymous_27)
DA:1,1
DA:8,1
DA:9,1
DA:10,1
DA:12,1
DA:13,1
DA:16,1
DA:19,11
DA:20,11
DA:21,31
DA:23,11
DA:24,9
DA:31,1
DA:32,11
DA:38,11
DA:39,11
DA:44,0
DA:45,0
DA:46,0
DA:52,0
DA:53,0
DA:55,0
DA:61,0
DA:62,0
DA:65,0
DA:68,0
DA:69,0
DA:70,0
DA:72,0
DA:73,0
DA:74,0
DA:75,0
DA:76,0
DA:77,0
DA:83,0
DA:85,0
DA:86,0
DA:87,0
DA:88,0
DA:89,0
DA:99,0
DA:100,0
DA:106,0
DA:108,0
DA:116,0
DA:117,0
DA:121,0
DA:129,0
DA:130,0
DA:131,0
DA:132,0
DA:133,0
DA:140,0
DA:145,11
DA:147,2
DA:148,2
DA:153,0
DA:158,0
DA:159,0
DA:163,0
DA:164,0
DA:165,0
DA:168,0
DA:169,0
DA:175,0
DA:182,0
DA:193,0
DA:201,0
DA:205,0
DA:206,0
DA:207,0
DA:209,0
DA:213,0
LF:73
LH:19
BRDA:23,0,0,9
BRDA:23,0,1,2
BRDA:61,1,0,0
BRDA:61,1,1,0
BRDA:73,2,0,0
BRDA:73,2,1,0
BRDA:76,3,0,0
BRDA:76,3,1,0
BRDA:85,4,0,0
BRDA:85,4,1,0
BRDA:88,5,0,0
BRDA:88,5,1,0
BRDA:130,6,0,0
BRDA:130,6,1,0
BRDA:147,7,0,2
BRDA:147,7,1,0
BRDA:164,8,0,0
BRDA:164,8,1,0
BRDA:206,9,0,0
BRDA:206,9,1,0
BRDA:38,10,0,1
BRDA:38,10,1,0
BRDA:38,11,0,1
BRDA:38,11,1,1
BRDA:38,12,0,1
BRDA:38,12,1,0
BRDA:38,13,0,1
BRDA:38,13,1,1
BRF:28
BRH:9
end_of_record
TN:
SF:src/monitoring/monitoring.controller.ts
FN:20,(anonymous_13)
FN:23,(anonymous_14)
FN:28,(anonymous_15)
FN:33,(anonymous_16)
FN:41,(anonymous_17)
FNF:5
FNH:0
FNDA:0,(anonymous_13)
FNDA:0,(anonymous_14)
FNDA:0,(anonymous_15)
FNDA:0,(anonymous_16)
FNDA:0,(anonymous_17)
DA:1,0
DA:10,0
DA:11,0
DA:12,0
DA:13,0
DA:19,0
DA:20,0
DA:23,0
DA:24,0
DA:28,0
DA:29,0
DA:33,0
DA:37,0
DA:41,0
DA:42,0
LF:15
LH:0
BRDA:23,0,0,0
BRDA:23,0,1,0
BRDA:23,1,0,0
BRDA:23,1,1,0
BRDA:35,2,0,0
BRDA:35,2,1,0
BRDA:35,3,0,0
BRDA:35,3,1,0
BRDA:20,4,0,0
BRDA:20,4,1,0
BRDA:20,5,0,0
BRDA:20,5,1,0
BRF:12
BRH:0
end_of_record
TN:
SF:src/monitoring/monitoring.module.ts
FNF:0
FNH:0
DA:1,0
DA:2,0
DA:3,0
DA:4,0
DA:5,0
DA:13,0
LF:6
LH:0
BRF:0
BRH:0
end_of_record
TN:
SF:src/monitoring/monitoring.service.ts
FN:23,(anonymous_12)
FN:28,(anonymous_13)
FN:46,(anonymous_14)
FN:52,(anonymous_15)
FN:84,(anonymous_16)
FN:98,(anonymous_17)
FN:99,(anonymous_18)
FN:101,(anonymous_19)
FN:118,(anonymous_20)
FN:125,(anonymous_21)
FN:127,(anonymous_22)
FN:146,(anonymous_23)
FN:170,(anonymous_24)
FN:179,(anonymous_25)
FN:186,(anonymous_26)
FN:194,(anonymous_27)
FN:201,(anonymous_28)
FN:283,(anonymous_29)
FN:295,(anonymous_30)
FN:318,(anonymous_31)
FNF:20
FNH:13
FNDA:6,(anonymous_12)
FNDA:2,(anonymous_13)
FNDA:0,(anonymous_14)
FNDA:2,(anonymous_15)
FNDA:4,(anonymous_16)
FNDA:2,(anonymous_17)
FNDA:2,(anonymous_18)
FNDA:2,(anonymous_19)
FNDA:2,(anonymous_20)
FNDA:0,(anonymous_21)
FNDA:0,(anonymous_22)
FNDA:6,(anonymous_23)
FNDA:1,(anonymous_24)
FNDA:0,(anonymous_25)
FNDA:2,(anonymous_26)
FNDA:0,(anonymous_27)
FNDA:1,(anonymous_28)
FNDA:0,(anonymous_29)
FNDA:2,(anonymous_30)
FNDA:0,(anonymous_31)
DA:1,1
DA:8,1
DA:9,1
DA:10,1
DA:12,1
DA:13,1
DA:14,1
DA:15,1
DA:17,1
DA:20,1
DA:21,6
DA:24,6
DA:25,6
DA:30,2
DA:31,2
DA:32,1
DA:33,0
DA:35,1
DA:39,1
DA:47,0
DA:53,2
DA:55,2
DA:56,2
DA:57,2
DA:58,2
DA:60,2
DA:62,2
DA:85,4
DA:86,4
DA:87,4
DA:88,4
DA:89,0
DA:90,0
DA:91,0
DA:93,0
DA:95,4
DA:99,2
DA:100,2
DA:101,2
DA:102,2
DA:103,2
DA:104,2
DA:106,2
DA:107,0
DA:108,0
DA:112,2
DA:113,2
DA:119,2
DA:120,2
DA:121,2
DA:122,0
DA:125,0
DA:127,0
DA:128,0
DA:129,0
DA:132,0
DA:133,0
DA:134,0
DA:136,0
DA:137,0
DA:138,0
DA:139,0
DA:140,0
DA:141,0
DA:145,2
DA:146,6
DA:147,2
DA:148,2
DA:149,2
DA:150,2
DA:151,2
DA:152,2
DA:153,2
DA:160,0
DA:171,1
DA:174,1
DA:177,1
DA:179,1
DA:180,0
DA:183,1
DA:187,2
DA:188,2
DA:189,1
DA:190,1
DA:195,0
DA:196,0
DA:198,0
DA:202,1
DA:206,1
DA:207,1
DA:208,1
DA:211,0
DA:212,0
DA:213,0
DA:214,0
DA:215,0
DA:217,0
DA:218,0
DA:223,0
DA:224,0
DA:225,0
DA:227,0
DA:228,0
DA:229,0
DA:230,0
DA:231,0
DA:232,0
DA:235,0
DA:239,0
DA:241,0
DA:252,0
DA:261,0
DA:274,0
DA:284,0
DA:296,2
DA:299,2
DA:300,2
DA:302,1
DA:305,1
DA:314,1
DA:315,1
DA:319,0
DA:323,0
DA:324,0
DA:327,0
DA:328,0
DA:332,0
LF:127
LH:71
BRDA:66,0,0,2
BRDA:66,0,1,2
BRDA:106,1,0,0
BRDA:106,1,1,2
BRDA:121,2,0,0
BRDA:121,2,1,2
BRDA:127,3,0,0
BRDA:127,3,1,0
BRDA:128,4,0,0
BRDA:128,4,1,0
BRDA:136,5,0,0
BRDA:136,5,1,0
BRDA:136,6,0,0
BRDA:136,6,1,0
BRDA:147,7,0,2
BRDA:147,7,1,0
BRDA:188,8,0,1
BRDA:188,8,1,1
BRDA:206,9,0,1
BRDA:206,9,1,0
BRDA:225,10,0,0
BRDA:225,10,1,0
BRDA:225,11,0,0
BRDA:225,11,1,0
BRDA:229,12,0,0
BRDA:229,12,1,0
BRDA:230,13,0,0
BRDA:230,13,1,0
BRDA:231,14,0,0
BRDA:231,14,1,0
BRDA:235,15,0,0
BRDA:235,15,1,0
BRDA:296,16,0,2
BRDA:296,16,1,0
BRDA:323,17,0,0
BRDA:323,17,1,0
BRDA:24,18,0,1
BRDA:24,18,1,0
BRDA:24,19,0,1
BRDA:24,19,1,1
BRDA:24,20,0,1
BRDA:24,20,1,0
BRDA:24,21,0,1
BRDA:24,21,1,1
BRF:44
BRH:15
end_of_record
TN:
SF:src/performance-hub/performance-hub.controller.ts
FN:11,(anonymous_4)
FN:14,(anonymous_5)
FN:19,(anonymous_6)
FN:24,(anonymous_7)
FNF:4
FNH:0
FNDA:0,(anonymous_4)
FNDA:0,(anonymous_5)
FNDA:0,(anonymous_6)
FNDA:0,(anonymous_7)
DA:1,0
DA:2,0
DA:3,0
DA:4,0
DA:10,0
DA:11,0
DA:14,0
DA:15,0
DA:19,0
DA:20,0
DA:24,0
DA:25,0
LF:12
LH:0
BRDA:25,0,0,0
BRDA:25,0,1,0
BRDA:11,1,0,0
BRDA:11,1,1,0
BRDA:11,2,0,0
BRDA:11,2,1,0
BRF:6
BRH:0
end_of_record
TN:
SF:src/performance-hub/performance-hub.module.ts
FNF:0
FNH:0
DA:1,0
DA:2,0
DA:3,0
DA:4,0
DA:5,0
DA:6,0
DA:14,0
LF:7
LH:0
BRF:0
BRH:0
end_of_record
TN:
SF:src/performance-hub/performance-hub.service.ts
FN:16,percentile
FN:26,(anonymous_3)
FN:32,(anonymous_4)
FN:48,(anonymous_5)
FN:65,(anonymous_6)
FN:67,(anonymous_7)
FN:72,(anonymous_8)
FN:81,(anonymous_9)
FN:84,(anonymous_10)
FN:88,(anonymous_11)
FN:90,(anonymous_12)
FN:90,(anonymous_13)
FN:91,(anonymous_14)
FN:97,(anonymous_15)
FNF:14
FNH:0
FNDA:0,percentile
FNDA:0,(anonymous_3)
FNDA:0,(anonymous_4)
FNDA:0,(anonymous_5)
FNDA:0,(anonymous_6)
FNDA:0,(anonymous_7)
FNDA:0,(anonymous_8)
FNDA:0,(anonymous_9)
FNDA:0,(anonymous_10)
FNDA:0,(anonymous_11)
FNDA:0,(anonymous_12)
FNDA:0,(anonymous_13)
FNDA:0,(anonymous_14)
FNDA:0,(anonymous_15)
DA:1,0
DA:2,0
DA:3,0
DA:5,0
DA:6,0
DA:13,0
DA:14,0
DA:17,0
DA:18,0
DA:19,0
DA:23,0
DA:24,0
DA:27,0
DA:28,0
DA:32,0
DA:33,0
DA:34,0
DA:41,0
DA:42,0
DA:43,0
DA:49,0
DA:50,0
DA:52,0
DA:54,0
DA:57,0
DA:58,0
DA:59,0
DA:60,0
DA:61,0
DA:64,0
DA:66,0
DA:67,0
DA:68,0
DA:72,0
DA:81,0
DA:85,0
DA:89,0
DA:90,0
DA:91,0
DA:93,0
DA:95,0
DA:97,0
LF:42
LH:0
BRDA:17,0,0,0
BRDA:17,0,1,0
BRDA:33,1,0,0
BRDA:33,1,1,0
BRDA:42,2,0,0
BRDA:42,2,1,0
BRDA:58,3,0,0
BRDA:58,3,1,0
BRDA:60,4,0,0
BRDA:60,4,1,0
BRDA:84,5,0,0
BRDA:96,6,0,0
BRDA:96,6,1,0
BRDA:102,7,0,0
BRDA:102,7,1,0
BRDA:27,8,0,0
BRDA:27,8,1,0
BRDA:27,9,0,0
BRDA:27,9,1,0
BRDA:27,10,0,0
BRDA:27,10,1,0
BRDA:27,11,0,0
BRDA:27,11,1,0
BRF:23
BRH:0
end_of_record
TN:
SF:src/plugin-system/plugin-system.controller.ts
FN:21,(anonymous_4)
FN:24,(anonymous_5)
FN:29,(anonymous_6)
FN:34,(anonymous_7)
FN:39,(anonymous_8)
FN:44,(anonymous_9)
FN:49,(anonymous_10)
FN:54,(anonymous_11)
FN:62,(anonymous_12)
FN:67,(anonymous_13)
FNF:10
FNH:0
FNDA:0,(anonymous_4)
FNDA:0,(anonymous_5)
FNDA:0,(anonymous_6)
FNDA:0,(anonymous_7)
FNDA:0,(anonymous_8)
FNDA:0,(anonymous_9)
FNDA:0,(anonymous_10)
FNDA:0,(anonymous_11)
FNDA:0,(anonymous_12)
FNDA:0,(anonymous_13)
DA:1,0
DA:11,0
DA:12,0
DA:13,0
DA:20,0
DA:21,0
DA:24,0
DA:25,0
DA:29,0
DA:30,0
DA:34,0
DA:35,0
DA:39,0
DA:40,0
DA:44,0
DA:45,0
DA:49,0
DA:50,0
DA:54,0
DA:58,0
DA:62,0
DA:63,0
DA:67,0
DA:68,0
LF:24
LH:0
BRDA:63,0,0,0
BRDA:63,0,1,0
BRDA:56,1,0,0
BRDA:56,1,1,0
BRDA:56,2,0,0
BRDA:56,2,1,0
BRDA:21,3,0,0
BRDA:21,3,1,0
BRDA:21,4,0,0
BRDA:21,4,1,0
BRF:10
BRH:0
end_of_record
TN:
SF:src/plugin-system/plugin-system.module.ts
FNF:0
FNH:0
DA:1,0
DA:2,0
DA:3,0
DA:10,0
LF:4
LH:0
BRF:0
BRH:0
end_of_record
TN:
SF:src/plugin-system/plugin-system.service.ts
FN:14,uid
FN:26,(anonymous_3)
FN:33,(anonymous_4)
FN:37,(anonymous_5)
FN:38,(anonymous_6)
FN:41,(anonymous_7)
FN:42,(anonymous_8)
FN:46,(anonymous_9)
FN:66,(anonymous_10)
FN:67,(anonymous_11)
FN:71,(anonymous_12)
FN:72,(anonymous_13)
FN:77,(anonymous_14)
FN:78,(anonymous_15)
FN:85,(anonymous_16)
FN:89,(anonymous_17)
FN:97,(anonymous_18)
FN:101,(anonymous_19)
FN:103,(anonymous_20)
FN:137,(anonymous_21)
FN:143,(anonymous_22)
FN:156,(anonymous_23)
FN:158,(anonymous_24)
FN:166,(anonymous_25)
FN:171,(anonymous_26)
FN:176,(anonymous_27)
FN:181,(anonymous_28)
FN:186,(anonymous_29)
FN:192,(anonymous_30)
FN:197,(anonymous_31)
FN:204,(anonymous_32)
FN:231,(anonymous_33)
FN:370,(anonymous_34)
FN:373,(anonymous_35)
FNF:34
FNH:0
FNDA:0,uid
FNDA:0,(anonymous_3)
FNDA:0,(anonymous_4)
FNDA:0,(anonymous_5)
FNDA:0,(anonymous_6)
FNDA:0,(anonymous_7)
FNDA:0,(anonymous_8)
FNDA:0,(anonymous_9)
FNDA:0,(anonymous_10)
FNDA:0,(anonymous_11)
FNDA:0,(anonymous_12)
FNDA:0,(anonymous_13)
FNDA:0,(anonymous_14)
FNDA:0,(anonymous_15)
FNDA:0,(anonymous_16)
FNDA:0,(anonymous_17)
FNDA:0,(anonymous_18)
FNDA:0,(anonymous_19)
FNDA:0,(anonymous_20)
FNDA:0,(anonymous_21)
FNDA:0,(anonymous_22)
FNDA:0,(anonymous_23)
FNDA:0,(anonymous_24)
FNDA:0,(anonymous_25)
FNDA:0,(anonymous_26)
FNDA:0,(anonymous_27)
FNDA:0,(anonymous_28)
FNDA:0,(anonymous_29)
FNDA:0,(anonymous_30)
FNDA:0,(anonymous_31)
FNDA:0,(anonymous_32)
FNDA:0,(anonymous_33)
FNDA:0,(anonymous_34)
FNDA:0,(anonymous_35)
DA:1,0
DA:2,0
DA:3,0
DA:15,0
DA:18,0
DA:21,0
DA:22,0
DA:23,0
DA:24,0
DA:27,0
DA:28,0
DA:34,0
DA:38,0
DA:42,0
DA:43,0
DA:45,0
DA:46,0
DA:48,0
DA:50,0
DA:61,0
DA:62,0
DA:63,0
DA:67,0
DA:68,0
DA:69,0
DA:70,0
DA:71,0
DA:72,0
DA:73,0
DA:74,0
DA:78,0
DA:79,0
DA:80,0
DA:81,0
DA:82,0
DA:89,0
DA:90,0
DA:91,0
DA:92,0
DA:98,0
DA:102,0
DA:103,0
DA:105,0
DA:107,0
DA:108,0
DA:109,0
DA:110,0
DA:121,0
DA:122,0
DA:123,0
DA:124,0
DA:125,0
DA:128,0
DA:129,0
DA:132,0
DA:138,0
DA:144,0
DA:151,0
DA:152,0
DA:154,0
DA:156,0
DA:158,0
DA:166,0
DA:167,0
DA:171,0
DA:172,0
DA:176,0
DA:177,0
DA:181,0
DA:182,0
DA:186,0
DA:187,0
DA:195,0
DA:196,0
DA:197,0
DA:214,0
DA:232,0
DA:371,0
DA:372,0
DA:373,0
DA:374,0
DA:378,0
DA:385,0
DA:386,0
DA:387,0
DA:388,0
DA:389,0
DA:390,0
DA:391,0
DA:401,0
DA:402,0
LF:91
LH:0
BRDA:43,0,0,0
BRDA:43,0,1,0
BRDA:48,1,0,0
BRDA:48,1,1,0
BRDA:68,2,0,0
BRDA:68,2,1,0
BRDA:73,3,0,0
BRDA:73,3,1,0
BRDA:79,4,0,0
BRDA:79,4,1,0
BRDA:81,5,0,0
BRDA:81,5,1,0
BRDA:90,6,0,0
BRDA:90,6,1,0
BRDA:97,7,0,0
BRDA:103,8,0,0
BRDA:103,8,1,0
BRDA:119,9,0,0
BRDA:119,9,1,0
BRDA:125,10,0,0
BRDA:125,10,1,0
BRDA:128,11,0,0
BRDA:128,11,1,0
BRDA:195,12,0,0
BRDA:195,12,1,0
BRDA:199,13,0,0
BRDA:199,13,1,0
BRDA:374,14,0,0
BRDA:374,14,1,0
BRDA:387,15,0,0
BRDA:387,15,1,0
BRDA:389,16,0,0
BRDA:389,16,1,0
BRDA:399,17,0,0
BRDA:399,17,1,0
BRDA:402,18,0,0
BRDA:402,18,1,0
BRF:37
BRH:0
end_of_record
TN:
SF:src/prisma/prisma.module.ts
FNF:0
FNH:0
DA:1,0
DA:2,0
DA:9,0
LF:3
LH:0
BRF:0
BRH:0
end_of_record
TN:
SF:src/prisma/prisma.service.ts
FN:9,(anonymous_1)
FN:13,(anonymous_2)
FNF:2
FNH:0
FNDA:0,(anonymous_1)
FNDA:0,(anonymous_2)
DA:1,7
DA:2,7
DA:5,7
DA:10,0
DA:14,0
LF:5
LH:3
BRF:0
BRH:0
end_of_record
TN:
SF:src/project-generator/project-generator.controller.ts
FN:27,(anonymous_13)
FN:31,(anonymous_14)
FNF:2
FNH:0
FNDA:0,(anonymous_13)
FNDA:0,(anonymous_14)
DA:1,0
DA:10,0
DA:11,0
DA:12,0
DA:13,0
DA:26,0
DA:27,0
DA:31,0
DA:35,0
DA:41,0
DA:43,0
DA:49,0
LF:12
LH:0
BRDA:32,0,0,0
BRDA:32,0,1,0
BRDA:32,1,0,0
BRDA:32,1,1,0
BRDA:27,2,0,0
BRDA:27,2,1,0
BRDA:27,3,0,0
BRDA:27,3,1,0
BRF:8
BRH:0
end_of_record
TN:
SF:src/project-generator/project-generator.module.ts
FNF:0
FNH:0
DA:1,0
DA:2,0
DA:3,0
DA:4,0
DA:12,0
LF:5
LH:0
BRF:0
BRH:0
end_of_record
TN:
SF:src/project-generator/project-generator.service.ts
FN:10,(anonymous_2)
FN:35,(anonymous_3)
FN:119,(anonymous_4)
FN:135,(anonymous_5)
FN:139,(anonymous_6)
FN:164,(anonymous_7)
FN:334,(anonymous_8)
FN:423,(anonymous_9)
FN:513,(anonymous_10)
FN:605,(anonymous_11)
FN:663,(anonymous_12)
FN:718,(anonymous_13)
FN:757,(anonymous_14)
FN:816,(anonymous_15)
FN:859,(anonymous_16)
FNF:15
FNH:0
FNDA:0,(anonymous_2)
FNDA:0,(anonymous_3)
FNDA:0,(anonymous_4)
FNDA:0,(anonymous_5)
FNDA:0,(anonymous_6)
FNDA:0,(anonymous_7)
FNDA:0,(anonymous_8)
FNDA:0,(anonymous_9)
FNDA:0,(anonymous_10)
FNDA:0,(anonymous_11)
FNDA:0,(anonymous_12)
FNDA:0,(anonymous_13)
FNDA:0,(anonymous_14)
FNDA:0,(anonymous_15)
FNDA:0,(anonymous_16)
DA:1,0
DA:2,0
DA:6,0
DA:15,0
DA:20,0
DA:21,0
DA:24,0
DA:25,0
DA:28,0
DA:29,0
DA:32,0
DA:40,0
DA:43,0
DA:63,0
DA:64,0
DA:81,0
DA:83,0
DA:84,0
DA:86,0
DA:87,0
DA:89,0
DA:90,0
DA:92,0
DA:93,0
DA:95,0
DA:96,0
DA:98,0
DA:99,0
DA:101,0
DA:102,0
DA:104,0
DA:105,0
DA:107,0
DA:108,0
DA:110,0
DA:111,0
DA:113,0
DA:116,0
DA:120,0
DA:132,0
DA:136,0
DA:140,0
DA:146,0
DA:148,0
DA:150,0
DA:152,0
DA:154,0
DA:156,0
DA:158,0
DA:169,0
DA:197,0
DA:213,0
DA:226,0
DA:242,0
DA:257,0
DA:264,0
DA:265,0
DA:284,0
DA:299,0
DA:320,0
DA:321,0
DA:339,0
DA:350,0
DA:373,0
DA:374,0
DA:409,0
DA:410,0
DA:428,0
DA:435,0
DA:452,0
DA:488,0
DA:500,0
DA:501,0
DA:518,0
DA:544,0
DA:552,0
DA:565,0
DA:583,0
DA:591,0
DA:592,0
DA:610,0
DA:632,0
DA:650,0
DA:651,0
DA:668,0
DA:685,0
DA:705,0
DA:706,0
DA:723,0
DA:737,0
DA:746,0
DA:747,0
DA:762,0
DA:782,0
DA:804,0
DA:805,0
DA:821,0
DA:831,0
DA:843,0
DA:844,0
DA:864,0
DA:890,0
DA:897,0
DA:913,0
DA:914,0
LF:105
LH:0
BRDA:20,0,0,0
BRDA:20,0,1,0
BRDA:50,1,0,0
BRDA:50,1,1,0
BRDA:51,2,0,0
BRDA:51,2,1,0
BRDA:52,3,0,0
BRDA:52,3,1,0
BRDA:59,4,0,0
BRDA:59,4,1,0
BRDA:63,5,0,0
BRDA:63,5,1,0
BRDA:75,6,0,0
BRDA:75,6,1,0
BRDA:81,7,0,0
BRDA:81,7,1,0
BRDA:81,7,2,0
BRDA:81,7,3,0
BRDA:81,7,4,0
BRDA:81,7,5,0
BRDA:81,7,6,0
BRDA:81,7,7,0
BRDA:81,7,8,0
BRDA:81,7,9,0
BRDA:81,7,10,0
BRDA:132,8,0,0
BRDA:132,8,1,0
BRDA:140,9,0,0
BRDA:140,9,1,0
BRDA:140,9,2,0
BRDA:140,9,3,0
BRDA:140,9,4,0
BRDA:140,9,5,0
BRDA:140,9,6,0
BRDA:140,9,7,0
BRDA:140,9,8,0
BRDA:140,9,9,0
BRDA:140,9,10,0
BRDA:184,10,0,0
BRDA:184,10,1,0
BRDA:230,11,0,0
BRDA:230,11,1,0
BRDA:234,12,0,0
BRDA:234,12,1,0
BRDA:264,13,0,0
BRDA:264,13,1,0
BRDA:320,14,0,0
BRDA:320,14,1,0
BRDA:346,15,0,0
BRDA:346,15,1,0
BRDA:367,16,0,0
BRDA:367,16,1,0
BRDA:373,17,0,0
BRDA:373,17,1,0
BRDA:409,18,0,0
BRDA:409,18,1,0
BRDA:432,19,0,0
BRDA:432,19,1,0
BRDA:500,20,0,0
BRDA:500,20,1,0
BRDA:532,21,0,0
BRDA:532,21,1,0
BRDA:591,22,0,0
BRDA:591,22,1,0
BRDA:623,23,0,0
BRDA:623,23,1,0
BRDA:650,24,0,0
BRDA:650,24,1,0
BRDA:678,25,0,0
BRDA:678,25,1,0
BRDA:705,26,0,0
BRDA:705,26,1,0
BRDA:746,27,0,0
BRDA:746,27,1,0
BRDA:804,28,0,0
BRDA:804,28,1,0
BRDA:843,29,0,0
BRDA:843,29,1,0
BRDA:913,30,0,0
BRDA:913,30,1,0
BRF:80
BRH:0
end_of_record
TN:
SF:src/security-center/security-center.controller.ts
FN:12,(anonymous_4)
FN:15,(anonymous_5)
FN:20,(anonymous_6)
FN:25,(anonymous_7)
FN:30,(anonymous_8)
FNF:5
FNH:0
FNDA:0,(anonymous_4)
FNDA:0,(anonymous_5)
FNDA:0,(anonymous_6)
FNDA:0,(anonymous_7)
FNDA:0,(anonymous_8)
DA:1,0
DA:2,0
DA:3,0
DA:4,0
DA:11,0
DA:12,0
DA:15,0
DA:16,0
DA:20,0
DA:21,0
DA:25,0
DA:26,0
DA:30,0
DA:31,0
LF:14
LH:0
BRDA:21,0,0,0
BRDA:21,0,1,0
BRDA:12,1,0,0
BRDA:12,1,1,0
BRDA:12,2,0,0
BRDA:12,2,1,0
BRF:6
BRH:0
end_of_record
TN:
SF:src/security-center/security-center.module.ts
FNF:0
FNH:0
DA:1,0
DA:2,0
DA:3,0
DA:4,0
DA:12,0
LF:5
LH:0
BRF:0
BRH:0
end_of_record
TN:
SF:src/security-center/security-center.service.ts
FN:25,(anonymous_10)
FN:44,(anonymous_11)
FN:48,(anonymous_12)
FN:54,(anonymous_13)
FN:66,(anonymous_14)
FN:69,(anonymous_15)
FN:75,(anonymous_16)
FN:79,(anonymous_17)
FN:83,(anonymous_18)
FN:91,(anonymous_19)
FN:93,(anonymous_20)
FN:105,(anonymous_21)
FNF:12
FNH:0
FNDA:0,(anonymous_10)
FNDA:0,(anonymous_11)
FNDA:0,(anonymous_12)
FNDA:0,(anonymous_13)
FNDA:0,(anonymous_14)
FNDA:0,(anonymous_15)
FNDA:0,(anonymous_16)
FNDA:0,(anonymous_17)
FNDA:0,(anonymous_18)
FNDA:0,(anonymous_19)
FNDA:0,(anonymous_20)
FNDA:0,(anonymous_21)
DA:1,0
DA:2,0
DA:10,0
DA:11,0
DA:12,0
DA:15,0
DA:16,0
DA:17,0
DA:22,0
DA:26,0
DA:27,0
DA:28,0
DA:29,0
DA:32,0
DA:37,0
DA:38,0
DA:39,0
DA:40,0
DA:41,0
DA:45,0
DA:49,0
DA:50,0
DA:52,0
DA:53,0
DA:54,0
DA:57,0
DA:66,0
DA:70,0
DA:71,0
DA:72,0
DA:74,0
DA:75,0
DA:78,0
DA:79,0
DA:82,0
DA:83,0
DA:85,0
DA:86,0
DA:87,0
DA:88,0
DA:90,0
DA:91,0
DA:93,0
DA:95,0
DA:106,0
DA:107,0
DA:108,0
DA:109,0
DA:110,0
DA:112,0
DA:114,0
DA:115,0
DA:125,0
DA:126,0
DA:128,0
DA:129,0
DA:130,0
DA:131,0
DA:134,0
DA:135,0
DA:138,0
DA:147,0
DA:148,0
DA:149,0
DA:150,0
DA:151,0
DA:152,0
DA:153,0
DA:163,0
LF:69
LH:0
BRDA:22,0,0,0
BRDA:22,0,1,0
BRDA:28,1,0,0
BRDA:28,1,1,0
BRDA:32,2,0,0
BRDA:32,2,1,0
BRDA:39,3,0,0
BRDA:39,3,1,0
BRDA:44,4,0,0
BRDA:54,5,0,0
BRDA:54,5,1,0
BRDA:88,6,0,0
BRDA:88,6,1,0
BRDA:105,7,0,0
BRDA:114,8,0,0
BRDA:114,8,1,0
BRDA:128,9,0,0
BRDA:128,9,1,0
BRDA:134,10,0,0
BRDA:134,10,1,0
BRDA:156,11,0,0
BRDA:156,11,1,0
BRDA:158,12,0,0
BRDA:158,12,1,0
BRF:24
BRH:0
end_of_record
TN:
SF:src/security-center/security.middleware.ts
FN:9,(anonymous_11)
FN:11,(anonymous_12)
FN:35,(anonymous_13)
FNF:3
FNH:0
FNDA:0,(anonymous_11)
FNDA:0,(anonymous_12)
FNDA:0,(anonymous_13)
DA:1,0
DA:3,0
DA:4,0
DA:8,0
DA:9,0
DA:12,0
DA:17,0
DA:18,0
DA:19,0
DA:20,0
DA:21,0
DA:22,0
DA:23,0
DA:31,0
DA:35,0
DA:36,0
DA:48,0
LF:17
LH:0
BRDA:18,0,0,0
BRDA:18,0,1,0
BRDA:21,1,0,0
BRDA:21,1,1,0
BRDA:31,2,0,0
BRDA:31,2,1,0
BRDA:31,2,2,0
BRDA:9,3,0,0
BRDA:9,3,1,0
BRDA:9,4,0,0
BRDA:9,4,1,0
BRF:11
BRH:0
end_of_record
TN:
SF:src/seo-engine/seo-engine.controller.ts
FN:39,(anonymous_4)
FN:42,(anonymous_5)
FN:47,(anonymous_6)
FN:52,(anonymous_7)
FN:57,(anonymous_8)
FN:62,(anonymous_9)
FN:67,(anonymous_10)
FN:72,(anonymous_11)
FN:77,(anonymous_12)
FNF:9
FNH:0
FNDA:0,(anonymous_4)
FNDA:0,(anonymous_5)
FNDA:0,(anonymous_6)
FNDA:0,(anonymous_7)
FNDA:0,(anonymous_8)
FNDA:0,(anonymous_9)
FNDA:0,(anonymous_10)
FNDA:0,(anonymous_11)
FNDA:0,(anonymous_12)
DA:1,0
DA:2,0
DA:3,0
DA:4,0
DA:38,0
DA:39,0
DA:42,0
DA:43,0
DA:47,0
DA:48,0
DA:52,0
DA:53,0
DA:57,0
DA:58,0
DA:62,0
DA:63,0
DA:67,0
DA:68,0
DA:72,0
DA:73,0
DA:77,0
DA:78,0
LF:22
LH:0
BRDA:63,0,0,0
BRDA:63,0,1,0
BRDA:39,1,0,0
BRDA:39,1,1,0
BRDA:39,2,0,0
BRDA:39,2,1,0
BRF:6
BRH:0
end_of_record
TN:
SF:src/seo-engine/seo-engine.module.ts
FNF:0
FNH:0
DA:1,0
DA:2,0
DA:3,0
DA:10,0
LF:4
LH:0
BRF:0
BRH:0
end_of_record
TN:
SF:src/seo-engine/seo-engine.service.ts
FN:20,(anonymous_1)
FN:59,(anonymous_2)
FN:66,(anonymous_3)
FN:82,(anonymous_4)
FN:90,(anonymous_5)
FN:101,(anonymous_6)
FN:112,(anonymous_7)
FN:114,(anonymous_8)
FN:116,(anonymous_9)
FN:117,(anonymous_10)
FN:126,(anonymous_11)
FN:129,(anonymous_12)
FN:132,(anonymous_13)
FN:133,(anonymous_14)
FN:162,(anonymous_15)
FN:167,(anonymous_16)
FN:170,(anonymous_17)
FN:171,(anonymous_18)
FN:223,(anonymous_19)
FN:227,(anonymous_20)
FN:229,(anonymous_21)
FN:233,(anonymous_22)
FN:237,(anonymous_23)
FN:238,(anonymous_24)
FN:239,(anonymous_25)
FN:246,(anonymous_26)
FN:299,(anonymous_27)
FN:357,(anonymous_28)
FN:361,(anonymous_29)
FN:362,(anonymous_30)
FN:363,(anonymous_31)
FN:367,(anonymous_32)
FN:374,(anonymous_33)
FN:380,(anonymous_34)
FNF:34
FNH:0
FNDA:0,(anonymous_1)
FNDA:0,(anonymous_2)
FNDA:0,(anonymous_3)
FNDA:0,(anonymous_4)
FNDA:0,(anonymous_5)
FNDA:0,(anonymous_6)
FNDA:0,(anonymous_7)
FNDA:0,(anonymous_8)
FNDA:0,(anonymous_9)
FNDA:0,(anonymous_10)
FNDA:0,(anonymous_11)
FNDA:0,(anonymous_12)
FNDA:0,(anonymous_13)
FNDA:0,(anonymous_14)
FNDA:0,(anonymous_15)
FNDA:0,(anonymous_16)
FNDA:0,(anonymous_17)
FNDA:0,(anonymous_18)
FNDA:0,(anonymous_19)
FNDA:0,(anonymous_20)
FNDA:0,(anonymous_21)
FNDA:0,(anonymous_22)
FNDA:0,(anonymous_23)
FNDA:0,(anonymous_24)
FNDA:0,(anonymous_25)
FNDA:0,(anonymous_26)
FNDA:0,(anonymous_27)
FNDA:0,(anonymous_28)
FNDA:0,(anonymous_29)
FNDA:0,(anonymous_30)
FNDA:0,(anonymous_31)
FNDA:0,(anonymous_32)
FNDA:0,(anonymous_33)
FNDA:0,(anonymous_34)
DA:1,0
DA:12,0
DA:15,0
DA:16,0
DA:37,0
DA:39,0
DA:62,0
DA:63,0
DA:64,0
DA:65,0
DA:66,0
DA:69,0
DA:90,0
DA:97,0
DA:102,0
DA:107,0
DA:113,0
DA:115,0
DA:116,0
DA:117,0
DA:118,0
DA:119,0
DA:120,0
DA:121,0
DA:127,0
DA:128,0
DA:130,0
DA:132,0
DA:133,0
DA:134,0
DA:139,0
DA:140,0
DA:141,0
DA:142,0
DA:144,0
DA:145,0
DA:147,0
DA:148,0
DA:150,0
DA:151,0
DA:153,0
DA:154,0
DA:156,0
DA:157,0
DA:160,0
DA:162,0
DA:168,0
DA:170,0
DA:171,0
DA:174,0
DA:175,0
DA:176,0
DA:179,0
DA:189,0
DA:197,0
DA:215,0
DA:216,0
DA:217,0
DA:220,0
DA:224,0
DA:228,0
DA:229,0
DA:230,0
DA:233,0
DA:237,0
DA:238,0
DA:239,0
DA:247,0
DA:248,0
DA:250,0
DA:251,0
DA:259,0
DA:260,0
DA:269,0
DA:270,0
DA:279,0
DA:280,0
DA:281,0
DA:288,0
DA:289,0
DA:299,0
DA:300,0
DA:301,0
DA:309,0
DA:310,0
DA:318,0
DA:319,0
DA:326,0
DA:327,0
DA:335,0
DA:336,0
DA:344,0
DA:345,0
DA:354,0
DA:361,0
DA:362,0
DA:363,0
DA:364,0
DA:368,0
DA:369,0
DA:370,0
DA:371,0
DA:372,0
DA:374,0
DA:376,0
DA:381,0
DA:382,0
DA:384,0
LF:108
LH:0
BRDA:33,0,0,0
BRDA:34,1,0,0
BRDA:35,2,0,0
BRDA:36,3,0,0
BRDA:43,4,0,0
BRDA:43,4,1,0
BRDA:49,5,0,0
BRDA:49,5,1,0
BRDA:64,6,0,0
BRDA:64,6,1,0
BRDA:65,7,0,0
BRDA:65,7,1,0
BRDA:93,8,0,0
BRDA:93,8,1,0
BRDA:94,9,0,0
BRDA:94,9,1,0
BRDA:118,10,0,0
BRDA:118,10,1,0
BRDA:120,11,0,0
BRDA:120,11,1,0
BRDA:133,12,0,0
BRDA:133,12,1,0
BRDA:142,13,0,0
BRDA:142,13,1,0
BRDA:142,13,2,0
BRDA:142,13,3,0
BRDA:142,13,4,0
BRDA:179,14,0,0
BRDA:179,14,1,0
BRDA:181,15,0,0
BRDA:181,15,1,0
BRDA:183,16,0,0
BRDA:183,16,1,0
BRDA:185,17,0,0
BRDA:185,17,1,0
BRDA:216,18,0,0
BRDA:216,18,1,0
BRDA:232,19,0,0
BRDA:232,19,1,0
BRDA:250,20,0,0
BRDA:250,20,1,0
BRDA:250,21,0,0
BRDA:250,21,1,0
BRDA:259,22,0,0
BRDA:259,22,1,0
BRDA:269,23,0,0
BRDA:269,23,1,0
BRDA:280,24,0,0
BRDA:280,24,1,0
BRDA:288,25,0,0
BRDA:288,25,1,0
BRDA:300,26,0,0
BRDA:300,26,1,0
BRDA:309,27,0,0
BRDA:309,27,1,0
BRDA:318,28,0,0
BRDA:318,28,1,0
BRDA:326,29,0,0
BRDA:326,29,1,0
BRDA:335,30,0,0
BRDA:335,30,1,0
BRDA:344,31,0,0
BRDA:344,31,1,0
BRDA:370,32,0,0
BRDA:370,32,1,0
BRDA:371,33,0,0
BRDA:371,33,1,0
BRDA:382,34,0,0
BRDA:382,34,1,0
BRF:69
BRH:0
end_of_record
